This file contains any messages produced by compilers while
running configure, to aid debugging if configure makes a mistake.

It was created by SST Elements Library configure 7.1.0, which was
generated by GNU Autoconf 2.69.  Invocation command line was

  $ ./configure --prefix=/home/karamati/local/sstelements-7.1.0 --with-sst-core=/home/karamati/local/sstcore-7.1.0

## --------- ##
## Platform. ##
## --------- ##

hostname = simpl-rhel70-580-1.u.labs.hpecorp.net
uname -m = x86_64
uname -r = 3.10.0-514.el7.x86_64
uname -s = Linux
uname -v = #1 SMP Wed Oct 19 11:24:13 EDT 2016

/usr/bin/uname -p = x86_64
/bin/uname -X     = unknown

/bin/arch              = x86_64
/usr/bin/arch -k       = unknown
/usr/convex/getsysinfo = unknown
/usr/bin/hostinfo      = unknown
/bin/machine           = unknown
/usr/bin/oslevel       = unknown
/bin/universe          = unknown

PATH: /home/karamati/local/sstcore-7.1.0/bin
PATH: /home/karamati/local/packages/OpenMPI-1.8.8/bin
PATH: /home/karamati/local/sstelements-7.1.0/bin
PATH: /home/karamati/local/sstcore-7.1.0/bin
PATH: /usr/local/bin
PATH: /usr/bin
PATH: /usr/local/sbin
PATH: /usr/sbin
PATH: /home/karamati/.local/bin
PATH: /home/karamati/bin


## ----------- ##
## Core tests. ##
## ----------- ##

configure:2775: checking for a BSD-compatible install
configure:2843: result: /usr/bin/install -c
configure:2854: checking whether build environment is sane
configure:2909: result: yes
configure:3060: checking for a thread-safe mkdir -p
configure:3099: result: /usr/bin/mkdir -p
configure:3106: checking for gawk
configure:3122: found /usr/bin/gawk
configure:3133: result: gawk
configure:3144: checking whether make sets $(MAKE)
configure:3166: result: yes
configure:3195: checking whether make supports nested variables
configure:3212: result: yes
configure:3282: checking how to create a pax tar archive
configure:3293: tar --version
tar (GNU tar) 1.26
Copyright (C) 2011 Free Software Foundation, Inc.
License GPLv3+: GNU GPL version 3 or later <http://gnu.org/licenses/gpl.html>.
This is free software: you are free to change and redistribute it.
There is NO WARRANTY, to the extent permitted by law.

Written by John Gilmore and Jay Fenlason.
configure:3296: $? = 0
configure:3336: tardir=conftest.dir && eval tar --format=posix -chf - "$tardir" >conftest.tar
configure:3339: $? = 0
configure:3343: tar -xf - <conftest.tar
configure:3346: $? = 0
configure:3348: cat conftest.dir/file
GrepMe
configure:3351: $? = 0
configure:3364: result: gnutar
configure:3385: checking whether make supports nested variables
configure:3402: result: yes
configure:3501: checking for gcc
configure:3517: found /usr/bin/gcc
configure:3528: result: gcc
configure:3757: checking for C compiler version
configure:3766: gcc --version >&5
gcc (GCC) 4.8.5 20150623 (Red Hat 4.8.5-11)
Copyright (C) 2015 Free Software Foundation, Inc.
This is free software; see the source for copying conditions.  There is NO
warranty; not even for MERCHANTABILITY or FITNESS FOR A PARTICULAR PURPOSE.

configure:3777: $? = 0
configure:3766: gcc -v >&5
Using built-in specs.
COLLECT_GCC=gcc
COLLECT_LTO_WRAPPER=/usr/libexec/gcc/x86_64-redhat-linux/4.8.5/lto-wrapper
Target: x86_64-redhat-linux
Configured with: ../configure --prefix=/usr --mandir=/usr/share/man --infodir=/usr/share/info --with-bugurl=http://bugzilla.redhat.com/bugzilla --enable-bootstrap --enable-shared --enable-threads=posix --enable-checking=release --with-system-zlib --enable-__cxa_atexit --disable-libunwind-exceptions --enable-gnu-unique-object --enable-linker-build-id --with-linker-hash-style=gnu --enable-languages=c,c++,objc,obj-c++,java,fortran,ada,go,lto --enable-plugin --enable-initfini-array --disable-libgcj --with-isl=/builddir/build/BUILD/gcc-4.8.5-20150702/obj-x86_64-redhat-linux/isl-install --with-cloog=/builddir/build/BUILD/gcc-4.8.5-20150702/obj-x86_64-redhat-linux/cloog-install --enable-gnu-indirect-function --with-tune=generic --with-arch_32=x86-64 --build=x86_64-redhat-linux
Thread model: posix
gcc version 4.8.5 20150623 (Red Hat 4.8.5-11) (GCC) 
configure:3777: $? = 0
configure:3766: gcc -V >&5
gcc: error: unrecognized command line option '-V'
gcc: fatal error: no input files
compilation terminated.
configure:3777: $? = 4
configure:3766: gcc -qversion >&5
gcc: error: unrecognized command line option '-qversion'
gcc: fatal error: no input files
compilation terminated.
configure:3777: $? = 4
configure:3797: checking whether the C compiler works
configure:3819: gcc    conftest.c  >&5
configure:3823: $? = 0
configure:3871: result: yes
configure:3874: checking for C compiler default output file name
configure:3876: result: a.out
configure:3882: checking for suffix of executables
configure:3889: gcc -o conftest    conftest.c  >&5
configure:3893: $? = 0
configure:3915: result: 
configure:3937: checking whether we are cross compiling
configure:3945: gcc -o conftest    conftest.c  >&5
configure:3949: $? = 0
configure:3956: ./conftest
configure:3960: $? = 0
configure:3975: result: no
configure:3980: checking for suffix of object files
configure:4002: gcc -c   conftest.c >&5
configure:4006: $? = 0
configure:4027: result: o
configure:4031: checking whether we are using the GNU C compiler
configure:4050: gcc -c   conftest.c >&5
configure:4050: $? = 0
configure:4059: result: yes
configure:4068: checking whether gcc accepts -g
configure:4088: gcc -c -g  conftest.c >&5
configure:4088: $? = 0
configure:4129: result: yes
configure:4146: checking for gcc option to accept ISO C89
configure:4209: gcc  -c -g -O2  conftest.c >&5
configure:4209: $? = 0
configure:4222: result: none needed
configure:4253: checking for style of include used by make
configure:4281: result: GNU
configure:4307: checking dependency style of gcc
configure:4418: result: gcc3
configure:4434: checking whether gcc and cc understand -c and -o together
configure:4465: gcc -c conftest.c -o conftest2.o >&5
configure:4469: $? = 0
configure:4475: gcc -c conftest.c -o conftest2.o >&5
configure:4479: $? = 0
configure:4490: cc -c conftest.c >&5
configure:4494: $? = 0
configure:4502: cc -c conftest.c -o conftest2.o >&5
configure:4506: $? = 0
configure:4512: cc -c conftest.c -o conftest2.o >&5
configure:4516: $? = 0
configure:4534: result: yes
configure:4559: checking for gcc option to accept ISO C99
configure:4708: gcc  -c -g -O2  conftest.c >&5
conftest.c:59:29: error: expected ';', ',' or ')' before 'text'
 test_restrict (ccp restrict text)
                             ^
conftest.c: In function 'main':
conftest.c:113:18: error: expected '=', ',', ';', 'asm' or '__attribute__' before 'newvar'
   char *restrict newvar = "Another string";
                  ^
conftest.c:113:18: error: 'newvar' undeclared (first use in this function)
conftest.c:113:18: note: each undeclared identifier is reported only once for each function it appears in
conftest.c:123:3: error: 'for' loop initial declarations are only allowed in C99 mode
   for (int i = 0; i < ia->datasize; ++i)
   ^
conftest.c:123:3: note: use option -std=c99 or -std=gnu99 to compile your code
configure:4708: $? = 1
configure: failed program was:
| /* confdefs.h */
| #define PACKAGE_NAME "SST Elements Library"
| #define PACKAGE_TARNAME "sst-elements-library"
| #define PACKAGE_VERSION "7.1.0"
| #define PACKAGE_STRING "SST Elements Library 7.1.0"
| #define PACKAGE_BUGREPORT "sst@sandia.gov"
| #define PACKAGE_URL ""
| /* end confdefs.h.  */
| #include <stdarg.h>
| #include <stdbool.h>
| #include <stdlib.h>
| #include <wchar.h>
| #include <stdio.h>
| 
| // Check varargs macros.  These examples are taken from C99 6.10.3.5.
| #define debug(...) fprintf (stderr, __VA_ARGS__)
| #define showlist(...) puts (#__VA_ARGS__)
| #define report(test,...) ((test) ? puts (#test) : printf (__VA_ARGS__))
| static void
| test_varargs_macros (void)
| {
|   int x = 1234;
|   int y = 5678;
|   debug ("Flag");
|   debug ("X = %d\n", x);
|   showlist (The first, second, and third items.);
|   report (x>y, "x is %d but y is %d", x, y);
| }
| 
| // Check long long types.
| #define BIG64 18446744073709551615ull
| #define BIG32 4294967295ul
| #define BIG_OK (BIG64 / BIG32 == 4294967297ull && BIG64 % BIG32 == 0)
| #if !BIG_OK
|   your preprocessor is broken;
| #endif
| #if BIG_OK
| #else
|   your preprocessor is broken;
| #endif
| static long long int bignum = -9223372036854775807LL;
| static unsigned long long int ubignum = BIG64;
| 
| struct incomplete_array
| {
|   int datasize;
|   double data[];
| };
| 
| struct named_init {
|   int number;
|   const wchar_t *name;
|   double average;
| };
| 
| typedef const char *ccp;
| 
| static inline int
| test_restrict (ccp restrict text)
| {
|   // See if C++-style comments work.
|   // Iterate through items via the restricted pointer.
|   // Also check for declarations in for loops.
|   for (unsigned int i = 0; *(text+i) != '\0'; ++i)
|     continue;
|   return 0;
| }
| 
| // Check varargs and va_copy.
| static void
| test_varargs (const char *format, ...)
| {
|   va_list args;
|   va_start (args, format);
|   va_list args_copy;
|   va_copy (args_copy, args);
| 
|   const char *str;
|   int number;
|   float fnumber;
| 
|   while (*format)
|     {
|       switch (*format++)
| 	{
| 	case 's': // string
| 	  str = va_arg (args_copy, const char *);
| 	  break;
| 	case 'd': // int
| 	  number = va_arg (args_copy, int);
| 	  break;
| 	case 'f': // float
| 	  fnumber = va_arg (args_copy, double);
| 	  break;
| 	default:
| 	  break;
| 	}
|     }
|   va_end (args_copy);
|   va_end (args);
| }
| 
| int
| main ()
| {
| 
|   // Check bool.
|   _Bool success = false;
| 
|   // Check restrict.
|   if (test_restrict ("String literal") == 0)
|     success = true;
|   char *restrict newvar = "Another string";
| 
|   // Check varargs.
|   test_varargs ("s, d' f .", "string", 65, 34.234);
|   test_varargs_macros ();
| 
|   // Check flexible array members.
|   struct incomplete_array *ia =
|     malloc (sizeof (struct incomplete_array) + (sizeof (double) * 10));
|   ia->datasize = 10;
|   for (int i = 0; i < ia->datasize; ++i)
|     ia->data[i] = i * 1.234;
| 
|   // Check named initializers.
|   struct named_init ni = {
|     .number = 34,
|     .name = L"Test wide string",
|     .average = 543.34343,
|   };
| 
|   ni.number = 58;
| 
|   int dynamic_array[ni.number];
|   dynamic_array[ni.number - 1] = 543;
| 
|   // work around unused variable warnings
|   return (!success || bignum == 0LL || ubignum == 0uLL || newvar[0] == 'x'
| 	  || dynamic_array[ni.number - 1] != 543);
| 
|   ;
|   return 0;
| }
configure:4708: gcc -std=gnu99 -c -g -O2  conftest.c >&5
configure:4708: $? = 0
configure:4728: result: -std=gnu99
configure:4737: checking for inline
configure:4753: gcc -std=gnu99 -c -g -O2  conftest.c >&5
configure:4753: $? = 0
configure:4761: result: inline
configure:4779: checking whether make sets $(MAKE)
configure:4801: result: yes
configure:4869: checking for g++
configure:4885: found /usr/bin/g++
configure:4896: result: g++
configure:4923: checking for C++ compiler version
configure:4932: g++ --version >&5
g++ (GCC) 4.8.5 20150623 (Red Hat 4.8.5-11)
Copyright (C) 2015 Free Software Foundation, Inc.
This is free software; see the source for copying conditions.  There is NO
warranty; not even for MERCHANTABILITY or FITNESS FOR A PARTICULAR PURPOSE.

configure:4943: $? = 0
configure:4932: g++ -v >&5
Using built-in specs.
COLLECT_GCC=g++
COLLECT_LTO_WRAPPER=/usr/libexec/gcc/x86_64-redhat-linux/4.8.5/lto-wrapper
Target: x86_64-redhat-linux
Configured with: ../configure --prefix=/usr --mandir=/usr/share/man --infodir=/usr/share/info --with-bugurl=http://bugzilla.redhat.com/bugzilla --enable-bootstrap --enable-shared --enable-threads=posix --enable-checking=release --with-system-zlib --enable-__cxa_atexit --disable-libunwind-exceptions --enable-gnu-unique-object --enable-linker-build-id --with-linker-hash-style=gnu --enable-languages=c,c++,objc,obj-c++,java,fortran,ada,go,lto --enable-plugin --enable-initfini-array --disable-libgcj --with-isl=/builddir/build/BUILD/gcc-4.8.5-20150702/obj-x86_64-redhat-linux/isl-install --with-cloog=/builddir/build/BUILD/gcc-4.8.5-20150702/obj-x86_64-redhat-linux/cloog-install --enable-gnu-indirect-function --with-tune=generic --with-arch_32=x86-64 --build=x86_64-redhat-linux
Thread model: posix
gcc version 4.8.5 20150623 (Red Hat 4.8.5-11) (GCC) 
configure:4943: $? = 0
configure:4932: g++ -V >&5
g++: error: unrecognized command line option '-V'
g++: fatal error: no input files
compilation terminated.
configure:4943: $? = 4
configure:4932: g++ -qversion >&5
g++: error: unrecognized command line option '-qversion'
g++: fatal error: no input files
compilation terminated.
configure:4943: $? = 4
configure:4947: checking whether we are using the GNU C++ compiler
configure:4966: g++ -c   conftest.cpp >&5
configure:4966: $? = 0
configure:4975: result: yes
configure:4984: checking whether g++ accepts -g
configure:5004: g++ -c -g  conftest.cpp >&5
configure:5004: $? = 0
configure:5045: result: yes
configure:5070: checking dependency style of g++
configure:5181: result: gcc3
configure:5287: checking how to run the C preprocessor
configure:5318: gcc -std=gnu99 -E  conftest.c
configure:5318: $? = 0
configure:5332: gcc -std=gnu99 -E  conftest.c
conftest.c:9:28: fatal error: ac_nonexistent.h: No such file or directory
 #include <ac_nonexistent.h>
                            ^
compilation terminated.
configure:5332: $? = 1
configure: failed program was:
| /* confdefs.h */
| #define PACKAGE_NAME "SST Elements Library"
| #define PACKAGE_TARNAME "sst-elements-library"
| #define PACKAGE_VERSION "7.1.0"
| #define PACKAGE_STRING "SST Elements Library 7.1.0"
| #define PACKAGE_BUGREPORT "sst@sandia.gov"
| #define PACKAGE_URL ""
| /* end confdefs.h.  */
| #include <ac_nonexistent.h>
configure:5357: result: gcc -std=gnu99 -E
configure:5377: gcc -std=gnu99 -E  conftest.c
configure:5377: $? = 0
configure:5391: gcc -std=gnu99 -E  conftest.c
conftest.c:9:28: fatal error: ac_nonexistent.h: No such file or directory
 #include <ac_nonexistent.h>
                            ^
compilation terminated.
configure:5391: $? = 1
configure: failed program was:
| /* confdefs.h */
| #define PACKAGE_NAME "SST Elements Library"
| #define PACKAGE_TARNAME "sst-elements-library"
| #define PACKAGE_VERSION "7.1.0"
| #define PACKAGE_STRING "SST Elements Library 7.1.0"
| #define PACKAGE_BUGREPORT "sst@sandia.gov"
| #define PACKAGE_URL ""
| /* end confdefs.h.  */
| #include <ac_nonexistent.h>
configure:5423: checking build system type
configure:5437: result: x86_64-unknown-linux-gnu
configure:5457: checking host system type
configure:5470: result: x86_64-unknown-linux-gnu
configure:5576: checking whether time.h and sys/time.h may both be included
configure:5596: gcc -std=gnu99 -c -g -O2  conftest.c >&5
configure:5596: $? = 0
configure:5603: result: yes
configure:5665: checking how to print strings
configure:5692: result: printf
configure:5713: checking for a sed that does not truncate output
configure:5777: result: /usr/bin/sed
configure:5795: checking for grep that handles long lines and -e
configure:5853: result: /usr/bin/grep
configure:5858: checking for egrep
configure:5920: result: /usr/bin/grep -E
configure:5925: checking for fgrep
configure:5987: result: /usr/bin/grep -F
configure:6022: checking for ld used by gcc -std=gnu99
configure:6089: result: /usr/bin/ld
configure:6096: checking if the linker (/usr/bin/ld) is GNU ld
configure:6111: result: yes
configure:6123: checking for BSD- or MS-compatible name lister (nm)
configure:6172: result: /usr/bin/nm -B
configure:6302: checking the name lister (/usr/bin/nm -B) interface
configure:6309: gcc -std=gnu99 -c -g -O2  conftest.c >&5
configure:6312: /usr/bin/nm -B "conftest.o"
configure:6315: output
0000000000000000 B some_variable
configure:6322: result: BSD nm
configure:6325: checking whether ln -s works
configure:6329: result: yes
configure:6337: checking the maximum length of command line arguments
configure:6467: result: 1572864
configure:6484: checking whether the shell understands some XSI constructs
configure:6494: result: yes
configure:6498: checking whether the shell understands "+="
configure:6504: result: yes
configure:6539: checking how to convert x86_64-unknown-linux-gnu file names to x86_64-unknown-linux-gnu format
configure:6579: result: func_convert_file_noop
configure:6586: checking how to convert x86_64-unknown-linux-gnu file names to toolchain format
configure:6606: result: func_convert_file_noop
configure:6613: checking for /usr/bin/ld option to reload object files
configure:6620: result: -r
configure:6694: checking for objdump
configure:6710: found /usr/bin/objdump
configure:6721: result: objdump
configure:6753: checking how to recognize dependent libraries
configure:6955: result: pass_all
configure:7040: checking for dlltool
configure:7070: result: no
configure:7100: checking how to associate runtime and link libraries
configure:7127: result: printf %s\n
configure:7187: checking for ar
configure:7203: found /usr/bin/ar
configure:7214: result: ar
configure:7251: checking for archiver @FILE support
configure:7268: gcc -std=gnu99 -c -g -O2  conftest.c >&5
configure:7268: $? = 0
configure:7271: ar cru libconftest.a @conftest.lst >&5
configure:7274: $? = 0
configure:7279: ar cru libconftest.a @conftest.lst >&5
ar: conftest.o: No such file or directory
configure:7282: $? = 1
configure:7294: result: @
configure:7352: checking for strip
configure:7368: found /usr/bin/strip
configure:7379: result: strip
configure:7451: checking for ranlib
configure:7467: found /usr/bin/ranlib
configure:7478: result: ranlib
configure:7580: checking command to parse /usr/bin/nm -B output from gcc -std=gnu99 object
configure:7700: gcc -std=gnu99 -c -g -O2  conftest.c >&5
configure:7703: $? = 0
configure:7707: /usr/bin/nm -B conftest.o \| sed -n -e 's/^.*[ ]\([ABCDGIRSTW][ABCDGIRSTW]*\)[ ][ ]*\([_A-Za-z][_A-Za-z0-9]*\)$/\1 \2 \2/p' | sed '/ __gnu_lto/d' \> conftest.nm
configure:7710: $? = 0
configure:7776: gcc -std=gnu99 -o conftest -g -O2   conftest.c conftstm.o >&5
configure:7779: $? = 0
configure:7817: result: ok
configure:7854: checking for sysroot
configure:7884: result: no
configure:7961: gcc -std=gnu99 -c -g -O2  conftest.c >&5
configure:7964: $? = 0
configure:8140: checking for mt
configure:8170: result: no
configure:8190: checking if : is a manifest tool
configure:8196: : '-?'
configure:8204: result: no
configure:8842: checking for ANSI C header files
configure:8862: gcc -std=gnu99 -c -g -O2  conftest.c >&5
configure:8862: $? = 0
configure:8935: gcc -std=gnu99 -o conftest -g -O2   conftest.c  >&5
configure:8935: $? = 0
configure:8935: ./conftest
configure:8935: $? = 0
configure:8946: result: yes
configure:8959: checking for sys/types.h
configure:8959: gcc -std=gnu99 -c -g -O2  conftest.c >&5
configure:8959: $? = 0
configure:8959: result: yes
configure:8959: checking for sys/stat.h
configure:8959: gcc -std=gnu99 -c -g -O2  conftest.c >&5
configure:8959: $? = 0
configure:8959: result: yes
configure:8959: checking for stdlib.h
configure:8959: gcc -std=gnu99 -c -g -O2  conftest.c >&5
configure:8959: $? = 0
configure:8959: result: yes
configure:8959: checking for string.h
configure:8959: gcc -std=gnu99 -c -g -O2  conftest.c >&5
configure:8959: $? = 0
configure:8959: result: yes
configure:8959: checking for memory.h
configure:8959: gcc -std=gnu99 -c -g -O2  conftest.c >&5
configure:8959: $? = 0
configure:8959: result: yes
configure:8959: checking for strings.h
configure:8959: gcc -std=gnu99 -c -g -O2  conftest.c >&5
configure:8959: $? = 0
configure:8959: result: yes
configure:8959: checking for inttypes.h
configure:8959: gcc -std=gnu99 -c -g -O2  conftest.c >&5
configure:8959: $? = 0
configure:8959: result: yes
configure:8959: checking for stdint.h
configure:8959: gcc -std=gnu99 -c -g -O2  conftest.c >&5
configure:8959: $? = 0
configure:8959: result: yes
configure:8959: checking for unistd.h
configure:8959: gcc -std=gnu99 -c -g -O2  conftest.c >&5
configure:8959: $? = 0
configure:8959: result: yes
configure:8973: checking for dlfcn.h
configure:8973: gcc -std=gnu99 -c -g -O2  conftest.c >&5
configure:8973: $? = 0
configure:8973: result: yes
configure:9187: checking for objdir
configure:9202: result: .libs
configure:9473: checking if gcc -std=gnu99 supports -fno-rtti -fno-exceptions
configure:9491: gcc -std=gnu99 -c -g -O2  -fno-rtti -fno-exceptions conftest.c >&5
cc1: warning: command line option '-fno-rtti' is valid for C++/ObjC++ but not for C [enabled by default]
configure:9495: $? = 0
configure:9508: result: no
configure:9835: checking for gcc -std=gnu99 option to produce PIC
configure:9842: result: -fPIC -DPIC
configure:9850: checking if gcc -std=gnu99 PIC flag -fPIC -DPIC works
configure:9868: gcc -std=gnu99 -c -g -O2  -fPIC -DPIC -DPIC conftest.c >&5
configure:9872: $? = 0
configure:9885: result: yes
configure:9914: checking if gcc -std=gnu99 static flag -static works
configure:9942: result: no
configure:9957: checking if gcc -std=gnu99 supports -c -o file.o
configure:9978: gcc -std=gnu99 -c -g -O2  -o out/conftest2.o conftest.c >&5
configure:9982: $? = 0
configure:10004: result: yes
configure:10012: checking if gcc -std=gnu99 supports -c -o file.o
configure:10059: result: yes
configure:10092: checking whether the gcc -std=gnu99 linker (/usr/bin/ld -m elf_x86_64) supports shared libraries
configure:11245: result: yes
configure:11282: checking whether -lc should be explicitly linked in
configure:11290: gcc -std=gnu99 -c -g -O2  conftest.c >&5
configure:11293: $? = 0
configure:11308: gcc -std=gnu99 -shared  -fPIC -DPIC conftest.o  -v -Wl,-soname -Wl,conftest -o conftest 2\>\&1 \| /usr/bin/grep  -lc  \>/dev/null 2\>\&1
configure:11311: $? = 0
configure:11325: result: no
configure:11485: checking dynamic linker characteristics
configure:11996: gcc -std=gnu99 -o conftest -g -O2   -Wl,-rpath -Wl,/foo conftest.c  >&5
configure:11996: $? = 0
configure:12222: result: GNU/Linux ld.so
configure:12329: checking how to hardcode library paths into programs
configure:12354: result: immediate
configure:12448: checking for shl_load
configure:12448: gcc -std=gnu99 -o conftest -g -O2   conftest.c  >&5
/tmp/ccIR4pIc.o: In function `main':
/home/karamati/scratch/src/sst-elements-library-7.1.0/conftest.c:56: undefined reference to `shl_load'
collect2: error: ld returned 1 exit status
configure:12448: $? = 1
configure: failed program was:
| /* confdefs.h */
| #define PACKAGE_NAME "SST Elements Library"
| #define PACKAGE_TARNAME "sst-elements-library"
| #define PACKAGE_VERSION "7.1.0"
| #define PACKAGE_STRING "SST Elements Library 7.1.0"
| #define PACKAGE_BUGREPORT "sst@sandia.gov"
| #define PACKAGE_URL ""
| #define TIME_WITH_SYS_TIME 1
| #define STDC_HEADERS 1
| #define HAVE_SYS_TYPES_H 1
| #define HAVE_SYS_STAT_H 1
| #define HAVE_STDLIB_H 1
| #define HAVE_STRING_H 1
| #define HAVE_MEMORY_H 1
| #define HAVE_STRINGS_H 1
| #define HAVE_INTTYPES_H 1
| #define HAVE_STDINT_H 1
| #define HAVE_UNISTD_H 1
| #define HAVE_DLFCN_H 1
| #define LT_OBJDIR ".libs/"
| /* end confdefs.h.  */
| /* Define shl_load to an innocuous variant, in case <limits.h> declares shl_load.
|    For example, HP-UX 11i <limits.h> declares gettimeofday.  */
| #define shl_load innocuous_shl_load
| 
| /* System header to define __stub macros and hopefully few prototypes,
|     which can conflict with char shl_load (); below.
|     Prefer <limits.h> to <assert.h> if __STDC__ is defined, since
|     <limits.h> exists even on freestanding compilers.  */
| 
| #ifdef __STDC__
| # include <limits.h>
| #else
| # include <assert.h>
| #endif
| 
| #undef shl_load
| 
| /* Override any GCC internal prototype to avoid an error.
|    Use char because int might match the return type of a GCC
|    builtin and then its argument prototype would still apply.  */
| #ifdef __cplusplus
| extern "C"
| #endif
| char shl_load ();
| /* The GNU C library defines this for functions which it implements
|     to always fail with ENOSYS.  Some functions are actually named
|     something starting with __ and the normal name is an alias.  */
| #if defined __stub_shl_load || defined __stub___shl_load
| choke me
| #endif
| 
| int
| main ()
| {
| return shl_load ();
|   ;
|   return 0;
| }
configure:12448: result: no
configure:12452: checking for shl_load in -ldld
configure:12477: gcc -std=gnu99 -o conftest -g -O2   conftest.c -ldld   >&5
/usr/bin/ld: cannot find -ldld
collect2: error: ld returned 1 exit status
configure:12477: $? = 1
configure: failed program was:
| /* confdefs.h */
| #define PACKAGE_NAME "SST Elements Library"
| #define PACKAGE_TARNAME "sst-elements-library"
| #define PACKAGE_VERSION "7.1.0"
| #define PACKAGE_STRING "SST Elements Library 7.1.0"
| #define PACKAGE_BUGREPORT "sst@sandia.gov"
| #define PACKAGE_URL ""
| #define TIME_WITH_SYS_TIME 1
| #define STDC_HEADERS 1
| #define HAVE_SYS_TYPES_H 1
| #define HAVE_SYS_STAT_H 1
| #define HAVE_STDLIB_H 1
| #define HAVE_STRING_H 1
| #define HAVE_MEMORY_H 1
| #define HAVE_STRINGS_H 1
| #define HAVE_INTTYPES_H 1
| #define HAVE_STDINT_H 1
| #define HAVE_UNISTD_H 1
| #define HAVE_DLFCN_H 1
| #define LT_OBJDIR ".libs/"
| /* end confdefs.h.  */
| 
| /* Override any GCC internal prototype to avoid an error.
|    Use char because int might match the return type of a GCC
|    builtin and then its argument prototype would still apply.  */
| #ifdef __cplusplus
| extern "C"
| #endif
| char shl_load ();
| int
| main ()
| {
| return shl_load ();
|   ;
|   return 0;
| }
configure:12486: result: no
configure:12491: checking for dlopen
configure:12491: gcc -std=gnu99 -o conftest -g -O2   conftest.c  >&5
/tmp/cc4ybOHq.o: In function `main':
/home/karamati/scratch/src/sst-elements-library-7.1.0/conftest.c:56: undefined reference to `dlopen'
collect2: error: ld returned 1 exit status
configure:12491: $? = 1
configure: failed program was:
| /* confdefs.h */
| #define PACKAGE_NAME "SST Elements Library"
| #define PACKAGE_TARNAME "sst-elements-library"
| #define PACKAGE_VERSION "7.1.0"
| #define PACKAGE_STRING "SST Elements Library 7.1.0"
| #define PACKAGE_BUGREPORT "sst@sandia.gov"
| #define PACKAGE_URL ""
| #define TIME_WITH_SYS_TIME 1
| #define STDC_HEADERS 1
| #define HAVE_SYS_TYPES_H 1
| #define HAVE_SYS_STAT_H 1
| #define HAVE_STDLIB_H 1
| #define HAVE_STRING_H 1
| #define HAVE_MEMORY_H 1
| #define HAVE_STRINGS_H 1
| #define HAVE_INTTYPES_H 1
| #define HAVE_STDINT_H 1
| #define HAVE_UNISTD_H 1
| #define HAVE_DLFCN_H 1
| #define LT_OBJDIR ".libs/"
| /* end confdefs.h.  */
| /* Define dlopen to an innocuous variant, in case <limits.h> declares dlopen.
|    For example, HP-UX 11i <limits.h> declares gettimeofday.  */
| #define dlopen innocuous_dlopen
| 
| /* System header to define __stub macros and hopefully few prototypes,
|     which can conflict with char dlopen (); below.
|     Prefer <limits.h> to <assert.h> if __STDC__ is defined, since
|     <limits.h> exists even on freestanding compilers.  */
| 
| #ifdef __STDC__
| # include <limits.h>
| #else
| # include <assert.h>
| #endif
| 
| #undef dlopen
| 
| /* Override any GCC internal prototype to avoid an error.
|    Use char because int might match the return type of a GCC
|    builtin and then its argument prototype would still apply.  */
| #ifdef __cplusplus
| extern "C"
| #endif
| char dlopen ();
| /* The GNU C library defines this for functions which it implements
|     to always fail with ENOSYS.  Some functions are actually named
|     something starting with __ and the normal name is an alias.  */
| #if defined __stub_dlopen || defined __stub___dlopen
| choke me
| #endif
| 
| int
| main ()
| {
| return dlopen ();
|   ;
|   return 0;
| }
configure:12491: result: no
configure:12495: checking for dlopen in -ldl
configure:12520: gcc -std=gnu99 -o conftest -g -O2   conftest.c -ldl   >&5
configure:12520: $? = 0
configure:12529: result: yes
configure:12648: checking whether a program can dlopen itself
configure:12728: gcc -std=gnu99 -o conftest -g -O2  -DHAVE_DLFCN_H  -Wl,--export-dynamic conftest.c -ldl  >&5
configure:12731: $? = 0
configure:12749: result: yes
configure:12754: checking whether a statically linked program can dlopen itself
configure:12834: gcc -std=gnu99 -o conftest -g -O2  -DHAVE_DLFCN_H  -Wl,--export-dynamic  conftest.c -ldl  >&5
configure:12837: $? = 0
configure:12855: result: yes
configure:12894: checking whether stripping libraries is possible
configure:12899: result: yes
configure:12934: checking if libtool supports shared libraries
configure:12936: result: yes
configure:12939: checking whether to build shared libraries
configure:12960: result: yes
configure:12963: checking whether to build static libraries
configure:12967: result: no
configure:12990: checking how to run the C++ preprocessor
configure:13017: g++ -E  conftest.cpp
configure:13017: $? = 0
configure:13031: g++ -E  conftest.cpp
conftest.cpp:22:28: fatal error: ac_nonexistent.h: No such file or directory
 #include <ac_nonexistent.h>
                            ^
compilation terminated.
configure:13031: $? = 1
configure: failed program was:
| /* confdefs.h */
| #define PACKAGE_NAME "SST Elements Library"
| #define PACKAGE_TARNAME "sst-elements-library"
| #define PACKAGE_VERSION "7.1.0"
| #define PACKAGE_STRING "SST Elements Library 7.1.0"
| #define PACKAGE_BUGREPORT "sst@sandia.gov"
| #define PACKAGE_URL ""
| #define TIME_WITH_SYS_TIME 1
| #define STDC_HEADERS 1
| #define HAVE_SYS_TYPES_H 1
| #define HAVE_SYS_STAT_H 1
| #define HAVE_STDLIB_H 1
| #define HAVE_STRING_H 1
| #define HAVE_MEMORY_H 1
| #define HAVE_STRINGS_H 1
| #define HAVE_INTTYPES_H 1
| #define HAVE_STDINT_H 1
| #define HAVE_UNISTD_H 1
| #define HAVE_DLFCN_H 1
| #define LT_OBJDIR ".libs/"
| /* end confdefs.h.  */
| #include <ac_nonexistent.h>
configure:13056: result: g++ -E
configure:13076: g++ -E  conftest.cpp
configure:13076: $? = 0
configure:13090: g++ -E  conftest.cpp
conftest.cpp:22:28: fatal error: ac_nonexistent.h: No such file or directory
 #include <ac_nonexistent.h>
                            ^
compilation terminated.
configure:13090: $? = 1
configure: failed program was:
| /* confdefs.h */
| #define PACKAGE_NAME "SST Elements Library"
| #define PACKAGE_TARNAME "sst-elements-library"
| #define PACKAGE_VERSION "7.1.0"
| #define PACKAGE_STRING "SST Elements Library 7.1.0"
| #define PACKAGE_BUGREPORT "sst@sandia.gov"
| #define PACKAGE_URL ""
| #define TIME_WITH_SYS_TIME 1
| #define STDC_HEADERS 1
| #define HAVE_SYS_TYPES_H 1
| #define HAVE_SYS_STAT_H 1
| #define HAVE_STDLIB_H 1
| #define HAVE_STRING_H 1
| #define HAVE_MEMORY_H 1
| #define HAVE_STRINGS_H 1
| #define HAVE_INTTYPES_H 1
| #define HAVE_STDINT_H 1
| #define HAVE_UNISTD_H 1
| #define HAVE_DLFCN_H 1
| #define LT_OBJDIR ".libs/"
| /* end confdefs.h.  */
| #include <ac_nonexistent.h>
configure:13259: checking for ld used by g++
configure:13326: result: /usr/bin/ld -m elf_x86_64
configure:13333: checking if the linker (/usr/bin/ld -m elf_x86_64) is GNU ld
configure:13348: result: yes
configure:13403: checking whether the g++ linker (/usr/bin/ld -m elf_x86_64) supports shared libraries
configure:14408: result: yes
configure:14444: g++ -c -g -O2  conftest.cpp >&5
configure:14447: $? = 0
configure:14967: checking for g++ option to produce PIC
configure:14974: result: -fPIC -DPIC
configure:14982: checking if g++ PIC flag -fPIC -DPIC works
configure:15000: g++ -c -g -O2  -fPIC -DPIC -DPIC conftest.cpp >&5
configure:15004: $? = 0
configure:15017: result: yes
configure:15040: checking if g++ static flag -static works
configure:15068: result: no
configure:15080: checking if g++ supports -c -o file.o
configure:15101: g++ -c -g -O2  -o out/conftest2.o conftest.cpp >&5
configure:15105: $? = 0
configure:15127: result: yes
configure:15132: checking if g++ supports -c -o file.o
configure:15179: result: yes
configure:15209: checking whether the g++ linker (/usr/bin/ld -m elf_x86_64) supports shared libraries
configure:15245: result: yes
configure:15386: checking dynamic linker characteristics
configure:16057: result: GNU/Linux ld.so
configure:16110: checking how to hardcode library paths into programs
configure:16135: result: immediate
configure:16196: checking which extension is used for runtime loadable modules
configure:16208: result: .so
configure:16225: checking which variable specifies run-time module search path
configure:16232: result: LD_LIBRARY_PATH
configure:16242: checking for the default library search path
configure:16249: result: /lib64 /usr/lib64 /lib /usr/lib /usr/lib64/atlas /usr/lib64/mysql 
configure:16279: checking for library containing dlopen
configure:16310: gcc -std=gnu99 -o conftest -g -O2   conftest.c  >&5
/tmp/ccsKmDZE.o: In function `main':
/home/karamati/scratch/src/sst-elements-library-7.1.0/conftest.c:36: undefined reference to `dlopen'
collect2: error: ld returned 1 exit status
configure:16310: $? = 1
configure: failed program was:
| /* confdefs.h */
| #define PACKAGE_NAME "SST Elements Library"
| #define PACKAGE_TARNAME "sst-elements-library"
| #define PACKAGE_VERSION "7.1.0"
| #define PACKAGE_STRING "SST Elements Library 7.1.0"
| #define PACKAGE_BUGREPORT "sst@sandia.gov"
| #define PACKAGE_URL ""
| #define TIME_WITH_SYS_TIME 1
| #define STDC_HEADERS 1
| #define HAVE_SYS_TYPES_H 1
| #define HAVE_SYS_STAT_H 1
| #define HAVE_STDLIB_H 1
| #define HAVE_STRING_H 1
| #define HAVE_MEMORY_H 1
| #define HAVE_STRINGS_H 1
| #define HAVE_INTTYPES_H 1
| #define HAVE_STDINT_H 1
| #define HAVE_UNISTD_H 1
| #define HAVE_DLFCN_H 1
| #define LT_OBJDIR ".libs/"
| #define LT_MODULE_EXT ".so"
| #define LT_MODULE_PATH_VAR "LD_LIBRARY_PATH"
| #define LT_DLSEARCH_PATH "/lib64:/usr/lib64:/lib:/usr/lib:/usr/lib64/atlas:/usr/lib64/mysql"
| /* end confdefs.h.  */
| 
| /* Override any GCC internal prototype to avoid an error.
|    Use char because int might match the return type of a GCC
|    builtin and then its argument prototype would still apply.  */
| #ifdef __cplusplus
| extern "C"
| #endif
| char dlopen ();
| int
| main ()
| {
| return dlopen ();
|   ;
|   return 0;
| }
configure:16310: gcc -std=gnu99 -o conftest -g -O2   conftest.c -ldl   >&5
configure:16310: $? = 0
configure:16327: result: -ldl
configure:16417: checking for dlerror
configure:16417: gcc -std=gnu99 -o conftest -g -O2   conftest.c -ldl  -ldl >&5
configure:16417: $? = 0
configure:16417: result: yes
configure:16431: checking for shl_load
configure:16431: result: no
configure:16438: checking for shl_load in -ldld
configure:16472: result: no
configure:16518: checking for dld_link in -ldld
configure:16543: gcc -std=gnu99 -o conftest -g -O2   conftest.c -ldld  -ldl  >&5
/usr/bin/ld: cannot find -ldld
collect2: error: ld returned 1 exit status
configure:16543: $? = 1
configure: failed program was:
| /* confdefs.h */
| #define PACKAGE_NAME "SST Elements Library"
| #define PACKAGE_TARNAME "sst-elements-library"
| #define PACKAGE_VERSION "7.1.0"
| #define PACKAGE_STRING "SST Elements Library 7.1.0"
| #define PACKAGE_BUGREPORT "sst@sandia.gov"
| #define PACKAGE_URL ""
| #define TIME_WITH_SYS_TIME 1
| #define STDC_HEADERS 1
| #define HAVE_SYS_TYPES_H 1
| #define HAVE_SYS_STAT_H 1
| #define HAVE_STDLIB_H 1
| #define HAVE_STRING_H 1
| #define HAVE_MEMORY_H 1
| #define HAVE_STRINGS_H 1
| #define HAVE_INTTYPES_H 1
| #define HAVE_STDINT_H 1
| #define HAVE_UNISTD_H 1
| #define HAVE_DLFCN_H 1
| #define LT_OBJDIR ".libs/"
| #define LT_MODULE_EXT ".so"
| #define LT_MODULE_PATH_VAR "LD_LIBRARY_PATH"
| #define LT_DLSEARCH_PATH "/lib64:/usr/lib64:/lib:/usr/lib:/usr/lib64/atlas:/usr/lib64/mysql"
| #define HAVE_LIBDL 1
| #define HAVE_DLERROR 1
| /* end confdefs.h.  */
| 
| /* Override any GCC internal prototype to avoid an error.
|    Use char because int might match the return type of a GCC
|    builtin and then its argument prototype would still apply.  */
| #ifdef __cplusplus
| extern "C"
| #endif
| char dld_link ();
| int
| main ()
| {
| return dld_link ();
|   ;
|   return 0;
| }
configure:16552: result: no
configure:16586: checking for _ prefix in compiled symbols
configure:16596: gcc -std=gnu99 -c -g -O2  conftest.c >&5
configure:16599: $? = 0
configure:16603: /usr/bin/nm -B conftest.o \| sed -n -e 's/^.*[	 ]\([ABCDGIRSTW][ABCDGIRSTW]*\)[	 ][	 ]*\([_A-Za-z][_A-Za-z0-9]*\)$/\1 \2 \2/p' | sed '/ __gnu_lto/d' \> conftest.nm
configure:16606: $? = 0
configure:16628: result: no
configure:16752: checking whether deplibs are loaded by dlopen
configure:16846: result: yes
configure:16858: checking for argz.h
configure:16858: gcc -std=gnu99 -c -g -O2  conftest.c >&5
configure:16858: $? = 0
configure:16858: result: yes
configure:16870: checking for error_t
configure:16870: gcc -std=gnu99 -c -g -O2  conftest.c >&5
configure:16870: $? = 0
configure:16870: gcc -std=gnu99 -c -g -O2  conftest.c >&5
conftest.c: In function 'main':
conftest.c:36:22: error: expected expression before ')' token
 if (sizeof ((error_t)))
                      ^
configure:16870: $? = 1
configure: failed program was:
| /* confdefs.h */
| #define PACKAGE_NAME "SST Elements Library"
| #define PACKAGE_TARNAME "sst-elements-library"
| #define PACKAGE_VERSION "7.1.0"
| #define PACKAGE_STRING "SST Elements Library 7.1.0"
| #define PACKAGE_BUGREPORT "sst@sandia.gov"
| #define PACKAGE_URL ""
| #define TIME_WITH_SYS_TIME 1
| #define STDC_HEADERS 1
| #define HAVE_SYS_TYPES_H 1
| #define HAVE_SYS_STAT_H 1
| #define HAVE_STDLIB_H 1
| #define HAVE_STRING_H 1
| #define HAVE_MEMORY_H 1
| #define HAVE_STRINGS_H 1
| #define HAVE_INTTYPES_H 1
| #define HAVE_STDINT_H 1
| #define HAVE_UNISTD_H 1
| #define HAVE_DLFCN_H 1
| #define LT_OBJDIR ".libs/"
| #define LT_MODULE_EXT ".so"
| #define LT_MODULE_PATH_VAR "LD_LIBRARY_PATH"
| #define LT_DLSEARCH_PATH "/lib64:/usr/lib64:/lib:/usr/lib:/usr/lib64/atlas:/usr/lib64/mysql"
| #define HAVE_LIBDL 1
| #define HAVE_DLERROR 1
| #define HAVE_LIBDLLOADER 1
| #define HAVE_ARGZ_H 1
| /* end confdefs.h.  */
| #if defined(HAVE_ARGZ_H)
| #  include <argz.h>
| #endif
| 
| int
| main ()
| {
| if (sizeof ((error_t)))
| 	    return 0;
|   ;
|   return 0;
| }
configure:16870: result: yes
configure:16896: checking for argz_add
configure:16896: gcc -std=gnu99 -o conftest -g -O2   conftest.c -ldl  >&5
configure:16896: $? = 0
configure:16896: result: yes
configure:16896: checking for argz_append
configure:16896: gcc -std=gnu99 -o conftest -g -O2   conftest.c -ldl  >&5
configure:16896: $? = 0
configure:16896: result: yes
configure:16896: checking for argz_count
configure:16896: gcc -std=gnu99 -o conftest -g -O2   conftest.c -ldl  >&5
configure:16896: $? = 0
configure:16896: result: yes
configure:16896: checking for argz_create_sep
configure:16896: gcc -std=gnu99 -o conftest -g -O2   conftest.c -ldl  >&5
configure:16896: $? = 0
configure:16896: result: yes
configure:16896: checking for argz_insert
configure:16896: gcc -std=gnu99 -o conftest -g -O2   conftest.c -ldl  >&5
configure:16896: $? = 0
configure:16896: result: yes
configure:16896: checking for argz_next
configure:16896: gcc -std=gnu99 -o conftest -g -O2   conftest.c -ldl  >&5
configure:16896: $? = 0
configure:16896: result: yes
configure:16896: checking for argz_stringify
configure:16896: gcc -std=gnu99 -o conftest -g -O2   conftest.c -ldl  >&5
configure:16896: $? = 0
configure:16896: result: yes
configure:16912: checking if argz actually works
configure:16943: result: yes
configure:16960: checking whether libtool supports -dlopen/-dlpreopen
configure:16972: result: yes
configure:17001: checking for ltdl.h
configure:17001: gcc -std=gnu99 -c -g -O2  conftest.c >&5
conftest.c:74:18: fatal error: ltdl.h: No such file or directory
 #include <ltdl.h>
                  ^
compilation terminated.
configure:17001: $? = 1
configure: failed program was:
| /* confdefs.h */
| #define PACKAGE_NAME "SST Elements Library"
| #define PACKAGE_TARNAME "sst-elements-library"
| #define PACKAGE_VERSION "7.1.0"
| #define PACKAGE_STRING "SST Elements Library 7.1.0"
| #define PACKAGE_BUGREPORT "sst@sandia.gov"
| #define PACKAGE_URL ""
| #define TIME_WITH_SYS_TIME 1
| #define STDC_HEADERS 1
| #define HAVE_SYS_TYPES_H 1
| #define HAVE_SYS_STAT_H 1
| #define HAVE_STDLIB_H 1
| #define HAVE_STRING_H 1
| #define HAVE_MEMORY_H 1
| #define HAVE_STRINGS_H 1
| #define HAVE_INTTYPES_H 1
| #define HAVE_STDINT_H 1
| #define HAVE_UNISTD_H 1
| #define HAVE_DLFCN_H 1
| #define LT_OBJDIR ".libs/"
| #define LT_MODULE_EXT ".so"
| #define LT_MODULE_PATH_VAR "LD_LIBRARY_PATH"
| #define LT_DLSEARCH_PATH "/lib64:/usr/lib64:/lib:/usr/lib:/usr/lib64/atlas:/usr/lib64/mysql"
| #define HAVE_LIBDL 1
| #define HAVE_DLERROR 1
| #define HAVE_LIBDLLOADER 1
| #define HAVE_ARGZ_H 1
| #define HAVE_ERROR_T 1
| #define HAVE_ARGZ_ADD 1
| #define HAVE_ARGZ_APPEND 1
| #define HAVE_ARGZ_COUNT 1
| #define HAVE_ARGZ_CREATE_SEP 1
| #define HAVE_ARGZ_INSERT 1
| #define HAVE_ARGZ_NEXT 1
| #define HAVE_ARGZ_STRINGIFY 1
| #define HAVE_WORKING_ARGZ 1
| #define HAVE_PRELOADED_SYMBOLS 1
| /* end confdefs.h.  */
| #include <stdio.h>
| #ifdef HAVE_SYS_TYPES_H
| # include <sys/types.h>
| #endif
| #ifdef HAVE_SYS_STAT_H
| # include <sys/stat.h>
| #endif
| #ifdef STDC_HEADERS
| # include <stdlib.h>
| # include <stddef.h>
| #else
| # ifdef HAVE_STDLIB_H
| #  include <stdlib.h>
| # endif
| #endif
| #ifdef HAVE_STRING_H
| # if !defined STDC_HEADERS && defined HAVE_MEMORY_H
| #  include <memory.h>
| # endif
| # include <string.h>
| #endif
| #ifdef HAVE_STRINGS_H
| # include <strings.h>
| #endif
| #ifdef HAVE_INTTYPES_H
| # include <inttypes.h>
| #endif
| #ifdef HAVE_STDINT_H
| # include <stdint.h>
| #endif
| #ifdef HAVE_UNISTD_H
| # include <unistd.h>
| #endif
| 
| 
| #include <ltdl.h>
configure:17001: result: no
configure:17138: checking where to find libltdl headers
configure:17140: result: -I${top_srcdir}/src/libltdl
configure:17142: checking where to find libltdl library
configure:17144: result: ${top_build_prefix}src/libltdl/libltdlc.la
configure:17192: checking for unistd.h
configure:17192: result: yes
configure:17192: checking for dl.h
configure:17192: gcc -std=gnu99 -c -g -O2  conftest.c >&5
conftest.c:74:16: fatal error: dl.h: No such file or directory
 #include <dl.h>
                ^
compilation terminated.
configure:17192: $? = 1
configure: failed program was:
| /* confdefs.h */
| #define PACKAGE_NAME "SST Elements Library"
| #define PACKAGE_TARNAME "sst-elements-library"
| #define PACKAGE_VERSION "7.1.0"
| #define PACKAGE_STRING "SST Elements Library 7.1.0"
| #define PACKAGE_BUGREPORT "sst@sandia.gov"
| #define PACKAGE_URL ""
| #define TIME_WITH_SYS_TIME 1
| #define STDC_HEADERS 1
| #define HAVE_SYS_TYPES_H 1
| #define HAVE_SYS_STAT_H 1
| #define HAVE_STDLIB_H 1
| #define HAVE_STRING_H 1
| #define HAVE_MEMORY_H 1
| #define HAVE_STRINGS_H 1
| #define HAVE_INTTYPES_H 1
| #define HAVE_STDINT_H 1
| #define HAVE_UNISTD_H 1
| #define HAVE_DLFCN_H 1
| #define LT_OBJDIR ".libs/"
| #define LT_MODULE_EXT ".so"
| #define LT_MODULE_PATH_VAR "LD_LIBRARY_PATH"
| #define LT_DLSEARCH_PATH "/lib64:/usr/lib64:/lib:/usr/lib:/usr/lib64/atlas:/usr/lib64/mysql"
| #define HAVE_LIBDL 1
| #define HAVE_DLERROR 1
| #define HAVE_LIBDLLOADER 1
| #define HAVE_ARGZ_H 1
| #define HAVE_ERROR_T 1
| #define HAVE_ARGZ_ADD 1
| #define HAVE_ARGZ_APPEND 1
| #define HAVE_ARGZ_COUNT 1
| #define HAVE_ARGZ_CREATE_SEP 1
| #define HAVE_ARGZ_INSERT 1
| #define HAVE_ARGZ_NEXT 1
| #define HAVE_ARGZ_STRINGIFY 1
| #define HAVE_WORKING_ARGZ 1
| #define HAVE_PRELOADED_SYMBOLS 1
| #define HAVE_UNISTD_H 1
| /* end confdefs.h.  */
| #include <stdio.h>
| #ifdef HAVE_SYS_TYPES_H
| # include <sys/types.h>
| #endif
| #ifdef HAVE_SYS_STAT_H
| # include <sys/stat.h>
| #endif
| #ifdef STDC_HEADERS
| # include <stdlib.h>
| # include <stddef.h>
| #else
| # ifdef HAVE_STDLIB_H
| #  include <stdlib.h>
| # endif
| #endif
| #ifdef HAVE_STRING_H
| # if !defined STDC_HEADERS && defined HAVE_MEMORY_H
| #  include <memory.h>
| # endif
| # include <string.h>
| #endif
| #ifdef HAVE_STRINGS_H
| # include <strings.h>
| #endif
| #ifdef HAVE_INTTYPES_H
| # include <inttypes.h>
| #endif
| #ifdef HAVE_STDINT_H
| # include <stdint.h>
| #endif
| #ifdef HAVE_UNISTD_H
| # include <unistd.h>
| #endif
| 
| #include <dl.h>
configure:17192: result: no
configure:17192: checking for sys/dl.h
configure:17192: gcc -std=gnu99 -c -g -O2  conftest.c >&5
conftest.c:74:20: fatal error: sys/dl.h: No such file or directory
 #include <sys/dl.h>
                    ^
compilation terminated.
configure:17192: $? = 1
configure: failed program was:
| /* confdefs.h */
| #define PACKAGE_NAME "SST Elements Library"
| #define PACKAGE_TARNAME "sst-elements-library"
| #define PACKAGE_VERSION "7.1.0"
| #define PACKAGE_STRING "SST Elements Library 7.1.0"
| #define PACKAGE_BUGREPORT "sst@sandia.gov"
| #define PACKAGE_URL ""
| #define TIME_WITH_SYS_TIME 1
| #define STDC_HEADERS 1
| #define HAVE_SYS_TYPES_H 1
| #define HAVE_SYS_STAT_H 1
| #define HAVE_STDLIB_H 1
| #define HAVE_STRING_H 1
| #define HAVE_MEMORY_H 1
| #define HAVE_STRINGS_H 1
| #define HAVE_INTTYPES_H 1
| #define HAVE_STDINT_H 1
| #define HAVE_UNISTD_H 1
| #define HAVE_DLFCN_H 1
| #define LT_OBJDIR ".libs/"
| #define LT_MODULE_EXT ".so"
| #define LT_MODULE_PATH_VAR "LD_LIBRARY_PATH"
| #define LT_DLSEARCH_PATH "/lib64:/usr/lib64:/lib:/usr/lib:/usr/lib64/atlas:/usr/lib64/mysql"
| #define HAVE_LIBDL 1
| #define HAVE_DLERROR 1
| #define HAVE_LIBDLLOADER 1
| #define HAVE_ARGZ_H 1
| #define HAVE_ERROR_T 1
| #define HAVE_ARGZ_ADD 1
| #define HAVE_ARGZ_APPEND 1
| #define HAVE_ARGZ_COUNT 1
| #define HAVE_ARGZ_CREATE_SEP 1
| #define HAVE_ARGZ_INSERT 1
| #define HAVE_ARGZ_NEXT 1
| #define HAVE_ARGZ_STRINGIFY 1
| #define HAVE_WORKING_ARGZ 1
| #define HAVE_PRELOADED_SYMBOLS 1
| #define HAVE_UNISTD_H 1
| /* end confdefs.h.  */
| #include <stdio.h>
| #ifdef HAVE_SYS_TYPES_H
| # include <sys/types.h>
| #endif
| #ifdef HAVE_SYS_STAT_H
| # include <sys/stat.h>
| #endif
| #ifdef STDC_HEADERS
| # include <stdlib.h>
| # include <stddef.h>
| #else
| # ifdef HAVE_STDLIB_H
| #  include <stdlib.h>
| # endif
| #endif
| #ifdef HAVE_STRING_H
| # if !defined STDC_HEADERS && defined HAVE_MEMORY_H
| #  include <memory.h>
| # endif
| # include <string.h>
| #endif
| #ifdef HAVE_STRINGS_H
| # include <strings.h>
| #endif
| #ifdef HAVE_INTTYPES_H
| # include <inttypes.h>
| #endif
| #ifdef HAVE_STDINT_H
| # include <stdint.h>
| #endif
| #ifdef HAVE_UNISTD_H
| # include <unistd.h>
| #endif
| 
| #include <sys/dl.h>
configure:17192: result: no
configure:17192: checking for dld.h
configure:17192: gcc -std=gnu99 -c -g -O2  conftest.c >&5
conftest.c:74:17: fatal error: dld.h: No such file or directory
 #include <dld.h>
                 ^
compilation terminated.
configure:17192: $? = 1
configure: failed program was:
| /* confdefs.h */
| #define PACKAGE_NAME "SST Elements Library"
| #define PACKAGE_TARNAME "sst-elements-library"
| #define PACKAGE_VERSION "7.1.0"
| #define PACKAGE_STRING "SST Elements Library 7.1.0"
| #define PACKAGE_BUGREPORT "sst@sandia.gov"
| #define PACKAGE_URL ""
| #define TIME_WITH_SYS_TIME 1
| #define STDC_HEADERS 1
| #define HAVE_SYS_TYPES_H 1
| #define HAVE_SYS_STAT_H 1
| #define HAVE_STDLIB_H 1
| #define HAVE_STRING_H 1
| #define HAVE_MEMORY_H 1
| #define HAVE_STRINGS_H 1
| #define HAVE_INTTYPES_H 1
| #define HAVE_STDINT_H 1
| #define HAVE_UNISTD_H 1
| #define HAVE_DLFCN_H 1
| #define LT_OBJDIR ".libs/"
| #define LT_MODULE_EXT ".so"
| #define LT_MODULE_PATH_VAR "LD_LIBRARY_PATH"
| #define LT_DLSEARCH_PATH "/lib64:/usr/lib64:/lib:/usr/lib:/usr/lib64/atlas:/usr/lib64/mysql"
| #define HAVE_LIBDL 1
| #define HAVE_DLERROR 1
| #define HAVE_LIBDLLOADER 1
| #define HAVE_ARGZ_H 1
| #define HAVE_ERROR_T 1
| #define HAVE_ARGZ_ADD 1
| #define HAVE_ARGZ_APPEND 1
| #define HAVE_ARGZ_COUNT 1
| #define HAVE_ARGZ_CREATE_SEP 1
| #define HAVE_ARGZ_INSERT 1
| #define HAVE_ARGZ_NEXT 1
| #define HAVE_ARGZ_STRINGIFY 1
| #define HAVE_WORKING_ARGZ 1
| #define HAVE_PRELOADED_SYMBOLS 1
| #define HAVE_UNISTD_H 1
| /* end confdefs.h.  */
| #include <stdio.h>
| #ifdef HAVE_SYS_TYPES_H
| # include <sys/types.h>
| #endif
| #ifdef HAVE_SYS_STAT_H
| # include <sys/stat.h>
| #endif
| #ifdef STDC_HEADERS
| # include <stdlib.h>
| # include <stddef.h>
| #else
| # ifdef HAVE_STDLIB_H
| #  include <stdlib.h>
| # endif
| #endif
| #ifdef HAVE_STRING_H
| # if !defined STDC_HEADERS && defined HAVE_MEMORY_H
| #  include <memory.h>
| # endif
| # include <string.h>
| #endif
| #ifdef HAVE_STRINGS_H
| # include <strings.h>
| #endif
| #ifdef HAVE_INTTYPES_H
| # include <inttypes.h>
| #endif
| #ifdef HAVE_STDINT_H
| # include <stdint.h>
| #endif
| #ifdef HAVE_UNISTD_H
| # include <unistd.h>
| #endif
| 
| #include <dld.h>
configure:17192: result: no
configure:17192: checking for mach-o/dyld.h
configure:17192: gcc -std=gnu99 -c -g -O2  conftest.c >&5
conftest.c:74:25: fatal error: mach-o/dyld.h: No such file or directory
 #include <mach-o/dyld.h>
                         ^
compilation terminated.
configure:17192: $? = 1
configure: failed program was:
| /* confdefs.h */
| #define PACKAGE_NAME "SST Elements Library"
| #define PACKAGE_TARNAME "sst-elements-library"
| #define PACKAGE_VERSION "7.1.0"
| #define PACKAGE_STRING "SST Elements Library 7.1.0"
| #define PACKAGE_BUGREPORT "sst@sandia.gov"
| #define PACKAGE_URL ""
| #define TIME_WITH_SYS_TIME 1
| #define STDC_HEADERS 1
| #define HAVE_SYS_TYPES_H 1
| #define HAVE_SYS_STAT_H 1
| #define HAVE_STDLIB_H 1
| #define HAVE_STRING_H 1
| #define HAVE_MEMORY_H 1
| #define HAVE_STRINGS_H 1
| #define HAVE_INTTYPES_H 1
| #define HAVE_STDINT_H 1
| #define HAVE_UNISTD_H 1
| #define HAVE_DLFCN_H 1
| #define LT_OBJDIR ".libs/"
| #define LT_MODULE_EXT ".so"
| #define LT_MODULE_PATH_VAR "LD_LIBRARY_PATH"
| #define LT_DLSEARCH_PATH "/lib64:/usr/lib64:/lib:/usr/lib:/usr/lib64/atlas:/usr/lib64/mysql"
| #define HAVE_LIBDL 1
| #define HAVE_DLERROR 1
| #define HAVE_LIBDLLOADER 1
| #define HAVE_ARGZ_H 1
| #define HAVE_ERROR_T 1
| #define HAVE_ARGZ_ADD 1
| #define HAVE_ARGZ_APPEND 1
| #define HAVE_ARGZ_COUNT 1
| #define HAVE_ARGZ_CREATE_SEP 1
| #define HAVE_ARGZ_INSERT 1
| #define HAVE_ARGZ_NEXT 1
| #define HAVE_ARGZ_STRINGIFY 1
| #define HAVE_WORKING_ARGZ 1
| #define HAVE_PRELOADED_SYMBOLS 1
| #define HAVE_UNISTD_H 1
| /* end confdefs.h.  */
| #include <stdio.h>
| #ifdef HAVE_SYS_TYPES_H
| # include <sys/types.h>
| #endif
| #ifdef HAVE_SYS_STAT_H
| # include <sys/stat.h>
| #endif
| #ifdef STDC_HEADERS
| # include <stdlib.h>
| # include <stddef.h>
| #else
| # ifdef HAVE_STDLIB_H
| #  include <stdlib.h>
| # endif
| #endif
| #ifdef HAVE_STRING_H
| # if !defined STDC_HEADERS && defined HAVE_MEMORY_H
| #  include <memory.h>
| # endif
| # include <string.h>
| #endif
| #ifdef HAVE_STRINGS_H
| # include <strings.h>
| #endif
| #ifdef HAVE_INTTYPES_H
| # include <inttypes.h>
| #endif
| #ifdef HAVE_STDINT_H
| # include <stdint.h>
| #endif
| #ifdef HAVE_UNISTD_H
| # include <unistd.h>
| #endif
| 
| #include <mach-o/dyld.h>
configure:17192: result: no
configure:17192: checking for dirent.h
configure:17192: gcc -std=gnu99 -c -g -O2  conftest.c >&5
configure:17192: $? = 0
configure:17192: result: yes
configure:17207: checking for closedir
configure:17207: gcc -std=gnu99 -o conftest -g -O2   conftest.c -ldl  >&5
configure:17207: $? = 0
configure:17207: result: yes
configure:17207: checking for opendir
configure:17207: gcc -std=gnu99 -o conftest -g -O2   conftest.c -ldl  >&5
configure:17207: $? = 0
configure:17207: result: yes
configure:17207: checking for readdir
configure:17207: gcc -std=gnu99 -o conftest -g -O2   conftest.c -ldl  >&5
configure:17207: $? = 0
configure:17207: result: yes
configure:17224: checking for strlcat
configure:17224: gcc -std=gnu99 -o conftest -g -O2   conftest.c -ldl  >&5
/tmp/ccf9QXeZ.o: In function `main':
/home/karamati/scratch/src/sst-elements-library-7.1.0/conftest.c:78: undefined reference to `strlcat'
collect2: error: ld returned 1 exit status
configure:17224: $? = 1
configure: failed program was:
| /* confdefs.h */
| #define PACKAGE_NAME "SST Elements Library"
| #define PACKAGE_TARNAME "sst-elements-library"
| #define PACKAGE_VERSION "7.1.0"
| #define PACKAGE_STRING "SST Elements Library 7.1.0"
| #define PACKAGE_BUGREPORT "sst@sandia.gov"
| #define PACKAGE_URL ""
| #define TIME_WITH_SYS_TIME 1
| #define STDC_HEADERS 1
| #define HAVE_SYS_TYPES_H 1
| #define HAVE_SYS_STAT_H 1
| #define HAVE_STDLIB_H 1
| #define HAVE_STRING_H 1
| #define HAVE_MEMORY_H 1
| #define HAVE_STRINGS_H 1
| #define HAVE_INTTYPES_H 1
| #define HAVE_STDINT_H 1
| #define HAVE_UNISTD_H 1
| #define HAVE_DLFCN_H 1
| #define LT_OBJDIR ".libs/"
| #define LT_MODULE_EXT ".so"
| #define LT_MODULE_PATH_VAR "LD_LIBRARY_PATH"
| #define LT_DLSEARCH_PATH "/lib64:/usr/lib64:/lib:/usr/lib:/usr/lib64/atlas:/usr/lib64/mysql"
| #define HAVE_LIBDL 1
| #define HAVE_DLERROR 1
| #define HAVE_LIBDLLOADER 1
| #define HAVE_ARGZ_H 1
| #define HAVE_ERROR_T 1
| #define HAVE_ARGZ_ADD 1
| #define HAVE_ARGZ_APPEND 1
| #define HAVE_ARGZ_COUNT 1
| #define HAVE_ARGZ_CREATE_SEP 1
| #define HAVE_ARGZ_INSERT 1
| #define HAVE_ARGZ_NEXT 1
| #define HAVE_ARGZ_STRINGIFY 1
| #define HAVE_WORKING_ARGZ 1
| #define HAVE_PRELOADED_SYMBOLS 1
| #define HAVE_UNISTD_H 1
| #define HAVE_DIRENT_H 1
| #define HAVE_CLOSEDIR 1
| #define HAVE_OPENDIR 1
| #define HAVE_READDIR 1
| /* end confdefs.h.  */
| /* Define strlcat to an innocuous variant, in case <limits.h> declares strlcat.
|    For example, HP-UX 11i <limits.h> declares gettimeofday.  */
| #define strlcat innocuous_strlcat
| 
| /* System header to define __stub macros and hopefully few prototypes,
|     which can conflict with char strlcat (); below.
|     Prefer <limits.h> to <assert.h> if __STDC__ is defined, since
|     <limits.h> exists even on freestanding compilers.  */
| 
| #ifdef __STDC__
| # include <limits.h>
| #else
| # include <assert.h>
| #endif
| 
| #undef strlcat
| 
| /* Override any GCC internal prototype to avoid an error.
|    Use char because int might match the return type of a GCC
|    builtin and then its argument prototype would still apply.  */
| #ifdef __cplusplus
| extern "C"
| #endif
| char strlcat ();
| /* The GNU C library defines this for functions which it implements
|     to always fail with ENOSYS.  Some functions are actually named
|     something starting with __ and the normal name is an alias.  */
| #if defined __stub_strlcat || defined __stub___strlcat
| choke me
| #endif
| 
| int
| main ()
| {
| return strlcat ();
|   ;
|   return 0;
| }
configure:17224: result: no
configure:17224: checking for strlcpy
configure:17224: gcc -std=gnu99 -o conftest -g -O2   conftest.c -ldl  >&5
/tmp/ccPbQ3X3.o: In function `main':
/home/karamati/scratch/src/sst-elements-library-7.1.0/conftest.c:78: undefined reference to `strlcpy'
collect2: error: ld returned 1 exit status
configure:17224: $? = 1
configure: failed program was:
| /* confdefs.h */
| #define PACKAGE_NAME "SST Elements Library"
| #define PACKAGE_TARNAME "sst-elements-library"
| #define PACKAGE_VERSION "7.1.0"
| #define PACKAGE_STRING "SST Elements Library 7.1.0"
| #define PACKAGE_BUGREPORT "sst@sandia.gov"
| #define PACKAGE_URL ""
| #define TIME_WITH_SYS_TIME 1
| #define STDC_HEADERS 1
| #define HAVE_SYS_TYPES_H 1
| #define HAVE_SYS_STAT_H 1
| #define HAVE_STDLIB_H 1
| #define HAVE_STRING_H 1
| #define HAVE_MEMORY_H 1
| #define HAVE_STRINGS_H 1
| #define HAVE_INTTYPES_H 1
| #define HAVE_STDINT_H 1
| #define HAVE_UNISTD_H 1
| #define HAVE_DLFCN_H 1
| #define LT_OBJDIR ".libs/"
| #define LT_MODULE_EXT ".so"
| #define LT_MODULE_PATH_VAR "LD_LIBRARY_PATH"
| #define LT_DLSEARCH_PATH "/lib64:/usr/lib64:/lib:/usr/lib:/usr/lib64/atlas:/usr/lib64/mysql"
| #define HAVE_LIBDL 1
| #define HAVE_DLERROR 1
| #define HAVE_LIBDLLOADER 1
| #define HAVE_ARGZ_H 1
| #define HAVE_ERROR_T 1
| #define HAVE_ARGZ_ADD 1
| #define HAVE_ARGZ_APPEND 1
| #define HAVE_ARGZ_COUNT 1
| #define HAVE_ARGZ_CREATE_SEP 1
| #define HAVE_ARGZ_INSERT 1
| #define HAVE_ARGZ_NEXT 1
| #define HAVE_ARGZ_STRINGIFY 1
| #define HAVE_WORKING_ARGZ 1
| #define HAVE_PRELOADED_SYMBOLS 1
| #define HAVE_UNISTD_H 1
| #define HAVE_DIRENT_H 1
| #define HAVE_CLOSEDIR 1
| #define HAVE_OPENDIR 1
| #define HAVE_READDIR 1
| /* end confdefs.h.  */
| /* Define strlcpy to an innocuous variant, in case <limits.h> declares strlcpy.
|    For example, HP-UX 11i <limits.h> declares gettimeofday.  */
| #define strlcpy innocuous_strlcpy
| 
| /* System header to define __stub macros and hopefully few prototypes,
|     which can conflict with char strlcpy (); below.
|     Prefer <limits.h> to <assert.h> if __STDC__ is defined, since
|     <limits.h> exists even on freestanding compilers.  */
| 
| #ifdef __STDC__
| # include <limits.h>
| #else
| # include <assert.h>
| #endif
| 
| #undef strlcpy
| 
| /* Override any GCC internal prototype to avoid an error.
|    Use char because int might match the return type of a GCC
|    builtin and then its argument prototype would still apply.  */
| #ifdef __cplusplus
| extern "C"
| #endif
| char strlcpy ();
| /* The GNU C library defines this for functions which it implements
|     to always fail with ENOSYS.  Some functions are actually named
|     something starting with __ and the normal name is an alias.  */
| #if defined __stub_strlcpy || defined __stub___strlcpy
| choke me
| #endif
| 
| int
| main ()
| {
| return strlcpy ();
|   ;
|   return 0;
| }
configure:17224: result: no
configure:17267: checking whether time.h and sys/time.h may both be included
configure:17294: result: yes
configure:17443: checking for sst-config
configure:17461: found /home/karamati/local/sstcore-7.1.0/bin/sst-config
configure:17473: result: /home/karamati/local/sstcore-7.1.0/bin/sst-config
configure:17483: checking for sst-config tool
configure:17486: result: found /home/karamati/local/sstcore-7.1.0/bin/sst-config
configure:17536: checking for sst-register
configure:17554: found /home/karamati/local/sstcore-7.1.0/bin/sst-register
configure:17566: result: /home/karamati/local/sstcore-7.1.0/bin/sst-register
configure:17576: checking for sst-register tool
configure:17579: result: found /home/karamati/local/sstcore-7.1.0/bin/sst-register
configure:17619: checking for Mac OSX
configure:17645: result: no
configure:17696: checking for pin.sh
configure:17729: result: no
configure:17737: checking for pin
configure:17770: result: no
configure:17805: checking PIN Tool
configure:17807: result: no
configure:17846: g++ -c -g -O2  -std=c++1y -D__STDC_FORMAT_MACROS   -I/usr/include/python2.7 -I/usr/include/python2.7  -I/home/karamati/local/sstcore-7.1.0/include/sst/core -I/home/karamati/local/sstcore-7.1.0/include conftest.cpp >&5
configure:17846: $? = 0
configure:17879: checking for for PR_SET_PTRACER
configure:17881: result: yes
configure:17898: checking for library containing shm_open
configure:17929: gcc -std=gnu99 -o conftest -g -O2    -I/usr/include/python2.7 -I/usr/include/python2.7  -I/home/karamati/local/sstcore-7.1.0/include/sst/core -I/home/karamati/local/sstcore-7.1.0/include    -lpthread -ldl -lutil -lm -lpython2.7 -Xlinker -export-dynamic conftest.c -ldl   -ldl  >&5
/tmp/ccbwBqvs.o: In function `main':
/home/karamati/scratch/src/sst-elements-library-7.1.0/conftest.c:59: undefined reference to `shm_open'
collect2: error: ld returned 1 exit status
configure:17929: $? = 1
configure: failed program was:
| /* confdefs.h */
| #define PACKAGE_NAME "SST Elements Library"
| #define PACKAGE_TARNAME "sst-elements-library"
| #define PACKAGE_VERSION "7.1.0"
| #define PACKAGE_STRING "SST Elements Library 7.1.0"
| #define PACKAGE_BUGREPORT "sst@sandia.gov"
| #define PACKAGE_URL ""
| #define TIME_WITH_SYS_TIME 1
| #define STDC_HEADERS 1
| #define HAVE_SYS_TYPES_H 1
| #define HAVE_SYS_STAT_H 1
| #define HAVE_STDLIB_H 1
| #define HAVE_STRING_H 1
| #define HAVE_MEMORY_H 1
| #define HAVE_STRINGS_H 1
| #define HAVE_INTTYPES_H 1
| #define HAVE_STDINT_H 1
| #define HAVE_UNISTD_H 1
| #define HAVE_DLFCN_H 1
| #define LT_OBJDIR ".libs/"
| #define LT_MODULE_EXT ".so"
| #define LT_MODULE_PATH_VAR "LD_LIBRARY_PATH"
| #define LT_DLSEARCH_PATH "/lib64:/usr/lib64:/lib:/usr/lib:/usr/lib64/atlas:/usr/lib64/mysql"
| #define HAVE_LIBDL 1
| #define HAVE_DLERROR 1
| #define HAVE_LIBDLLOADER 1
| #define HAVE_ARGZ_H 1
| #define HAVE_ERROR_T 1
| #define HAVE_ARGZ_ADD 1
| #define HAVE_ARGZ_APPEND 1
| #define HAVE_ARGZ_COUNT 1
| #define HAVE_ARGZ_CREATE_SEP 1
| #define HAVE_ARGZ_INSERT 1
| #define HAVE_ARGZ_NEXT 1
| #define HAVE_ARGZ_STRINGIFY 1
| #define HAVE_WORKING_ARGZ 1
| #define HAVE_PRELOADED_SYMBOLS 1
| #define HAVE_UNISTD_H 1
| #define HAVE_DIRENT_H 1
| #define HAVE_CLOSEDIR 1
| #define HAVE_OPENDIR 1
| #define HAVE_READDIR 1
| #define LT_LIBEXT "a"
| #define LT_LIBPREFIX "lib"
| #define TIME_WITH_SYS_TIME 1
| #define PINTOOL_EXECUTABLE ""
| /* end confdefs.h.  */
| 
| /* Override any GCC internal prototype to avoid an error.
|    Use char because int might match the return type of a GCC
|    builtin and then its argument prototype would still apply.  */
| #ifdef __cplusplus
| extern "C"
| #endif
| char shm_open ();
| int
| main ()
| {
| return shm_open ();
|   ;
|   return 0;
| }
configure:17929: gcc -std=gnu99 -o conftest -g -O2    -I/usr/include/python2.7 -I/usr/include/python2.7  -I/home/karamati/local/sstcore-7.1.0/include/sst/core -I/home/karamati/local/sstcore-7.1.0/include    -lpthread -ldl -lutil -lm -lpython2.7 -Xlinker -export-dynamic conftest.c -lrt  -ldl   -ldl  >&5
configure:17929: $? = 0
configure:17946: result: -lrt
configure:18129: checking systemc.h usability
configure:18129: g++ -c -g -O2  -std=c++1y -D__STDC_FORMAT_MACROS   -I/usr/include/python2.7 -I/usr/include/python2.7  -I/home/karamati/local/sstcore-7.1.0/include/sst/core -I/home/karamati/local/sstcore-7.1.0/include conftest.cpp >&5
conftest.cpp:82:21: fatal error: systemc.h: No such file or directory
 #include <systemc.h>
                     ^
compilation terminated.
configure:18129: $? = 1
configure: failed program was:
| /* confdefs.h */
| #define PACKAGE_NAME "SST Elements Library"
| #define PACKAGE_TARNAME "sst-elements-library"
| #define PACKAGE_VERSION "7.1.0"
| #define PACKAGE_STRING "SST Elements Library 7.1.0"
| #define PACKAGE_BUGREPORT "sst@sandia.gov"
| #define PACKAGE_URL ""
| #define TIME_WITH_SYS_TIME 1
| #define STDC_HEADERS 1
| #define HAVE_SYS_TYPES_H 1
| #define HAVE_SYS_STAT_H 1
| #define HAVE_STDLIB_H 1
| #define HAVE_STRING_H 1
| #define HAVE_MEMORY_H 1
| #define HAVE_STRINGS_H 1
| #define HAVE_INTTYPES_H 1
| #define HAVE_STDINT_H 1
| #define HAVE_UNISTD_H 1
| #define HAVE_DLFCN_H 1
| #define LT_OBJDIR ".libs/"
| #define LT_MODULE_EXT ".so"
| #define LT_MODULE_PATH_VAR "LD_LIBRARY_PATH"
| #define LT_DLSEARCH_PATH "/lib64:/usr/lib64:/lib:/usr/lib:/usr/lib64/atlas:/usr/lib64/mysql"
| #define HAVE_LIBDL 1
| #define HAVE_DLERROR 1
| #define HAVE_LIBDLLOADER 1
| #define HAVE_ARGZ_H 1
| #define HAVE_ERROR_T 1
| #define HAVE_ARGZ_ADD 1
| #define HAVE_ARGZ_APPEND 1
| #define HAVE_ARGZ_COUNT 1
| #define HAVE_ARGZ_CREATE_SEP 1
| #define HAVE_ARGZ_INSERT 1
| #define HAVE_ARGZ_NEXT 1
| #define HAVE_ARGZ_STRINGIFY 1
| #define HAVE_WORKING_ARGZ 1
| #define HAVE_PRELOADED_SYMBOLS 1
| #define HAVE_UNISTD_H 1
| #define HAVE_DIRENT_H 1
| #define HAVE_CLOSEDIR 1
| #define HAVE_OPENDIR 1
| #define HAVE_READDIR 1
| #define LT_LIBEXT "a"
| #define LT_LIBPREFIX "lib"
| #define TIME_WITH_SYS_TIME 1
| #define PINTOOL_EXECUTABLE ""
| #define HAVE_SHM 1
| /* end confdefs.h.  */
| #include <stdio.h>
| #ifdef HAVE_SYS_TYPES_H
| # include <sys/types.h>
| #endif
| #ifdef HAVE_SYS_STAT_H
| # include <sys/stat.h>
| #endif
| #ifdef STDC_HEADERS
| # include <stdlib.h>
| # include <stddef.h>
| #else
| # ifdef HAVE_STDLIB_H
| #  include <stdlib.h>
| # endif
| #endif
| #ifdef HAVE_STRING_H
| # if !defined STDC_HEADERS && defined HAVE_MEMORY_H
| #  include <memory.h>
| # endif
| # include <string.h>
| #endif
| #ifdef HAVE_STRINGS_H
| # include <strings.h>
| #endif
| #ifdef HAVE_INTTYPES_H
| # include <inttypes.h>
| #endif
| #ifdef HAVE_STDINT_H
| # include <stdint.h>
| #endif
| #ifdef HAVE_UNISTD_H
| # include <unistd.h>
| #endif
| #include <systemc.h>
configure:18129: result: no
configure:18129: checking systemc.h presence
configure:18129: g++ -E   -I/usr/include/python2.7 -I/usr/include/python2.7  -I/home/karamati/local/sstcore-7.1.0/include/sst/core -I/home/karamati/local/sstcore-7.1.0/include conftest.cpp
conftest.cpp:49:21: fatal error: systemc.h: No such file or directory
 #include <systemc.h>
                     ^
compilation terminated.
configure:18129: $? = 1
configure: failed program was:
| /* confdefs.h */
| #define PACKAGE_NAME "SST Elements Library"
| #define PACKAGE_TARNAME "sst-elements-library"
| #define PACKAGE_VERSION "7.1.0"
| #define PACKAGE_STRING "SST Elements Library 7.1.0"
| #define PACKAGE_BUGREPORT "sst@sandia.gov"
| #define PACKAGE_URL ""
| #define TIME_WITH_SYS_TIME 1
| #define STDC_HEADERS 1
| #define HAVE_SYS_TYPES_H 1
| #define HAVE_SYS_STAT_H 1
| #define HAVE_STDLIB_H 1
| #define HAVE_STRING_H 1
| #define HAVE_MEMORY_H 1
| #define HAVE_STRINGS_H 1
| #define HAVE_INTTYPES_H 1
| #define HAVE_STDINT_H 1
| #define HAVE_UNISTD_H 1
| #define HAVE_DLFCN_H 1
| #define LT_OBJDIR ".libs/"
| #define LT_MODULE_EXT ".so"
| #define LT_MODULE_PATH_VAR "LD_LIBRARY_PATH"
| #define LT_DLSEARCH_PATH "/lib64:/usr/lib64:/lib:/usr/lib:/usr/lib64/atlas:/usr/lib64/mysql"
| #define HAVE_LIBDL 1
| #define HAVE_DLERROR 1
| #define HAVE_LIBDLLOADER 1
| #define HAVE_ARGZ_H 1
| #define HAVE_ERROR_T 1
| #define HAVE_ARGZ_ADD 1
| #define HAVE_ARGZ_APPEND 1
| #define HAVE_ARGZ_COUNT 1
| #define HAVE_ARGZ_CREATE_SEP 1
| #define HAVE_ARGZ_INSERT 1
| #define HAVE_ARGZ_NEXT 1
| #define HAVE_ARGZ_STRINGIFY 1
| #define HAVE_WORKING_ARGZ 1
| #define HAVE_PRELOADED_SYMBOLS 1
| #define HAVE_UNISTD_H 1
| #define HAVE_DIRENT_H 1
| #define HAVE_CLOSEDIR 1
| #define HAVE_OPENDIR 1
| #define HAVE_READDIR 1
| #define LT_LIBEXT "a"
| #define LT_LIBPREFIX "lib"
| #define TIME_WITH_SYS_TIME 1
| #define PINTOOL_EXECUTABLE ""
| #define HAVE_SHM 1
| /* end confdefs.h.  */
| #include <systemc.h>
configure:18129: result: no
configure:18129: checking for systemc.h
configure:18129: result: no
configure:18158: g++ -o conftest -g -O2  -std=c++1y -D__STDC_FORMAT_MACROS   -I/usr/include/python2.7 -I/usr/include/python2.7  -I/home/karamati/local/sstcore-7.1.0/include/sst/core -I/home/karamati/local/sstcore-7.1.0/include -lsystemc    -lpthread -ldl -lutil -lm -lpython2.7 -Xlinker -export-dynamic conftest.cpp -lsystemc -ldl   -ldl  >&5
conftest.cpp:50:38: fatal error: systemc.h: No such file or directory
                  #include <systemc.h>
                                      ^
compilation terminated.
configure:18158: $? = 1
configure: failed program was:
| /* confdefs.h */
| #define PACKAGE_NAME "SST Elements Library"
| #define PACKAGE_TARNAME "sst-elements-library"
| #define PACKAGE_VERSION "7.1.0"
| #define PACKAGE_STRING "SST Elements Library 7.1.0"
| #define PACKAGE_BUGREPORT "sst@sandia.gov"
| #define PACKAGE_URL ""
| #define TIME_WITH_SYS_TIME 1
| #define STDC_HEADERS 1
| #define HAVE_SYS_TYPES_H 1
| #define HAVE_SYS_STAT_H 1
| #define HAVE_STDLIB_H 1
| #define HAVE_STRING_H 1
| #define HAVE_MEMORY_H 1
| #define HAVE_STRINGS_H 1
| #define HAVE_INTTYPES_H 1
| #define HAVE_STDINT_H 1
| #define HAVE_UNISTD_H 1
| #define HAVE_DLFCN_H 1
| #define LT_OBJDIR ".libs/"
| #define LT_MODULE_EXT ".so"
| #define LT_MODULE_PATH_VAR "LD_LIBRARY_PATH"
| #define LT_DLSEARCH_PATH "/lib64:/usr/lib64:/lib:/usr/lib:/usr/lib64/atlas:/usr/lib64/mysql"
| #define HAVE_LIBDL 1
| #define HAVE_DLERROR 1
| #define HAVE_LIBDLLOADER 1
| #define HAVE_ARGZ_H 1
| #define HAVE_ERROR_T 1
| #define HAVE_ARGZ_ADD 1
| #define HAVE_ARGZ_APPEND 1
| #define HAVE_ARGZ_COUNT 1
| #define HAVE_ARGZ_CREATE_SEP 1
| #define HAVE_ARGZ_INSERT 1
| #define HAVE_ARGZ_NEXT 1
| #define HAVE_ARGZ_STRINGIFY 1
| #define HAVE_WORKING_ARGZ 1
| #define HAVE_PRELOADED_SYMBOLS 1
| #define HAVE_UNISTD_H 1
| #define HAVE_DIRENT_H 1
| #define HAVE_CLOSEDIR 1
| #define HAVE_OPENDIR 1
| #define HAVE_READDIR 1
| #define LT_LIBEXT "a"
| #define LT_LIBPREFIX "lib"
| #define TIME_WITH_SYS_TIME 1
| #define PINTOOL_EXECUTABLE ""
| #define HAVE_SHM 1
| /* end confdefs.h.  */
| 
|                  #include <systemc.h>
|                      int sc_main(int argc, char* argv[]){
|                      return 0;
|                      }
|                      int main(int argc,char* argv[]){
|                      return sc_main(argc,argv);
|                      }
| 
| 
configure:18212: HMC checks will use C++11 flags ()
configure:18234: checking HMCSim.h usability
configure:18234: g++ -c -g -O2  -std=c++1y -D__STDC_FORMAT_MACROS   -I/usr/include/python2.7 -I/usr/include/python2.7  -I/home/karamati/local/sstcore-7.1.0/include/sst/core -I/home/karamati/local/sstcore-7.1.0/include conftest.cpp >&5
conftest.cpp:83:20: fatal error: HMCSim.h: No such file or directory
 #include <HMCSim.h>
                    ^
compilation terminated.
configure:18234: $? = 1
configure: failed program was:
| /* confdefs.h */
| #define PACKAGE_NAME "SST Elements Library"
| #define PACKAGE_TARNAME "sst-elements-library"
| #define PACKAGE_VERSION "7.1.0"
| #define PACKAGE_STRING "SST Elements Library 7.1.0"
| #define PACKAGE_BUGREPORT "sst@sandia.gov"
| #define PACKAGE_URL ""
| #define TIME_WITH_SYS_TIME 1
| #define STDC_HEADERS 1
| #define HAVE_SYS_TYPES_H 1
| #define HAVE_SYS_STAT_H 1
| #define HAVE_STDLIB_H 1
| #define HAVE_STRING_H 1
| #define HAVE_MEMORY_H 1
| #define HAVE_STRINGS_H 1
| #define HAVE_INTTYPES_H 1
| #define HAVE_STDINT_H 1
| #define HAVE_UNISTD_H 1
| #define HAVE_DLFCN_H 1
| #define LT_OBJDIR ".libs/"
| #define LT_MODULE_EXT ".so"
| #define LT_MODULE_PATH_VAR "LD_LIBRARY_PATH"
| #define LT_DLSEARCH_PATH "/lib64:/usr/lib64:/lib:/usr/lib:/usr/lib64/atlas:/usr/lib64/mysql"
| #define HAVE_LIBDL 1
| #define HAVE_DLERROR 1
| #define HAVE_LIBDLLOADER 1
| #define HAVE_ARGZ_H 1
| #define HAVE_ERROR_T 1
| #define HAVE_ARGZ_ADD 1
| #define HAVE_ARGZ_APPEND 1
| #define HAVE_ARGZ_COUNT 1
| #define HAVE_ARGZ_CREATE_SEP 1
| #define HAVE_ARGZ_INSERT 1
| #define HAVE_ARGZ_NEXT 1
| #define HAVE_ARGZ_STRINGIFY 1
| #define HAVE_WORKING_ARGZ 1
| #define HAVE_PRELOADED_SYMBOLS 1
| #define HAVE_UNISTD_H 1
| #define HAVE_DIRENT_H 1
| #define HAVE_CLOSEDIR 1
| #define HAVE_OPENDIR 1
| #define HAVE_READDIR 1
| #define LT_LIBEXT "a"
| #define LT_LIBPREFIX "lib"
| #define TIME_WITH_SYS_TIME 1
| #define PINTOOL_EXECUTABLE ""
| #define HAVE_SHM 1
| #define SST_SYSTEMC_LIBDIR ""
| /* end confdefs.h.  */
| #include <stdio.h>
| #ifdef HAVE_SYS_TYPES_H
| # include <sys/types.h>
| #endif
| #ifdef HAVE_SYS_STAT_H
| # include <sys/stat.h>
| #endif
| #ifdef STDC_HEADERS
| # include <stdlib.h>
| # include <stddef.h>
| #else
| # ifdef HAVE_STDLIB_H
| #  include <stdlib.h>
| # endif
| #endif
| #ifdef HAVE_STRING_H
| # if !defined STDC_HEADERS && defined HAVE_MEMORY_H
| #  include <memory.h>
| # endif
| # include <string.h>
| #endif
| #ifdef HAVE_STRINGS_H
| # include <strings.h>
| #endif
| #ifdef HAVE_INTTYPES_H
| # include <inttypes.h>
| #endif
| #ifdef HAVE_STDINT_H
| # include <stdint.h>
| #endif
| #ifdef HAVE_UNISTD_H
| # include <unistd.h>
| #endif
| #include <HMCSim.h>
configure:18234: result: no
configure:18234: checking HMCSim.h presence
configure:18234: g++ -E   -I/usr/include/python2.7 -I/usr/include/python2.7  -I/home/karamati/local/sstcore-7.1.0/include/sst/core -I/home/karamati/local/sstcore-7.1.0/include conftest.cpp
conftest.cpp:50:20: fatal error: HMCSim.h: No such file or directory
 #include <HMCSim.h>
                    ^
compilation terminated.
configure:18234: $? = 1
configure: failed program was:
| /* confdefs.h */
| #define PACKAGE_NAME "SST Elements Library"
| #define PACKAGE_TARNAME "sst-elements-library"
| #define PACKAGE_VERSION "7.1.0"
| #define PACKAGE_STRING "SST Elements Library 7.1.0"
| #define PACKAGE_BUGREPORT "sst@sandia.gov"
| #define PACKAGE_URL ""
| #define TIME_WITH_SYS_TIME 1
| #define STDC_HEADERS 1
| #define HAVE_SYS_TYPES_H 1
| #define HAVE_SYS_STAT_H 1
| #define HAVE_STDLIB_H 1
| #define HAVE_STRING_H 1
| #define HAVE_MEMORY_H 1
| #define HAVE_STRINGS_H 1
| #define HAVE_INTTYPES_H 1
| #define HAVE_STDINT_H 1
| #define HAVE_UNISTD_H 1
| #define HAVE_DLFCN_H 1
| #define LT_OBJDIR ".libs/"
| #define LT_MODULE_EXT ".so"
| #define LT_MODULE_PATH_VAR "LD_LIBRARY_PATH"
| #define LT_DLSEARCH_PATH "/lib64:/usr/lib64:/lib:/usr/lib:/usr/lib64/atlas:/usr/lib64/mysql"
| #define HAVE_LIBDL 1
| #define HAVE_DLERROR 1
| #define HAVE_LIBDLLOADER 1
| #define HAVE_ARGZ_H 1
| #define HAVE_ERROR_T 1
| #define HAVE_ARGZ_ADD 1
| #define HAVE_ARGZ_APPEND 1
| #define HAVE_ARGZ_COUNT 1
| #define HAVE_ARGZ_CREATE_SEP 1
| #define HAVE_ARGZ_INSERT 1
| #define HAVE_ARGZ_NEXT 1
| #define HAVE_ARGZ_STRINGIFY 1
| #define HAVE_WORKING_ARGZ 1
| #define HAVE_PRELOADED_SYMBOLS 1
| #define HAVE_UNISTD_H 1
| #define HAVE_DIRENT_H 1
| #define HAVE_CLOSEDIR 1
| #define HAVE_OPENDIR 1
| #define HAVE_READDIR 1
| #define LT_LIBEXT "a"
| #define LT_LIBPREFIX "lib"
| #define TIME_WITH_SYS_TIME 1
| #define PINTOOL_EXECUTABLE ""
| #define HAVE_SHM 1
| #define SST_SYSTEMC_LIBDIR ""
| /* end confdefs.h.  */
| #include <HMCSim.h>
configure:18234: result: no
configure:18234: checking for HMCSim.h
configure:18234: result: no
configure:18336: checking Gem5Wrapper.h usability
configure:18336: g++ -c -g -O2  -std=c++1y -D__STDC_FORMAT_MACROS   -I/usr/include/python2.7 -I/usr/include/python2.7  -I/home/karamati/local/sstcore-7.1.0/include/sst/core -I/home/karamati/local/sstcore-7.1.0/include conftest.cpp >&5
conftest.cpp:83:25: fatal error: Gem5Wrapper.h: No such file or directory
 #include <Gem5Wrapper.h>
                         ^
compilation terminated.
configure:18336: $? = 1
configure: failed program was:
| /* confdefs.h */
| #define PACKAGE_NAME "SST Elements Library"
| #define PACKAGE_TARNAME "sst-elements-library"
| #define PACKAGE_VERSION "7.1.0"
| #define PACKAGE_STRING "SST Elements Library 7.1.0"
| #define PACKAGE_BUGREPORT "sst@sandia.gov"
| #define PACKAGE_URL ""
| #define TIME_WITH_SYS_TIME 1
| #define STDC_HEADERS 1
| #define HAVE_SYS_TYPES_H 1
| #define HAVE_SYS_STAT_H 1
| #define HAVE_STDLIB_H 1
| #define HAVE_STRING_H 1
| #define HAVE_MEMORY_H 1
| #define HAVE_STRINGS_H 1
| #define HAVE_INTTYPES_H 1
| #define HAVE_STDINT_H 1
| #define HAVE_UNISTD_H 1
| #define HAVE_DLFCN_H 1
| #define LT_OBJDIR ".libs/"
| #define LT_MODULE_EXT ".so"
| #define LT_MODULE_PATH_VAR "LD_LIBRARY_PATH"
| #define LT_DLSEARCH_PATH "/lib64:/usr/lib64:/lib:/usr/lib:/usr/lib64/atlas:/usr/lib64/mysql"
| #define HAVE_LIBDL 1
| #define HAVE_DLERROR 1
| #define HAVE_LIBDLLOADER 1
| #define HAVE_ARGZ_H 1
| #define HAVE_ERROR_T 1
| #define HAVE_ARGZ_ADD 1
| #define HAVE_ARGZ_APPEND 1
| #define HAVE_ARGZ_COUNT 1
| #define HAVE_ARGZ_CREATE_SEP 1
| #define HAVE_ARGZ_INSERT 1
| #define HAVE_ARGZ_NEXT 1
| #define HAVE_ARGZ_STRINGIFY 1
| #define HAVE_WORKING_ARGZ 1
| #define HAVE_PRELOADED_SYMBOLS 1
| #define HAVE_UNISTD_H 1
| #define HAVE_DIRENT_H 1
| #define HAVE_CLOSEDIR 1
| #define HAVE_OPENDIR 1
| #define HAVE_READDIR 1
| #define LT_LIBEXT "a"
| #define LT_LIBPREFIX "lib"
| #define TIME_WITH_SYS_TIME 1
| #define PINTOOL_EXECUTABLE ""
| #define HAVE_SHM 1
| #define SST_SYSTEMC_LIBDIR ""
| /* end confdefs.h.  */
| #include <stdio.h>
| #ifdef HAVE_SYS_TYPES_H
| # include <sys/types.h>
| #endif
| #ifdef HAVE_SYS_STAT_H
| # include <sys/stat.h>
| #endif
| #ifdef STDC_HEADERS
| # include <stdlib.h>
| # include <stddef.h>
| #else
| # ifdef HAVE_STDLIB_H
| #  include <stdlib.h>
| # endif
| #endif
| #ifdef HAVE_STRING_H
| # if !defined STDC_HEADERS && defined HAVE_MEMORY_H
| #  include <memory.h>
| # endif
| # include <string.h>
| #endif
| #ifdef HAVE_STRINGS_H
| # include <strings.h>
| #endif
| #ifdef HAVE_INTTYPES_H
| # include <inttypes.h>
| #endif
| #ifdef HAVE_STDINT_H
| # include <stdint.h>
| #endif
| #ifdef HAVE_UNISTD_H
| # include <unistd.h>
| #endif
| #include <Gem5Wrapper.h>
configure:18336: result: no
configure:18336: checking Gem5Wrapper.h presence
configure:18336: g++ -E   -I/usr/include/python2.7 -I/usr/include/python2.7  -I/home/karamati/local/sstcore-7.1.0/include/sst/core -I/home/karamati/local/sstcore-7.1.0/include conftest.cpp
conftest.cpp:50:25: fatal error: Gem5Wrapper.h: No such file or directory
 #include <Gem5Wrapper.h>
                         ^
compilation terminated.
configure:18336: $? = 1
configure: failed program was:
| /* confdefs.h */
| #define PACKAGE_NAME "SST Elements Library"
| #define PACKAGE_TARNAME "sst-elements-library"
| #define PACKAGE_VERSION "7.1.0"
| #define PACKAGE_STRING "SST Elements Library 7.1.0"
| #define PACKAGE_BUGREPORT "sst@sandia.gov"
| #define PACKAGE_URL ""
| #define TIME_WITH_SYS_TIME 1
| #define STDC_HEADERS 1
| #define HAVE_SYS_TYPES_H 1
| #define HAVE_SYS_STAT_H 1
| #define HAVE_STDLIB_H 1
| #define HAVE_STRING_H 1
| #define HAVE_MEMORY_H 1
| #define HAVE_STRINGS_H 1
| #define HAVE_INTTYPES_H 1
| #define HAVE_STDINT_H 1
| #define HAVE_UNISTD_H 1
| #define HAVE_DLFCN_H 1
| #define LT_OBJDIR ".libs/"
| #define LT_MODULE_EXT ".so"
| #define LT_MODULE_PATH_VAR "LD_LIBRARY_PATH"
| #define LT_DLSEARCH_PATH "/lib64:/usr/lib64:/lib:/usr/lib:/usr/lib64/atlas:/usr/lib64/mysql"
| #define HAVE_LIBDL 1
| #define HAVE_DLERROR 1
| #define HAVE_LIBDLLOADER 1
| #define HAVE_ARGZ_H 1
| #define HAVE_ERROR_T 1
| #define HAVE_ARGZ_ADD 1
| #define HAVE_ARGZ_APPEND 1
| #define HAVE_ARGZ_COUNT 1
| #define HAVE_ARGZ_CREATE_SEP 1
| #define HAVE_ARGZ_INSERT 1
| #define HAVE_ARGZ_NEXT 1
| #define HAVE_ARGZ_STRINGIFY 1
| #define HAVE_WORKING_ARGZ 1
| #define HAVE_PRELOADED_SYMBOLS 1
| #define HAVE_UNISTD_H 1
| #define HAVE_DIRENT_H 1
| #define HAVE_CLOSEDIR 1
| #define HAVE_OPENDIR 1
| #define HAVE_READDIR 1
| #define LT_LIBEXT "a"
| #define LT_LIBPREFIX "lib"
| #define TIME_WITH_SYS_TIME 1
| #define PINTOOL_EXECUTABLE ""
| #define HAVE_SHM 1
| #define SST_SYSTEMC_LIBDIR ""
| /* end confdefs.h.  */
| #include <Gem5Wrapper.h>
configure:18336: result: no
configure:18336: checking for Gem5Wrapper.h
configure:18336: result: no
configure:18348: checking for libramulator_is_present in -lramulator
configure:18373: g++ -o conftest -g -O2  -std=c++1y -D__STDC_FORMAT_MACROS   -I/usr/include/python2.7 -I/usr/include/python2.7  -I/home/karamati/local/sstcore-7.1.0/include/sst/core -I/home/karamati/local/sstcore-7.1.0/include    -lpthread -ldl -lutil -lm -lpython2.7 -Xlinker -export-dynamic conftest.cpp -lramulator  -ldl   -ldl  >&5
/usr/bin/ld: cannot find -lramulator
collect2: error: ld returned 1 exit status
configure:18373: $? = 1
configure: failed program was:
| /* confdefs.h */
| #define PACKAGE_NAME "SST Elements Library"
| #define PACKAGE_TARNAME "sst-elements-library"
| #define PACKAGE_VERSION "7.1.0"
| #define PACKAGE_STRING "SST Elements Library 7.1.0"
| #define PACKAGE_BUGREPORT "sst@sandia.gov"
| #define PACKAGE_URL ""
| #define TIME_WITH_SYS_TIME 1
| #define STDC_HEADERS 1
| #define HAVE_SYS_TYPES_H 1
| #define HAVE_SYS_STAT_H 1
| #define HAVE_STDLIB_H 1
| #define HAVE_STRING_H 1
| #define HAVE_MEMORY_H 1
| #define HAVE_STRINGS_H 1
| #define HAVE_INTTYPES_H 1
| #define HAVE_STDINT_H 1
| #define HAVE_UNISTD_H 1
| #define HAVE_DLFCN_H 1
| #define LT_OBJDIR ".libs/"
| #define LT_MODULE_EXT ".so"
| #define LT_MODULE_PATH_VAR "LD_LIBRARY_PATH"
| #define LT_DLSEARCH_PATH "/lib64:/usr/lib64:/lib:/usr/lib:/usr/lib64/atlas:/usr/lib64/mysql"
| #define HAVE_LIBDL 1
| #define HAVE_DLERROR 1
| #define HAVE_LIBDLLOADER 1
| #define HAVE_ARGZ_H 1
| #define HAVE_ERROR_T 1
| #define HAVE_ARGZ_ADD 1
| #define HAVE_ARGZ_APPEND 1
| #define HAVE_ARGZ_COUNT 1
| #define HAVE_ARGZ_CREATE_SEP 1
| #define HAVE_ARGZ_INSERT 1
| #define HAVE_ARGZ_NEXT 1
| #define HAVE_ARGZ_STRINGIFY 1
| #define HAVE_WORKING_ARGZ 1
| #define HAVE_PRELOADED_SYMBOLS 1
| #define HAVE_UNISTD_H 1
| #define HAVE_DIRENT_H 1
| #define HAVE_CLOSEDIR 1
| #define HAVE_OPENDIR 1
| #define HAVE_READDIR 1
| #define LT_LIBEXT "a"
| #define LT_LIBPREFIX "lib"
| #define TIME_WITH_SYS_TIME 1
| #define PINTOOL_EXECUTABLE ""
| #define HAVE_SHM 1
| #define SST_SYSTEMC_LIBDIR ""
| /* end confdefs.h.  */
| 
| /* Override any GCC internal prototype to avoid an error.
|    Use char because int might match the return type of a GCC
|    builtin and then its argument prototype would still apply.  */
| #ifdef __cplusplus
| extern "C"
| #endif
| char libramulator_is_present ();
| int
| main ()
| {
| return libramulator_is_present ();
|   ;
|   return 0;
| }
configure:18382: result: no
configure:18467: checking DRAMSim.h usability
configure:18467: g++ -c -g -O2  -std=c++1y -D__STDC_FORMAT_MACROS   -I/usr/include/python2.7 -I/usr/include/python2.7  -I/home/karamati/local/sstcore-7.1.0/include/sst/core -I/home/karamati/local/sstcore-7.1.0/include conftest.cpp >&5
conftest.cpp:84:21: fatal error: DRAMSim.h: No such file or directory
 #include <DRAMSim.h>
                     ^
compilation terminated.
configure:18467: $? = 1
configure: failed program was:
| /* confdefs.h */
| #define PACKAGE_NAME "SST Elements Library"
| #define PACKAGE_TARNAME "sst-elements-library"
| #define PACKAGE_VERSION "7.1.0"
| #define PACKAGE_STRING "SST Elements Library 7.1.0"
| #define PACKAGE_BUGREPORT "sst@sandia.gov"
| #define PACKAGE_URL ""
| #define TIME_WITH_SYS_TIME 1
| #define STDC_HEADERS 1
| #define HAVE_SYS_TYPES_H 1
| #define HAVE_SYS_STAT_H 1
| #define HAVE_STDLIB_H 1
| #define HAVE_STRING_H 1
| #define HAVE_MEMORY_H 1
| #define HAVE_STRINGS_H 1
| #define HAVE_INTTYPES_H 1
| #define HAVE_STDINT_H 1
| #define HAVE_UNISTD_H 1
| #define HAVE_DLFCN_H 1
| #define LT_OBJDIR ".libs/"
| #define LT_MODULE_EXT ".so"
| #define LT_MODULE_PATH_VAR "LD_LIBRARY_PATH"
| #define LT_DLSEARCH_PATH "/lib64:/usr/lib64:/lib:/usr/lib:/usr/lib64/atlas:/usr/lib64/mysql"
| #define HAVE_LIBDL 1
| #define HAVE_DLERROR 1
| #define HAVE_LIBDLLOADER 1
| #define HAVE_ARGZ_H 1
| #define HAVE_ERROR_T 1
| #define HAVE_ARGZ_ADD 1
| #define HAVE_ARGZ_APPEND 1
| #define HAVE_ARGZ_COUNT 1
| #define HAVE_ARGZ_CREATE_SEP 1
| #define HAVE_ARGZ_INSERT 1
| #define HAVE_ARGZ_NEXT 1
| #define HAVE_ARGZ_STRINGIFY 1
| #define HAVE_WORKING_ARGZ 1
| #define HAVE_PRELOADED_SYMBOLS 1
| #define HAVE_UNISTD_H 1
| #define HAVE_DIRENT_H 1
| #define HAVE_CLOSEDIR 1
| #define HAVE_OPENDIR 1
| #define HAVE_READDIR 1
| #define LT_LIBEXT "a"
| #define LT_LIBPREFIX "lib"
| #define TIME_WITH_SYS_TIME 1
| #define PINTOOL_EXECUTABLE ""
| #define HAVE_SHM 1
| #define SST_SYSTEMC_LIBDIR ""
| #define RAMULATOR_LIBDIR ""
| /* end confdefs.h.  */
| #include <stdio.h>
| #ifdef HAVE_SYS_TYPES_H
| # include <sys/types.h>
| #endif
| #ifdef HAVE_SYS_STAT_H
| # include <sys/stat.h>
| #endif
| #ifdef STDC_HEADERS
| # include <stdlib.h>
| # include <stddef.h>
| #else
| # ifdef HAVE_STDLIB_H
| #  include <stdlib.h>
| # endif
| #endif
| #ifdef HAVE_STRING_H
| # if !defined STDC_HEADERS && defined HAVE_MEMORY_H
| #  include <memory.h>
| # endif
| # include <string.h>
| #endif
| #ifdef HAVE_STRINGS_H
| # include <strings.h>
| #endif
| #ifdef HAVE_INTTYPES_H
| # include <inttypes.h>
| #endif
| #ifdef HAVE_STDINT_H
| # include <stdint.h>
| #endif
| #ifdef HAVE_UNISTD_H
| # include <unistd.h>
| #endif
| #include <DRAMSim.h>
configure:18467: result: no
configure:18467: checking DRAMSim.h presence
configure:18467: g++ -E   -I/usr/include/python2.7 -I/usr/include/python2.7  -I/home/karamati/local/sstcore-7.1.0/include/sst/core -I/home/karamati/local/sstcore-7.1.0/include conftest.cpp
conftest.cpp:51:21: fatal error: DRAMSim.h: No such file or directory
 #include <DRAMSim.h>
                     ^
compilation terminated.
configure:18467: $? = 1
configure: failed program was:
| /* confdefs.h */
| #define PACKAGE_NAME "SST Elements Library"
| #define PACKAGE_TARNAME "sst-elements-library"
| #define PACKAGE_VERSION "7.1.0"
| #define PACKAGE_STRING "SST Elements Library 7.1.0"
| #define PACKAGE_BUGREPORT "sst@sandia.gov"
| #define PACKAGE_URL ""
| #define TIME_WITH_SYS_TIME 1
| #define STDC_HEADERS 1
| #define HAVE_SYS_TYPES_H 1
| #define HAVE_SYS_STAT_H 1
| #define HAVE_STDLIB_H 1
| #define HAVE_STRING_H 1
| #define HAVE_MEMORY_H 1
| #define HAVE_STRINGS_H 1
| #define HAVE_INTTYPES_H 1
| #define HAVE_STDINT_H 1
| #define HAVE_UNISTD_H 1
| #define HAVE_DLFCN_H 1
| #define LT_OBJDIR ".libs/"
| #define LT_MODULE_EXT ".so"
| #define LT_MODULE_PATH_VAR "LD_LIBRARY_PATH"
| #define LT_DLSEARCH_PATH "/lib64:/usr/lib64:/lib:/usr/lib:/usr/lib64/atlas:/usr/lib64/mysql"
| #define HAVE_LIBDL 1
| #define HAVE_DLERROR 1
| #define HAVE_LIBDLLOADER 1
| #define HAVE_ARGZ_H 1
| #define HAVE_ERROR_T 1
| #define HAVE_ARGZ_ADD 1
| #define HAVE_ARGZ_APPEND 1
| #define HAVE_ARGZ_COUNT 1
| #define HAVE_ARGZ_CREATE_SEP 1
| #define HAVE_ARGZ_INSERT 1
| #define HAVE_ARGZ_NEXT 1
| #define HAVE_ARGZ_STRINGIFY 1
| #define HAVE_WORKING_ARGZ 1
| #define HAVE_PRELOADED_SYMBOLS 1
| #define HAVE_UNISTD_H 1
| #define HAVE_DIRENT_H 1
| #define HAVE_CLOSEDIR 1
| #define HAVE_OPENDIR 1
| #define HAVE_READDIR 1
| #define LT_LIBEXT "a"
| #define LT_LIBPREFIX "lib"
| #define TIME_WITH_SYS_TIME 1
| #define PINTOOL_EXECUTABLE ""
| #define HAVE_SHM 1
| #define SST_SYSTEMC_LIBDIR ""
| #define RAMULATOR_LIBDIR ""
| /* end confdefs.h.  */
| #include <DRAMSim.h>
configure:18467: result: no
configure:18467: checking for DRAMSim.h
configure:18467: result: no
configure:18479: checking for libdramsim_is_present in -ldramsim
configure:18504: g++ -o conftest -g -O2  -std=c++1y -D__STDC_FORMAT_MACROS   -I/usr/include/python2.7 -I/usr/include/python2.7  -I/home/karamati/local/sstcore-7.1.0/include/sst/core -I/home/karamati/local/sstcore-7.1.0/include    -lpthread -ldl -lutil -lm -lpython2.7 -Xlinker -export-dynamic conftest.cpp -ldramsim  -ldl   -ldl  >&5
/usr/bin/ld: cannot find -ldramsim
collect2: error: ld returned 1 exit status
configure:18504: $? = 1
configure: failed program was:
| /* confdefs.h */
| #define PACKAGE_NAME "SST Elements Library"
| #define PACKAGE_TARNAME "sst-elements-library"
| #define PACKAGE_VERSION "7.1.0"
| #define PACKAGE_STRING "SST Elements Library 7.1.0"
| #define PACKAGE_BUGREPORT "sst@sandia.gov"
| #define PACKAGE_URL ""
| #define TIME_WITH_SYS_TIME 1
| #define STDC_HEADERS 1
| #define HAVE_SYS_TYPES_H 1
| #define HAVE_SYS_STAT_H 1
| #define HAVE_STDLIB_H 1
| #define HAVE_STRING_H 1
| #define HAVE_MEMORY_H 1
| #define HAVE_STRINGS_H 1
| #define HAVE_INTTYPES_H 1
| #define HAVE_STDINT_H 1
| #define HAVE_UNISTD_H 1
| #define HAVE_DLFCN_H 1
| #define LT_OBJDIR ".libs/"
| #define LT_MODULE_EXT ".so"
| #define LT_MODULE_PATH_VAR "LD_LIBRARY_PATH"
| #define LT_DLSEARCH_PATH "/lib64:/usr/lib64:/lib:/usr/lib:/usr/lib64/atlas:/usr/lib64/mysql"
| #define HAVE_LIBDL 1
| #define HAVE_DLERROR 1
| #define HAVE_LIBDLLOADER 1
| #define HAVE_ARGZ_H 1
| #define HAVE_ERROR_T 1
| #define HAVE_ARGZ_ADD 1
| #define HAVE_ARGZ_APPEND 1
| #define HAVE_ARGZ_COUNT 1
| #define HAVE_ARGZ_CREATE_SEP 1
| #define HAVE_ARGZ_INSERT 1
| #define HAVE_ARGZ_NEXT 1
| #define HAVE_ARGZ_STRINGIFY 1
| #define HAVE_WORKING_ARGZ 1
| #define HAVE_PRELOADED_SYMBOLS 1
| #define HAVE_UNISTD_H 1
| #define HAVE_DIRENT_H 1
| #define HAVE_CLOSEDIR 1
| #define HAVE_OPENDIR 1
| #define HAVE_READDIR 1
| #define LT_LIBEXT "a"
| #define LT_LIBPREFIX "lib"
| #define TIME_WITH_SYS_TIME 1
| #define PINTOOL_EXECUTABLE ""
| #define HAVE_SHM 1
| #define SST_SYSTEMC_LIBDIR ""
| #define RAMULATOR_LIBDIR ""
| /* end confdefs.h.  */
| 
| /* Override any GCC internal prototype to avoid an error.
|    Use char because int might match the return type of a GCC
|    builtin and then its argument prototype would still apply.  */
| #ifdef __cplusplus
| extern "C"
| #endif
| char libdramsim_is_present ();
| int
| main ()
| {
| return libdramsim_is_present ();
|   ;
|   return 0;
| }
configure:18513: result: no
configure:18598: checking HybridSim.h usability
configure:18598: g++ -c -g -O2  -std=c++1y -D__STDC_FORMAT_MACROS   -I/usr/include/python2.7 -I/usr/include/python2.7  -I/home/karamati/local/sstcore-7.1.0/include/sst/core -I/home/karamati/local/sstcore-7.1.0/include conftest.cpp >&5
conftest.cpp:85:23: fatal error: HybridSim.h: No such file or directory
 #include <HybridSim.h>
                       ^
compilation terminated.
configure:18598: $? = 1
configure: failed program was:
| /* confdefs.h */
| #define PACKAGE_NAME "SST Elements Library"
| #define PACKAGE_TARNAME "sst-elements-library"
| #define PACKAGE_VERSION "7.1.0"
| #define PACKAGE_STRING "SST Elements Library 7.1.0"
| #define PACKAGE_BUGREPORT "sst@sandia.gov"
| #define PACKAGE_URL ""
| #define TIME_WITH_SYS_TIME 1
| #define STDC_HEADERS 1
| #define HAVE_SYS_TYPES_H 1
| #define HAVE_SYS_STAT_H 1
| #define HAVE_STDLIB_H 1
| #define HAVE_STRING_H 1
| #define HAVE_MEMORY_H 1
| #define HAVE_STRINGS_H 1
| #define HAVE_INTTYPES_H 1
| #define HAVE_STDINT_H 1
| #define HAVE_UNISTD_H 1
| #define HAVE_DLFCN_H 1
| #define LT_OBJDIR ".libs/"
| #define LT_MODULE_EXT ".so"
| #define LT_MODULE_PATH_VAR "LD_LIBRARY_PATH"
| #define LT_DLSEARCH_PATH "/lib64:/usr/lib64:/lib:/usr/lib:/usr/lib64/atlas:/usr/lib64/mysql"
| #define HAVE_LIBDL 1
| #define HAVE_DLERROR 1
| #define HAVE_LIBDLLOADER 1
| #define HAVE_ARGZ_H 1
| #define HAVE_ERROR_T 1
| #define HAVE_ARGZ_ADD 1
| #define HAVE_ARGZ_APPEND 1
| #define HAVE_ARGZ_COUNT 1
| #define HAVE_ARGZ_CREATE_SEP 1
| #define HAVE_ARGZ_INSERT 1
| #define HAVE_ARGZ_NEXT 1
| #define HAVE_ARGZ_STRINGIFY 1
| #define HAVE_WORKING_ARGZ 1
| #define HAVE_PRELOADED_SYMBOLS 1
| #define HAVE_UNISTD_H 1
| #define HAVE_DIRENT_H 1
| #define HAVE_CLOSEDIR 1
| #define HAVE_OPENDIR 1
| #define HAVE_READDIR 1
| #define LT_LIBEXT "a"
| #define LT_LIBPREFIX "lib"
| #define TIME_WITH_SYS_TIME 1
| #define PINTOOL_EXECUTABLE ""
| #define HAVE_SHM 1
| #define SST_SYSTEMC_LIBDIR ""
| #define RAMULATOR_LIBDIR ""
| #define DRAMSIM_LIBDIR ""
| /* end confdefs.h.  */
| #include <stdio.h>
| #ifdef HAVE_SYS_TYPES_H
| # include <sys/types.h>
| #endif
| #ifdef HAVE_SYS_STAT_H
| # include <sys/stat.h>
| #endif
| #ifdef STDC_HEADERS
| # include <stdlib.h>
| # include <stddef.h>
| #else
| # ifdef HAVE_STDLIB_H
| #  include <stdlib.h>
| # endif
| #endif
| #ifdef HAVE_STRING_H
| # if !defined STDC_HEADERS && defined HAVE_MEMORY_H
| #  include <memory.h>
| # endif
| # include <string.h>
| #endif
| #ifdef HAVE_STRINGS_H
| # include <strings.h>
| #endif
| #ifdef HAVE_INTTYPES_H
| # include <inttypes.h>
| #endif
| #ifdef HAVE_STDINT_H
| # include <stdint.h>
| #endif
| #ifdef HAVE_UNISTD_H
| # include <unistd.h>
| #endif
| #include <HybridSim.h>
configure:18598: result: no
configure:18598: checking HybridSim.h presence
configure:18598: g++ -E   -I/usr/include/python2.7 -I/usr/include/python2.7  -I/home/karamati/local/sstcore-7.1.0/include/sst/core -I/home/karamati/local/sstcore-7.1.0/include conftest.cpp
conftest.cpp:52:23: fatal error: HybridSim.h: No such file or directory
 #include <HybridSim.h>
                       ^
compilation terminated.
configure:18598: $? = 1
configure: failed program was:
| /* confdefs.h */
| #define PACKAGE_NAME "SST Elements Library"
| #define PACKAGE_TARNAME "sst-elements-library"
| #define PACKAGE_VERSION "7.1.0"
| #define PACKAGE_STRING "SST Elements Library 7.1.0"
| #define PACKAGE_BUGREPORT "sst@sandia.gov"
| #define PACKAGE_URL ""
| #define TIME_WITH_SYS_TIME 1
| #define STDC_HEADERS 1
| #define HAVE_SYS_TYPES_H 1
| #define HAVE_SYS_STAT_H 1
| #define HAVE_STDLIB_H 1
| #define HAVE_STRING_H 1
| #define HAVE_MEMORY_H 1
| #define HAVE_STRINGS_H 1
| #define HAVE_INTTYPES_H 1
| #define HAVE_STDINT_H 1
| #define HAVE_UNISTD_H 1
| #define HAVE_DLFCN_H 1
| #define LT_OBJDIR ".libs/"
| #define LT_MODULE_EXT ".so"
| #define LT_MODULE_PATH_VAR "LD_LIBRARY_PATH"
| #define LT_DLSEARCH_PATH "/lib64:/usr/lib64:/lib:/usr/lib:/usr/lib64/atlas:/usr/lib64/mysql"
| #define HAVE_LIBDL 1
| #define HAVE_DLERROR 1
| #define HAVE_LIBDLLOADER 1
| #define HAVE_ARGZ_H 1
| #define HAVE_ERROR_T 1
| #define HAVE_ARGZ_ADD 1
| #define HAVE_ARGZ_APPEND 1
| #define HAVE_ARGZ_COUNT 1
| #define HAVE_ARGZ_CREATE_SEP 1
| #define HAVE_ARGZ_INSERT 1
| #define HAVE_ARGZ_NEXT 1
| #define HAVE_ARGZ_STRINGIFY 1
| #define HAVE_WORKING_ARGZ 1
| #define HAVE_PRELOADED_SYMBOLS 1
| #define HAVE_UNISTD_H 1
| #define HAVE_DIRENT_H 1
| #define HAVE_CLOSEDIR 1
| #define HAVE_OPENDIR 1
| #define HAVE_READDIR 1
| #define LT_LIBEXT "a"
| #define LT_LIBPREFIX "lib"
| #define TIME_WITH_SYS_TIME 1
| #define PINTOOL_EXECUTABLE ""
| #define HAVE_SHM 1
| #define SST_SYSTEMC_LIBDIR ""
| #define RAMULATOR_LIBDIR ""
| #define DRAMSIM_LIBDIR ""
| /* end confdefs.h.  */
| #include <HybridSim.h>
configure:18598: result: no
configure:18598: checking for HybridSim.h
configure:18598: result: no
configure:18610: checking for libhybridsim_is_present in -lhybridsim
configure:18635: g++ -o conftest -g -O2  -std=c++1y -D__STDC_FORMAT_MACROS   -I/usr/include/python2.7 -I/usr/include/python2.7  -I/home/karamati/local/sstcore-7.1.0/include/sst/core -I/home/karamati/local/sstcore-7.1.0/include    -lpthread -ldl -lutil -lm -lpython2.7 -Xlinker -export-dynamic conftest.cpp -lhybridsim  -ldl   -ldl  >&5
/usr/bin/ld: cannot find -lhybridsim
collect2: error: ld returned 1 exit status
configure:18635: $? = 1
configure: failed program was:
| /* confdefs.h */
| #define PACKAGE_NAME "SST Elements Library"
| #define PACKAGE_TARNAME "sst-elements-library"
| #define PACKAGE_VERSION "7.1.0"
| #define PACKAGE_STRING "SST Elements Library 7.1.0"
| #define PACKAGE_BUGREPORT "sst@sandia.gov"
| #define PACKAGE_URL ""
| #define TIME_WITH_SYS_TIME 1
| #define STDC_HEADERS 1
| #define HAVE_SYS_TYPES_H 1
| #define HAVE_SYS_STAT_H 1
| #define HAVE_STDLIB_H 1
| #define HAVE_STRING_H 1
| #define HAVE_MEMORY_H 1
| #define HAVE_STRINGS_H 1
| #define HAVE_INTTYPES_H 1
| #define HAVE_STDINT_H 1
| #define HAVE_UNISTD_H 1
| #define HAVE_DLFCN_H 1
| #define LT_OBJDIR ".libs/"
| #define LT_MODULE_EXT ".so"
| #define LT_MODULE_PATH_VAR "LD_LIBRARY_PATH"
| #define LT_DLSEARCH_PATH "/lib64:/usr/lib64:/lib:/usr/lib:/usr/lib64/atlas:/usr/lib64/mysql"
| #define HAVE_LIBDL 1
| #define HAVE_DLERROR 1
| #define HAVE_LIBDLLOADER 1
| #define HAVE_ARGZ_H 1
| #define HAVE_ERROR_T 1
| #define HAVE_ARGZ_ADD 1
| #define HAVE_ARGZ_APPEND 1
| #define HAVE_ARGZ_COUNT 1
| #define HAVE_ARGZ_CREATE_SEP 1
| #define HAVE_ARGZ_INSERT 1
| #define HAVE_ARGZ_NEXT 1
| #define HAVE_ARGZ_STRINGIFY 1
| #define HAVE_WORKING_ARGZ 1
| #define HAVE_PRELOADED_SYMBOLS 1
| #define HAVE_UNISTD_H 1
| #define HAVE_DIRENT_H 1
| #define HAVE_CLOSEDIR 1
| #define HAVE_OPENDIR 1
| #define HAVE_READDIR 1
| #define LT_LIBEXT "a"
| #define LT_LIBPREFIX "lib"
| #define TIME_WITH_SYS_TIME 1
| #define PINTOOL_EXECUTABLE ""
| #define HAVE_SHM 1
| #define SST_SYSTEMC_LIBDIR ""
| #define RAMULATOR_LIBDIR ""
| #define DRAMSIM_LIBDIR ""
| /* end confdefs.h.  */
| 
| /* Override any GCC internal prototype to avoid an error.
|    Use char because int might match the return type of a GCC
|    builtin and then its argument prototype would still apply.  */
| #ifdef __cplusplus
| extern "C"
| #endif
| char libhybridsim_is_present ();
| int
| main ()
| {
| return libhybridsim_is_present ();
|   ;
|   return 0;
| }
configure:18644: result: no
configure:18732: checking hmc_sim.h usability
configure:18732: g++ -c -g -O2  -std=c++1y -D__STDC_FORMAT_MACROS   -I/usr/include/python2.7 -I/usr/include/python2.7  -I/home/karamati/local/sstcore-7.1.0/include/sst/core -I/home/karamati/local/sstcore-7.1.0/include conftest.cpp >&5
conftest.cpp:86:21: fatal error: hmc_sim.h: No such file or directory
 #include <hmc_sim.h>
                     ^
compilation terminated.
configure:18732: $? = 1
configure: failed program was:
| /* confdefs.h */
| #define PACKAGE_NAME "SST Elements Library"
| #define PACKAGE_TARNAME "sst-elements-library"
| #define PACKAGE_VERSION "7.1.0"
| #define PACKAGE_STRING "SST Elements Library 7.1.0"
| #define PACKAGE_BUGREPORT "sst@sandia.gov"
| #define PACKAGE_URL ""
| #define TIME_WITH_SYS_TIME 1
| #define STDC_HEADERS 1
| #define HAVE_SYS_TYPES_H 1
| #define HAVE_SYS_STAT_H 1
| #define HAVE_STDLIB_H 1
| #define HAVE_STRING_H 1
| #define HAVE_MEMORY_H 1
| #define HAVE_STRINGS_H 1
| #define HAVE_INTTYPES_H 1
| #define HAVE_STDINT_H 1
| #define HAVE_UNISTD_H 1
| #define HAVE_DLFCN_H 1
| #define LT_OBJDIR ".libs/"
| #define LT_MODULE_EXT ".so"
| #define LT_MODULE_PATH_VAR "LD_LIBRARY_PATH"
| #define LT_DLSEARCH_PATH "/lib64:/usr/lib64:/lib:/usr/lib:/usr/lib64/atlas:/usr/lib64/mysql"
| #define HAVE_LIBDL 1
| #define HAVE_DLERROR 1
| #define HAVE_LIBDLLOADER 1
| #define HAVE_ARGZ_H 1
| #define HAVE_ERROR_T 1
| #define HAVE_ARGZ_ADD 1
| #define HAVE_ARGZ_APPEND 1
| #define HAVE_ARGZ_COUNT 1
| #define HAVE_ARGZ_CREATE_SEP 1
| #define HAVE_ARGZ_INSERT 1
| #define HAVE_ARGZ_NEXT 1
| #define HAVE_ARGZ_STRINGIFY 1
| #define HAVE_WORKING_ARGZ 1
| #define HAVE_PRELOADED_SYMBOLS 1
| #define HAVE_UNISTD_H 1
| #define HAVE_DIRENT_H 1
| #define HAVE_CLOSEDIR 1
| #define HAVE_OPENDIR 1
| #define HAVE_READDIR 1
| #define LT_LIBEXT "a"
| #define LT_LIBPREFIX "lib"
| #define TIME_WITH_SYS_TIME 1
| #define PINTOOL_EXECUTABLE ""
| #define HAVE_SHM 1
| #define SST_SYSTEMC_LIBDIR ""
| #define RAMULATOR_LIBDIR ""
| #define DRAMSIM_LIBDIR ""
| #define HYBRIDSIM_LIBDIR ""
| /* end confdefs.h.  */
| #include <stdio.h>
| #ifdef HAVE_SYS_TYPES_H
| # include <sys/types.h>
| #endif
| #ifdef HAVE_SYS_STAT_H
| # include <sys/stat.h>
| #endif
| #ifdef STDC_HEADERS
| # include <stdlib.h>
| # include <stddef.h>
| #else
| # ifdef HAVE_STDLIB_H
| #  include <stdlib.h>
| # endif
| #endif
| #ifdef HAVE_STRING_H
| # if !defined STDC_HEADERS && defined HAVE_MEMORY_H
| #  include <memory.h>
| # endif
| # include <string.h>
| #endif
| #ifdef HAVE_STRINGS_H
| # include <strings.h>
| #endif
| #ifdef HAVE_INTTYPES_H
| # include <inttypes.h>
| #endif
| #ifdef HAVE_STDINT_H
| # include <stdint.h>
| #endif
| #ifdef HAVE_UNISTD_H
| # include <unistd.h>
| #endif
| #include <hmc_sim.h>
configure:18732: result: no
configure:18732: checking hmc_sim.h presence
configure:18732: g++ -E   -I/usr/include/python2.7 -I/usr/include/python2.7  -I/home/karamati/local/sstcore-7.1.0/include/sst/core -I/home/karamati/local/sstcore-7.1.0/include conftest.cpp
conftest.cpp:53:21: fatal error: hmc_sim.h: No such file or directory
 #include <hmc_sim.h>
                     ^
compilation terminated.
configure:18732: $? = 1
configure: failed program was:
| /* confdefs.h */
| #define PACKAGE_NAME "SST Elements Library"
| #define PACKAGE_TARNAME "sst-elements-library"
| #define PACKAGE_VERSION "7.1.0"
| #define PACKAGE_STRING "SST Elements Library 7.1.0"
| #define PACKAGE_BUGREPORT "sst@sandia.gov"
| #define PACKAGE_URL ""
| #define TIME_WITH_SYS_TIME 1
| #define STDC_HEADERS 1
| #define HAVE_SYS_TYPES_H 1
| #define HAVE_SYS_STAT_H 1
| #define HAVE_STDLIB_H 1
| #define HAVE_STRING_H 1
| #define HAVE_MEMORY_H 1
| #define HAVE_STRINGS_H 1
| #define HAVE_INTTYPES_H 1
| #define HAVE_STDINT_H 1
| #define HAVE_UNISTD_H 1
| #define HAVE_DLFCN_H 1
| #define LT_OBJDIR ".libs/"
| #define LT_MODULE_EXT ".so"
| #define LT_MODULE_PATH_VAR "LD_LIBRARY_PATH"
| #define LT_DLSEARCH_PATH "/lib64:/usr/lib64:/lib:/usr/lib:/usr/lib64/atlas:/usr/lib64/mysql"
| #define HAVE_LIBDL 1
| #define HAVE_DLERROR 1
| #define HAVE_LIBDLLOADER 1
| #define HAVE_ARGZ_H 1
| #define HAVE_ERROR_T 1
| #define HAVE_ARGZ_ADD 1
| #define HAVE_ARGZ_APPEND 1
| #define HAVE_ARGZ_COUNT 1
| #define HAVE_ARGZ_CREATE_SEP 1
| #define HAVE_ARGZ_INSERT 1
| #define HAVE_ARGZ_NEXT 1
| #define HAVE_ARGZ_STRINGIFY 1
| #define HAVE_WORKING_ARGZ 1
| #define HAVE_PRELOADED_SYMBOLS 1
| #define HAVE_UNISTD_H 1
| #define HAVE_DIRENT_H 1
| #define HAVE_CLOSEDIR 1
| #define HAVE_OPENDIR 1
| #define HAVE_READDIR 1
| #define LT_LIBEXT "a"
| #define LT_LIBPREFIX "lib"
| #define TIME_WITH_SYS_TIME 1
| #define PINTOOL_EXECUTABLE ""
| #define HAVE_SHM 1
| #define SST_SYSTEMC_LIBDIR ""
| #define RAMULATOR_LIBDIR ""
| #define DRAMSIM_LIBDIR ""
| #define HYBRIDSIM_LIBDIR ""
| /* end confdefs.h.  */
| #include <hmc_sim.h>
configure:18732: result: no
configure:18732: checking for hmc_sim.h
configure:18732: result: no
configure:18747: checking for hmcsim_clock in -lhmcsim
configure:18772: gcc -std=gnu99 -o conftest -g -O2    -I/usr/include/python2.7 -I/usr/include/python2.7  -I/home/karamati/local/sstcore-7.1.0/include/sst/core -I/home/karamati/local/sstcore-7.1.0/include    -lpthread -ldl -lutil -lm -lpython2.7 -Xlinker -export-dynamic conftest.c -lhmcsim  -ldl   -ldl  >&5
/usr/bin/ld: cannot find -lhmcsim
collect2: error: ld returned 1 exit status
configure:18772: $? = 1
configure: failed program was:
| /* confdefs.h */
| #define PACKAGE_NAME "SST Elements Library"
| #define PACKAGE_TARNAME "sst-elements-library"
| #define PACKAGE_VERSION "7.1.0"
| #define PACKAGE_STRING "SST Elements Library 7.1.0"
| #define PACKAGE_BUGREPORT "sst@sandia.gov"
| #define PACKAGE_URL ""
| #define TIME_WITH_SYS_TIME 1
| #define STDC_HEADERS 1
| #define HAVE_SYS_TYPES_H 1
| #define HAVE_SYS_STAT_H 1
| #define HAVE_STDLIB_H 1
| #define HAVE_STRING_H 1
| #define HAVE_MEMORY_H 1
| #define HAVE_STRINGS_H 1
| #define HAVE_INTTYPES_H 1
| #define HAVE_STDINT_H 1
| #define HAVE_UNISTD_H 1
| #define HAVE_DLFCN_H 1
| #define LT_OBJDIR ".libs/"
| #define LT_MODULE_EXT ".so"
| #define LT_MODULE_PATH_VAR "LD_LIBRARY_PATH"
| #define LT_DLSEARCH_PATH "/lib64:/usr/lib64:/lib:/usr/lib:/usr/lib64/atlas:/usr/lib64/mysql"
| #define HAVE_LIBDL 1
| #define HAVE_DLERROR 1
| #define HAVE_LIBDLLOADER 1
| #define HAVE_ARGZ_H 1
| #define HAVE_ERROR_T 1
| #define HAVE_ARGZ_ADD 1
| #define HAVE_ARGZ_APPEND 1
| #define HAVE_ARGZ_COUNT 1
| #define HAVE_ARGZ_CREATE_SEP 1
| #define HAVE_ARGZ_INSERT 1
| #define HAVE_ARGZ_NEXT 1
| #define HAVE_ARGZ_STRINGIFY 1
| #define HAVE_WORKING_ARGZ 1
| #define HAVE_PRELOADED_SYMBOLS 1
| #define HAVE_UNISTD_H 1
| #define HAVE_DIRENT_H 1
| #define HAVE_CLOSEDIR 1
| #define HAVE_OPENDIR 1
| #define HAVE_READDIR 1
| #define LT_LIBEXT "a"
| #define LT_LIBPREFIX "lib"
| #define TIME_WITH_SYS_TIME 1
| #define PINTOOL_EXECUTABLE ""
| #define HAVE_SHM 1
| #define SST_SYSTEMC_LIBDIR ""
| #define RAMULATOR_LIBDIR ""
| #define DRAMSIM_LIBDIR ""
| #define HYBRIDSIM_LIBDIR ""
| /* end confdefs.h.  */
| 
| /* Override any GCC internal prototype to avoid an error.
|    Use char because int might match the return type of a GCC
|    builtin and then its argument prototype would still apply.  */
| #ifdef __cplusplus
| extern "C"
| #endif
| char hmcsim_clock ();
| int
| main ()
| {
| return hmcsim_clock ();
|   ;
|   return 0;
| }
configure:18781: result: no
configure:18816: checking for GOBLIN HMC Simulator library
configure:18818: result: no
configure:18870: checking NVDIMM.h usability
configure:18870: g++ -c -g -O2  -std=c++1y -D__STDC_FORMAT_MACROS   -I/usr/include/python2.7 -I/usr/include/python2.7  -I/home/karamati/local/sstcore-7.1.0/include/sst/core -I/home/karamati/local/sstcore-7.1.0/include conftest.cpp >&5
conftest.cpp:87:20: fatal error: NVDIMM.h: No such file or directory
 #include <NVDIMM.h>
                    ^
compilation terminated.
configure:18870: $? = 1
configure: failed program was:
| /* confdefs.h */
| #define PACKAGE_NAME "SST Elements Library"
| #define PACKAGE_TARNAME "sst-elements-library"
| #define PACKAGE_VERSION "7.1.0"
| #define PACKAGE_STRING "SST Elements Library 7.1.0"
| #define PACKAGE_BUGREPORT "sst@sandia.gov"
| #define PACKAGE_URL ""
| #define TIME_WITH_SYS_TIME 1
| #define STDC_HEADERS 1
| #define HAVE_SYS_TYPES_H 1
| #define HAVE_SYS_STAT_H 1
| #define HAVE_STDLIB_H 1
| #define HAVE_STRING_H 1
| #define HAVE_MEMORY_H 1
| #define HAVE_STRINGS_H 1
| #define HAVE_INTTYPES_H 1
| #define HAVE_STDINT_H 1
| #define HAVE_UNISTD_H 1
| #define HAVE_DLFCN_H 1
| #define LT_OBJDIR ".libs/"
| #define LT_MODULE_EXT ".so"
| #define LT_MODULE_PATH_VAR "LD_LIBRARY_PATH"
| #define LT_DLSEARCH_PATH "/lib64:/usr/lib64:/lib:/usr/lib:/usr/lib64/atlas:/usr/lib64/mysql"
| #define HAVE_LIBDL 1
| #define HAVE_DLERROR 1
| #define HAVE_LIBDLLOADER 1
| #define HAVE_ARGZ_H 1
| #define HAVE_ERROR_T 1
| #define HAVE_ARGZ_ADD 1
| #define HAVE_ARGZ_APPEND 1
| #define HAVE_ARGZ_COUNT 1
| #define HAVE_ARGZ_CREATE_SEP 1
| #define HAVE_ARGZ_INSERT 1
| #define HAVE_ARGZ_NEXT 1
| #define HAVE_ARGZ_STRINGIFY 1
| #define HAVE_WORKING_ARGZ 1
| #define HAVE_PRELOADED_SYMBOLS 1
| #define HAVE_UNISTD_H 1
| #define HAVE_DIRENT_H 1
| #define HAVE_CLOSEDIR 1
| #define HAVE_OPENDIR 1
| #define HAVE_READDIR 1
| #define LT_LIBEXT "a"
| #define LT_LIBPREFIX "lib"
| #define TIME_WITH_SYS_TIME 1
| #define PINTOOL_EXECUTABLE ""
| #define HAVE_SHM 1
| #define SST_SYSTEMC_LIBDIR ""
| #define RAMULATOR_LIBDIR ""
| #define DRAMSIM_LIBDIR ""
| #define HYBRIDSIM_LIBDIR ""
| #define GOBLIN_HMCSIM_LIBDIR ""
| /* end confdefs.h.  */
| #include <stdio.h>
| #ifdef HAVE_SYS_TYPES_H
| # include <sys/types.h>
| #endif
| #ifdef HAVE_SYS_STAT_H
| # include <sys/stat.h>
| #endif
| #ifdef STDC_HEADERS
| # include <stdlib.h>
| # include <stddef.h>
| #else
| # ifdef HAVE_STDLIB_H
| #  include <stdlib.h>
| # endif
| #endif
| #ifdef HAVE_STRING_H
| # if !defined STDC_HEADERS && defined HAVE_MEMORY_H
| #  include <memory.h>
| # endif
| # include <string.h>
| #endif
| #ifdef HAVE_STRINGS_H
| # include <strings.h>
| #endif
| #ifdef HAVE_INTTYPES_H
| # include <inttypes.h>
| #endif
| #ifdef HAVE_STDINT_H
| # include <stdint.h>
| #endif
| #ifdef HAVE_UNISTD_H
| # include <unistd.h>
| #endif
| #include <NVDIMM.h>
configure:18870: result: no
configure:18870: checking NVDIMM.h presence
configure:18870: g++ -E   -I/usr/include/python2.7 -I/usr/include/python2.7  -I/home/karamati/local/sstcore-7.1.0/include/sst/core -I/home/karamati/local/sstcore-7.1.0/include conftest.cpp
conftest.cpp:54:20: fatal error: NVDIMM.h: No such file or directory
 #include <NVDIMM.h>
                    ^
compilation terminated.
configure:18870: $? = 1
configure: failed program was:
| /* confdefs.h */
| #define PACKAGE_NAME "SST Elements Library"
| #define PACKAGE_TARNAME "sst-elements-library"
| #define PACKAGE_VERSION "7.1.0"
| #define PACKAGE_STRING "SST Elements Library 7.1.0"
| #define PACKAGE_BUGREPORT "sst@sandia.gov"
| #define PACKAGE_URL ""
| #define TIME_WITH_SYS_TIME 1
| #define STDC_HEADERS 1
| #define HAVE_SYS_TYPES_H 1
| #define HAVE_SYS_STAT_H 1
| #define HAVE_STDLIB_H 1
| #define HAVE_STRING_H 1
| #define HAVE_MEMORY_H 1
| #define HAVE_STRINGS_H 1
| #define HAVE_INTTYPES_H 1
| #define HAVE_STDINT_H 1
| #define HAVE_UNISTD_H 1
| #define HAVE_DLFCN_H 1
| #define LT_OBJDIR ".libs/"
| #define LT_MODULE_EXT ".so"
| #define LT_MODULE_PATH_VAR "LD_LIBRARY_PATH"
| #define LT_DLSEARCH_PATH "/lib64:/usr/lib64:/lib:/usr/lib:/usr/lib64/atlas:/usr/lib64/mysql"
| #define HAVE_LIBDL 1
| #define HAVE_DLERROR 1
| #define HAVE_LIBDLLOADER 1
| #define HAVE_ARGZ_H 1
| #define HAVE_ERROR_T 1
| #define HAVE_ARGZ_ADD 1
| #define HAVE_ARGZ_APPEND 1
| #define HAVE_ARGZ_COUNT 1
| #define HAVE_ARGZ_CREATE_SEP 1
| #define HAVE_ARGZ_INSERT 1
| #define HAVE_ARGZ_NEXT 1
| #define HAVE_ARGZ_STRINGIFY 1
| #define HAVE_WORKING_ARGZ 1
| #define HAVE_PRELOADED_SYMBOLS 1
| #define HAVE_UNISTD_H 1
| #define HAVE_DIRENT_H 1
| #define HAVE_CLOSEDIR 1
| #define HAVE_OPENDIR 1
| #define HAVE_READDIR 1
| #define LT_LIBEXT "a"
| #define LT_LIBPREFIX "lib"
| #define TIME_WITH_SYS_TIME 1
| #define PINTOOL_EXECUTABLE ""
| #define HAVE_SHM 1
| #define SST_SYSTEMC_LIBDIR ""
| #define RAMULATOR_LIBDIR ""
| #define DRAMSIM_LIBDIR ""
| #define HYBRIDSIM_LIBDIR ""
| #define GOBLIN_HMCSIM_LIBDIR ""
| /* end confdefs.h.  */
| #include <NVDIMM.h>
configure:18870: result: no
configure:18870: checking for NVDIMM.h
configure:18870: result: no
configure:18882: checking for main in -lnvdsim
configure:18901: g++ -o conftest -g -O2  -std=c++1y -D__STDC_FORMAT_MACROS   -I/usr/include/python2.7 -I/usr/include/python2.7  -I/home/karamati/local/sstcore-7.1.0/include/sst/core -I/home/karamati/local/sstcore-7.1.0/include    -lpthread -ldl -lutil -lm -lpython2.7 -Xlinker -export-dynamic conftest.cpp -lnvdsim  -ldl   -ldl  >&5
/usr/bin/ld: cannot find -lnvdsim
collect2: error: ld returned 1 exit status
configure:18901: $? = 1
configure: failed program was:
| /* confdefs.h */
| #define PACKAGE_NAME "SST Elements Library"
| #define PACKAGE_TARNAME "sst-elements-library"
| #define PACKAGE_VERSION "7.1.0"
| #define PACKAGE_STRING "SST Elements Library 7.1.0"
| #define PACKAGE_BUGREPORT "sst@sandia.gov"
| #define PACKAGE_URL ""
| #define TIME_WITH_SYS_TIME 1
| #define STDC_HEADERS 1
| #define HAVE_SYS_TYPES_H 1
| #define HAVE_SYS_STAT_H 1
| #define HAVE_STDLIB_H 1
| #define HAVE_STRING_H 1
| #define HAVE_MEMORY_H 1
| #define HAVE_STRINGS_H 1
| #define HAVE_INTTYPES_H 1
| #define HAVE_STDINT_H 1
| #define HAVE_UNISTD_H 1
| #define HAVE_DLFCN_H 1
| #define LT_OBJDIR ".libs/"
| #define LT_MODULE_EXT ".so"
| #define LT_MODULE_PATH_VAR "LD_LIBRARY_PATH"
| #define LT_DLSEARCH_PATH "/lib64:/usr/lib64:/lib:/usr/lib:/usr/lib64/atlas:/usr/lib64/mysql"
| #define HAVE_LIBDL 1
| #define HAVE_DLERROR 1
| #define HAVE_LIBDLLOADER 1
| #define HAVE_ARGZ_H 1
| #define HAVE_ERROR_T 1
| #define HAVE_ARGZ_ADD 1
| #define HAVE_ARGZ_APPEND 1
| #define HAVE_ARGZ_COUNT 1
| #define HAVE_ARGZ_CREATE_SEP 1
| #define HAVE_ARGZ_INSERT 1
| #define HAVE_ARGZ_NEXT 1
| #define HAVE_ARGZ_STRINGIFY 1
| #define HAVE_WORKING_ARGZ 1
| #define HAVE_PRELOADED_SYMBOLS 1
| #define HAVE_UNISTD_H 1
| #define HAVE_DIRENT_H 1
| #define HAVE_CLOSEDIR 1
| #define HAVE_OPENDIR 1
| #define HAVE_READDIR 1
| #define LT_LIBEXT "a"
| #define LT_LIBPREFIX "lib"
| #define TIME_WITH_SYS_TIME 1
| #define PINTOOL_EXECUTABLE ""
| #define HAVE_SHM 1
| #define SST_SYSTEMC_LIBDIR ""
| #define RAMULATOR_LIBDIR ""
| #define DRAMSIM_LIBDIR ""
| #define HYBRIDSIM_LIBDIR ""
| #define GOBLIN_HMCSIM_LIBDIR ""
| /* end confdefs.h.  */
| 
| 
| int
| main ()
| {
| return main ();
|   ;
|   return 0;
| }
configure:18910: result: no
configure:19001: checking FlashDIMM.h usability
configure:19001: g++ -c -g -O2  -std=c++1y -D__STDC_FORMAT_MACROS   -I/usr/include/python2.7 -I/usr/include/python2.7  -I/home/karamati/local/sstcore-7.1.0/include/sst/core -I/home/karamati/local/sstcore-7.1.0/include conftest.cpp >&5
conftest.cpp:88:23: fatal error: FlashDIMM.h: No such file or directory
 #include <FlashDIMM.h>
                       ^
compilation terminated.
configure:19001: $? = 1
configure: failed program was:
| /* confdefs.h */
| #define PACKAGE_NAME "SST Elements Library"
| #define PACKAGE_TARNAME "sst-elements-library"
| #define PACKAGE_VERSION "7.1.0"
| #define PACKAGE_STRING "SST Elements Library 7.1.0"
| #define PACKAGE_BUGREPORT "sst@sandia.gov"
| #define PACKAGE_URL ""
| #define TIME_WITH_SYS_TIME 1
| #define STDC_HEADERS 1
| #define HAVE_SYS_TYPES_H 1
| #define HAVE_SYS_STAT_H 1
| #define HAVE_STDLIB_H 1
| #define HAVE_STRING_H 1
| #define HAVE_MEMORY_H 1
| #define HAVE_STRINGS_H 1
| #define HAVE_INTTYPES_H 1
| #define HAVE_STDINT_H 1
| #define HAVE_UNISTD_H 1
| #define HAVE_DLFCN_H 1
| #define LT_OBJDIR ".libs/"
| #define LT_MODULE_EXT ".so"
| #define LT_MODULE_PATH_VAR "LD_LIBRARY_PATH"
| #define LT_DLSEARCH_PATH "/lib64:/usr/lib64:/lib:/usr/lib:/usr/lib64/atlas:/usr/lib64/mysql"
| #define HAVE_LIBDL 1
| #define HAVE_DLERROR 1
| #define HAVE_LIBDLLOADER 1
| #define HAVE_ARGZ_H 1
| #define HAVE_ERROR_T 1
| #define HAVE_ARGZ_ADD 1
| #define HAVE_ARGZ_APPEND 1
| #define HAVE_ARGZ_COUNT 1
| #define HAVE_ARGZ_CREATE_SEP 1
| #define HAVE_ARGZ_INSERT 1
| #define HAVE_ARGZ_NEXT 1
| #define HAVE_ARGZ_STRINGIFY 1
| #define HAVE_WORKING_ARGZ 1
| #define HAVE_PRELOADED_SYMBOLS 1
| #define HAVE_UNISTD_H 1
| #define HAVE_DIRENT_H 1
| #define HAVE_CLOSEDIR 1
| #define HAVE_OPENDIR 1
| #define HAVE_READDIR 1
| #define LT_LIBEXT "a"
| #define LT_LIBPREFIX "lib"
| #define TIME_WITH_SYS_TIME 1
| #define PINTOOL_EXECUTABLE ""
| #define HAVE_SHM 1
| #define SST_SYSTEMC_LIBDIR ""
| #define RAMULATOR_LIBDIR ""
| #define DRAMSIM_LIBDIR ""
| #define HYBRIDSIM_LIBDIR ""
| #define GOBLIN_HMCSIM_LIBDIR ""
| #define NVDIMMSIM_LIBDIR ""
| /* end confdefs.h.  */
| #include <stdio.h>
| #ifdef HAVE_SYS_TYPES_H
| # include <sys/types.h>
| #endif
| #ifdef HAVE_SYS_STAT_H
| # include <sys/stat.h>
| #endif
| #ifdef STDC_HEADERS
| # include <stdlib.h>
| # include <stddef.h>
| #else
| # ifdef HAVE_STDLIB_H
| #  include <stdlib.h>
| # endif
| #endif
| #ifdef HAVE_STRING_H
| # if !defined STDC_HEADERS && defined HAVE_MEMORY_H
| #  include <memory.h>
| # endif
| # include <string.h>
| #endif
| #ifdef HAVE_STRINGS_H
| # include <strings.h>
| #endif
| #ifdef HAVE_INTTYPES_H
| # include <inttypes.h>
| #endif
| #ifdef HAVE_STDINT_H
| # include <stdint.h>
| #endif
| #ifdef HAVE_UNISTD_H
| # include <unistd.h>
| #endif
| #include <FlashDIMM.h>
configure:19001: result: no
configure:19001: checking FlashDIMM.h presence
configure:19001: g++ -E   -I/usr/include/python2.7 -I/usr/include/python2.7  -I/home/karamati/local/sstcore-7.1.0/include/sst/core -I/home/karamati/local/sstcore-7.1.0/include conftest.cpp
conftest.cpp:55:23: fatal error: FlashDIMM.h: No such file or directory
 #include <FlashDIMM.h>
                       ^
compilation terminated.
configure:19001: $? = 1
configure: failed program was:
| /* confdefs.h */
| #define PACKAGE_NAME "SST Elements Library"
| #define PACKAGE_TARNAME "sst-elements-library"
| #define PACKAGE_VERSION "7.1.0"
| #define PACKAGE_STRING "SST Elements Library 7.1.0"
| #define PACKAGE_BUGREPORT "sst@sandia.gov"
| #define PACKAGE_URL ""
| #define TIME_WITH_SYS_TIME 1
| #define STDC_HEADERS 1
| #define HAVE_SYS_TYPES_H 1
| #define HAVE_SYS_STAT_H 1
| #define HAVE_STDLIB_H 1
| #define HAVE_STRING_H 1
| #define HAVE_MEMORY_H 1
| #define HAVE_STRINGS_H 1
| #define HAVE_INTTYPES_H 1
| #define HAVE_STDINT_H 1
| #define HAVE_UNISTD_H 1
| #define HAVE_DLFCN_H 1
| #define LT_OBJDIR ".libs/"
| #define LT_MODULE_EXT ".so"
| #define LT_MODULE_PATH_VAR "LD_LIBRARY_PATH"
| #define LT_DLSEARCH_PATH "/lib64:/usr/lib64:/lib:/usr/lib:/usr/lib64/atlas:/usr/lib64/mysql"
| #define HAVE_LIBDL 1
| #define HAVE_DLERROR 1
| #define HAVE_LIBDLLOADER 1
| #define HAVE_ARGZ_H 1
| #define HAVE_ERROR_T 1
| #define HAVE_ARGZ_ADD 1
| #define HAVE_ARGZ_APPEND 1
| #define HAVE_ARGZ_COUNT 1
| #define HAVE_ARGZ_CREATE_SEP 1
| #define HAVE_ARGZ_INSERT 1
| #define HAVE_ARGZ_NEXT 1
| #define HAVE_ARGZ_STRINGIFY 1
| #define HAVE_WORKING_ARGZ 1
| #define HAVE_PRELOADED_SYMBOLS 1
| #define HAVE_UNISTD_H 1
| #define HAVE_DIRENT_H 1
| #define HAVE_CLOSEDIR 1
| #define HAVE_OPENDIR 1
| #define HAVE_READDIR 1
| #define LT_LIBEXT "a"
| #define LT_LIBPREFIX "lib"
| #define TIME_WITH_SYS_TIME 1
| #define PINTOOL_EXECUTABLE ""
| #define HAVE_SHM 1
| #define SST_SYSTEMC_LIBDIR ""
| #define RAMULATOR_LIBDIR ""
| #define DRAMSIM_LIBDIR ""
| #define HYBRIDSIM_LIBDIR ""
| #define GOBLIN_HMCSIM_LIBDIR ""
| #define NVDIMMSIM_LIBDIR ""
| /* end confdefs.h.  */
| #include <FlashDIMM.h>
configure:19001: result: no
configure:19001: checking for FlashDIMM.h
configure:19001: result: no
configure:19013: checking for main in -lfdsim
configure:19032: g++ -o conftest -g -O2  -std=c++1y -D__STDC_FORMAT_MACROS   -I/usr/include/python2.7 -I/usr/include/python2.7  -I/home/karamati/local/sstcore-7.1.0/include/sst/core -I/home/karamati/local/sstcore-7.1.0/include    -lpthread -ldl -lutil -lm -lpython2.7 -Xlinker -export-dynamic conftest.cpp -lfdsim  -ldl   -ldl  >&5
/usr/bin/ld: cannot find -lfdsim
collect2: error: ld returned 1 exit status
configure:19032: $? = 1
configure: failed program was:
| /* confdefs.h */
| #define PACKAGE_NAME "SST Elements Library"
| #define PACKAGE_TARNAME "sst-elements-library"
| #define PACKAGE_VERSION "7.1.0"
| #define PACKAGE_STRING "SST Elements Library 7.1.0"
| #define PACKAGE_BUGREPORT "sst@sandia.gov"
| #define PACKAGE_URL ""
| #define TIME_WITH_SYS_TIME 1
| #define STDC_HEADERS 1
| #define HAVE_SYS_TYPES_H 1
| #define HAVE_SYS_STAT_H 1
| #define HAVE_STDLIB_H 1
| #define HAVE_STRING_H 1
| #define HAVE_MEMORY_H 1
| #define HAVE_STRINGS_H 1
| #define HAVE_INTTYPES_H 1
| #define HAVE_STDINT_H 1
| #define HAVE_UNISTD_H 1
| #define HAVE_DLFCN_H 1
| #define LT_OBJDIR ".libs/"
| #define LT_MODULE_EXT ".so"
| #define LT_MODULE_PATH_VAR "LD_LIBRARY_PATH"
| #define LT_DLSEARCH_PATH "/lib64:/usr/lib64:/lib:/usr/lib:/usr/lib64/atlas:/usr/lib64/mysql"
| #define HAVE_LIBDL 1
| #define HAVE_DLERROR 1
| #define HAVE_LIBDLLOADER 1
| #define HAVE_ARGZ_H 1
| #define HAVE_ERROR_T 1
| #define HAVE_ARGZ_ADD 1
| #define HAVE_ARGZ_APPEND 1
| #define HAVE_ARGZ_COUNT 1
| #define HAVE_ARGZ_CREATE_SEP 1
| #define HAVE_ARGZ_INSERT 1
| #define HAVE_ARGZ_NEXT 1
| #define HAVE_ARGZ_STRINGIFY 1
| #define HAVE_WORKING_ARGZ 1
| #define HAVE_PRELOADED_SYMBOLS 1
| #define HAVE_UNISTD_H 1
| #define HAVE_DIRENT_H 1
| #define HAVE_CLOSEDIR 1
| #define HAVE_OPENDIR 1
| #define HAVE_READDIR 1
| #define LT_LIBEXT "a"
| #define LT_LIBPREFIX "lib"
| #define TIME_WITH_SYS_TIME 1
| #define PINTOOL_EXECUTABLE ""
| #define HAVE_SHM 1
| #define SST_SYSTEMC_LIBDIR ""
| #define RAMULATOR_LIBDIR ""
| #define DRAMSIM_LIBDIR ""
| #define HYBRIDSIM_LIBDIR ""
| #define GOBLIN_HMCSIM_LIBDIR ""
| #define NVDIMMSIM_LIBDIR ""
| /* end confdefs.h.  */
| 
| 
| int
| main ()
| {
| return main ();
|   ;
|   return 0;
| }
configure:19041: result: no
configure:19129: checking zlib.h usability
configure:19129: g++ -c -g -O2  -std=c++1y -D__STDC_FORMAT_MACROS   -I/usr/include/python2.7 -I/usr/include/python2.7  -I/home/karamati/local/sstcore-7.1.0/include/sst/core -I/home/karamati/local/sstcore-7.1.0/include conftest.cpp >&5
conftest.cpp:89:18: fatal error: zlib.h: No such file or directory
 #include <zlib.h>
                  ^
compilation terminated.
configure:19129: $? = 1
configure: failed program was:
| /* confdefs.h */
| #define PACKAGE_NAME "SST Elements Library"
| #define PACKAGE_TARNAME "sst-elements-library"
| #define PACKAGE_VERSION "7.1.0"
| #define PACKAGE_STRING "SST Elements Library 7.1.0"
| #define PACKAGE_BUGREPORT "sst@sandia.gov"
| #define PACKAGE_URL ""
| #define TIME_WITH_SYS_TIME 1
| #define STDC_HEADERS 1
| #define HAVE_SYS_TYPES_H 1
| #define HAVE_SYS_STAT_H 1
| #define HAVE_STDLIB_H 1
| #define HAVE_STRING_H 1
| #define HAVE_MEMORY_H 1
| #define HAVE_STRINGS_H 1
| #define HAVE_INTTYPES_H 1
| #define HAVE_STDINT_H 1
| #define HAVE_UNISTD_H 1
| #define HAVE_DLFCN_H 1
| #define LT_OBJDIR ".libs/"
| #define LT_MODULE_EXT ".so"
| #define LT_MODULE_PATH_VAR "LD_LIBRARY_PATH"
| #define LT_DLSEARCH_PATH "/lib64:/usr/lib64:/lib:/usr/lib:/usr/lib64/atlas:/usr/lib64/mysql"
| #define HAVE_LIBDL 1
| #define HAVE_DLERROR 1
| #define HAVE_LIBDLLOADER 1
| #define HAVE_ARGZ_H 1
| #define HAVE_ERROR_T 1
| #define HAVE_ARGZ_ADD 1
| #define HAVE_ARGZ_APPEND 1
| #define HAVE_ARGZ_COUNT 1
| #define HAVE_ARGZ_CREATE_SEP 1
| #define HAVE_ARGZ_INSERT 1
| #define HAVE_ARGZ_NEXT 1
| #define HAVE_ARGZ_STRINGIFY 1
| #define HAVE_WORKING_ARGZ 1
| #define HAVE_PRELOADED_SYMBOLS 1
| #define HAVE_UNISTD_H 1
| #define HAVE_DIRENT_H 1
| #define HAVE_CLOSEDIR 1
| #define HAVE_OPENDIR 1
| #define HAVE_READDIR 1
| #define LT_LIBEXT "a"
| #define LT_LIBPREFIX "lib"
| #define TIME_WITH_SYS_TIME 1
| #define PINTOOL_EXECUTABLE ""
| #define HAVE_SHM 1
| #define SST_SYSTEMC_LIBDIR ""
| #define RAMULATOR_LIBDIR ""
| #define DRAMSIM_LIBDIR ""
| #define HYBRIDSIM_LIBDIR ""
| #define GOBLIN_HMCSIM_LIBDIR ""
| #define NVDIMMSIM_LIBDIR ""
| #define FDSIM_LIBDIR ""
| /* end confdefs.h.  */
| #include <stdio.h>
| #ifdef HAVE_SYS_TYPES_H
| # include <sys/types.h>
| #endif
| #ifdef HAVE_SYS_STAT_H
| # include <sys/stat.h>
| #endif
| #ifdef STDC_HEADERS
| # include <stdlib.h>
| # include <stddef.h>
| #else
| # ifdef HAVE_STDLIB_H
| #  include <stdlib.h>
| # endif
| #endif
| #ifdef HAVE_STRING_H
| # if !defined STDC_HEADERS && defined HAVE_MEMORY_H
| #  include <memory.h>
| # endif
| # include <string.h>
| #endif
| #ifdef HAVE_STRINGS_H
| # include <strings.h>
| #endif
| #ifdef HAVE_INTTYPES_H
| # include <inttypes.h>
| #endif
| #ifdef HAVE_STDINT_H
| # include <stdint.h>
| #endif
| #ifdef HAVE_UNISTD_H
| # include <unistd.h>
| #endif
| #include <zlib.h>
configure:19129: result: no
configure:19129: checking zlib.h presence
configure:19129: g++ -E   -I/usr/include/python2.7 -I/usr/include/python2.7  -I/home/karamati/local/sstcore-7.1.0/include/sst/core -I/home/karamati/local/sstcore-7.1.0/include conftest.cpp
conftest.cpp:56:18: fatal error: zlib.h: No such file or directory
 #include <zlib.h>
                  ^
compilation terminated.
configure:19129: $? = 1
configure: failed program was:
| /* confdefs.h */
| #define PACKAGE_NAME "SST Elements Library"
| #define PACKAGE_TARNAME "sst-elements-library"
| #define PACKAGE_VERSION "7.1.0"
| #define PACKAGE_STRING "SST Elements Library 7.1.0"
| #define PACKAGE_BUGREPORT "sst@sandia.gov"
| #define PACKAGE_URL ""
| #define TIME_WITH_SYS_TIME 1
| #define STDC_HEADERS 1
| #define HAVE_SYS_TYPES_H 1
| #define HAVE_SYS_STAT_H 1
| #define HAVE_STDLIB_H 1
| #define HAVE_STRING_H 1
| #define HAVE_MEMORY_H 1
| #define HAVE_STRINGS_H 1
| #define HAVE_INTTYPES_H 1
| #define HAVE_STDINT_H 1
| #define HAVE_UNISTD_H 1
| #define HAVE_DLFCN_H 1
| #define LT_OBJDIR ".libs/"
| #define LT_MODULE_EXT ".so"
| #define LT_MODULE_PATH_VAR "LD_LIBRARY_PATH"
| #define LT_DLSEARCH_PATH "/lib64:/usr/lib64:/lib:/usr/lib:/usr/lib64/atlas:/usr/lib64/mysql"
| #define HAVE_LIBDL 1
| #define HAVE_DLERROR 1
| #define HAVE_LIBDLLOADER 1
| #define HAVE_ARGZ_H 1
| #define HAVE_ERROR_T 1
| #define HAVE_ARGZ_ADD 1
| #define HAVE_ARGZ_APPEND 1
| #define HAVE_ARGZ_COUNT 1
| #define HAVE_ARGZ_CREATE_SEP 1
| #define HAVE_ARGZ_INSERT 1
| #define HAVE_ARGZ_NEXT 1
| #define HAVE_ARGZ_STRINGIFY 1
| #define HAVE_WORKING_ARGZ 1
| #define HAVE_PRELOADED_SYMBOLS 1
| #define HAVE_UNISTD_H 1
| #define HAVE_DIRENT_H 1
| #define HAVE_CLOSEDIR 1
| #define HAVE_OPENDIR 1
| #define HAVE_READDIR 1
| #define LT_LIBEXT "a"
| #define LT_LIBPREFIX "lib"
| #define TIME_WITH_SYS_TIME 1
| #define PINTOOL_EXECUTABLE ""
| #define HAVE_SHM 1
| #define SST_SYSTEMC_LIBDIR ""
| #define RAMULATOR_LIBDIR ""
| #define DRAMSIM_LIBDIR ""
| #define HYBRIDSIM_LIBDIR ""
| #define GOBLIN_HMCSIM_LIBDIR ""
| #define NVDIMMSIM_LIBDIR ""
| #define FDSIM_LIBDIR ""
| /* end confdefs.h.  */
| #include <zlib.h>
configure:19129: result: no
configure:19129: checking for zlib.h
configure:19129: result: no
configure:19144: checking for gzopen in -lz
configure:19169: gcc -std=gnu99 -o conftest -g -O2    -I/usr/include/python2.7 -I/usr/include/python2.7  -I/home/karamati/local/sstcore-7.1.0/include/sst/core -I/home/karamati/local/sstcore-7.1.0/include    -lpthread -ldl -lutil -lm -lpython2.7 -Xlinker -export-dynamic conftest.c -lz  -ldl   -ldl  >&5
/usr/bin/ld: cannot find -lz
collect2: error: ld returned 1 exit status
configure:19169: $? = 1
configure: failed program was:
| /* confdefs.h */
| #define PACKAGE_NAME "SST Elements Library"
| #define PACKAGE_TARNAME "sst-elements-library"
| #define PACKAGE_VERSION "7.1.0"
| #define PACKAGE_STRING "SST Elements Library 7.1.0"
| #define PACKAGE_BUGREPORT "sst@sandia.gov"
| #define PACKAGE_URL ""
| #define TIME_WITH_SYS_TIME 1
| #define STDC_HEADERS 1
| #define HAVE_SYS_TYPES_H 1
| #define HAVE_SYS_STAT_H 1
| #define HAVE_STDLIB_H 1
| #define HAVE_STRING_H 1
| #define HAVE_MEMORY_H 1
| #define HAVE_STRINGS_H 1
| #define HAVE_INTTYPES_H 1
| #define HAVE_STDINT_H 1
| #define HAVE_UNISTD_H 1
| #define HAVE_DLFCN_H 1
| #define LT_OBJDIR ".libs/"
| #define LT_MODULE_EXT ".so"
| #define LT_MODULE_PATH_VAR "LD_LIBRARY_PATH"
| #define LT_DLSEARCH_PATH "/lib64:/usr/lib64:/lib:/usr/lib:/usr/lib64/atlas:/usr/lib64/mysql"
| #define HAVE_LIBDL 1
| #define HAVE_DLERROR 1
| #define HAVE_LIBDLLOADER 1
| #define HAVE_ARGZ_H 1
| #define HAVE_ERROR_T 1
| #define HAVE_ARGZ_ADD 1
| #define HAVE_ARGZ_APPEND 1
| #define HAVE_ARGZ_COUNT 1
| #define HAVE_ARGZ_CREATE_SEP 1
| #define HAVE_ARGZ_INSERT 1
| #define HAVE_ARGZ_NEXT 1
| #define HAVE_ARGZ_STRINGIFY 1
| #define HAVE_WORKING_ARGZ 1
| #define HAVE_PRELOADED_SYMBOLS 1
| #define HAVE_UNISTD_H 1
| #define HAVE_DIRENT_H 1
| #define HAVE_CLOSEDIR 1
| #define HAVE_OPENDIR 1
| #define HAVE_READDIR 1
| #define LT_LIBEXT "a"
| #define LT_LIBPREFIX "lib"
| #define TIME_WITH_SYS_TIME 1
| #define PINTOOL_EXECUTABLE ""
| #define HAVE_SHM 1
| #define SST_SYSTEMC_LIBDIR ""
| #define RAMULATOR_LIBDIR ""
| #define DRAMSIM_LIBDIR ""
| #define HYBRIDSIM_LIBDIR ""
| #define GOBLIN_HMCSIM_LIBDIR ""
| #define NVDIMMSIM_LIBDIR ""
| #define FDSIM_LIBDIR ""
| /* end confdefs.h.  */
| 
| /* Override any GCC internal prototype to avoid an error.
|    Use char because int might match the return type of a GCC
|    builtin and then its argument prototype would still apply.  */
| #ifdef __cplusplus
| extern "C"
| #endif
| char gzopen ();
| int
| main ()
| {
| return gzopen ();
|   ;
|   return 0;
| }
configure:19178: result: no
configure:19207: checking for libz compression library
configure:19209: result: no
configure:19299: checking for zlib.h
configure:19299: result: no
configure:19314: checking for gzopen in -lz
configure:19348: result: no
configure:19377: checking for libz compression library
configure:19379: result: no
configure:19425: checking for pin.sh
configure:19458: result: no
configure:19466: checking for pin
configure:19499: result: no
configure:19534: checking PIN Tool
configure:19536: result: no
configure:19562: checking for library containing shm_open
configure:19610: result: -lrt
configure:19712: checking metis.h usability
configure:19712: gcc -std=gnu99 -c -g -O2    -I/usr/include/python2.7 -I/usr/include/python2.7  -I/home/karamati/local/sstcore-7.1.0/include/sst/core -I/home/karamati/local/sstcore-7.1.0/include conftest.c >&5
conftest.c:91:19: fatal error: metis.h: No such file or directory
 #include <metis.h>
                   ^
compilation terminated.
configure:19712: $? = 1
configure: failed program was:
| /* confdefs.h */
| #define PACKAGE_NAME "SST Elements Library"
| #define PACKAGE_TARNAME "sst-elements-library"
| #define PACKAGE_VERSION "7.1.0"
| #define PACKAGE_STRING "SST Elements Library 7.1.0"
| #define PACKAGE_BUGREPORT "sst@sandia.gov"
| #define PACKAGE_URL ""
| #define TIME_WITH_SYS_TIME 1
| #define STDC_HEADERS 1
| #define HAVE_SYS_TYPES_H 1
| #define HAVE_SYS_STAT_H 1
| #define HAVE_STDLIB_H 1
| #define HAVE_STRING_H 1
| #define HAVE_MEMORY_H 1
| #define HAVE_STRINGS_H 1
| #define HAVE_INTTYPES_H 1
| #define HAVE_STDINT_H 1
| #define HAVE_UNISTD_H 1
| #define HAVE_DLFCN_H 1
| #define LT_OBJDIR ".libs/"
| #define LT_MODULE_EXT ".so"
| #define LT_MODULE_PATH_VAR "LD_LIBRARY_PATH"
| #define LT_DLSEARCH_PATH "/lib64:/usr/lib64:/lib:/usr/lib:/usr/lib64/atlas:/usr/lib64/mysql"
| #define HAVE_LIBDL 1
| #define HAVE_DLERROR 1
| #define HAVE_LIBDLLOADER 1
| #define HAVE_ARGZ_H 1
| #define HAVE_ERROR_T 1
| #define HAVE_ARGZ_ADD 1
| #define HAVE_ARGZ_APPEND 1
| #define HAVE_ARGZ_COUNT 1
| #define HAVE_ARGZ_CREATE_SEP 1
| #define HAVE_ARGZ_INSERT 1
| #define HAVE_ARGZ_NEXT 1
| #define HAVE_ARGZ_STRINGIFY 1
| #define HAVE_WORKING_ARGZ 1
| #define HAVE_PRELOADED_SYMBOLS 1
| #define HAVE_UNISTD_H 1
| #define HAVE_DIRENT_H 1
| #define HAVE_CLOSEDIR 1
| #define HAVE_OPENDIR 1
| #define HAVE_READDIR 1
| #define LT_LIBEXT "a"
| #define LT_LIBPREFIX "lib"
| #define TIME_WITH_SYS_TIME 1
| #define PINTOOL_EXECUTABLE ""
| #define HAVE_SHM 1
| #define SST_SYSTEMC_LIBDIR ""
| #define RAMULATOR_LIBDIR ""
| #define DRAMSIM_LIBDIR ""
| #define HYBRIDSIM_LIBDIR ""
| #define GOBLIN_HMCSIM_LIBDIR ""
| #define NVDIMMSIM_LIBDIR ""
| #define FDSIM_LIBDIR ""
| #define PINTOOL_EXECUTABLE ""
| #define HAVE_SHM 1
| /* end confdefs.h.  */
| #include <stdio.h>
| #ifdef HAVE_SYS_TYPES_H
| # include <sys/types.h>
| #endif
| #ifdef HAVE_SYS_STAT_H
| # include <sys/stat.h>
| #endif
| #ifdef STDC_HEADERS
| # include <stdlib.h>
| # include <stddef.h>
| #else
| # ifdef HAVE_STDLIB_H
| #  include <stdlib.h>
| # endif
| #endif
| #ifdef HAVE_STRING_H
| # if !defined STDC_HEADERS && defined HAVE_MEMORY_H
| #  include <memory.h>
| # endif
| # include <string.h>
| #endif
| #ifdef HAVE_STRINGS_H
| # include <strings.h>
| #endif
| #ifdef HAVE_INTTYPES_H
| # include <inttypes.h>
| #endif
| #ifdef HAVE_STDINT_H
| # include <stdint.h>
| #endif
| #ifdef HAVE_UNISTD_H
| # include <unistd.h>
| #endif
| #include <metis.h>
configure:19712: result: no
configure:19712: checking metis.h presence
configure:19712: gcc -std=gnu99 -E   -I/usr/include/python2.7 -I/usr/include/python2.7  -I/home/karamati/local/sstcore-7.1.0/include/sst/core -I/home/karamati/local/sstcore-7.1.0/include conftest.c
conftest.c:58:19: fatal error: metis.h: No such file or directory
 #include <metis.h>
                   ^
compilation terminated.
configure:19712: $? = 1
configure: failed program was:
| /* confdefs.h */
| #define PACKAGE_NAME "SST Elements Library"
| #define PACKAGE_TARNAME "sst-elements-library"
| #define PACKAGE_VERSION "7.1.0"
| #define PACKAGE_STRING "SST Elements Library 7.1.0"
| #define PACKAGE_BUGREPORT "sst@sandia.gov"
| #define PACKAGE_URL ""
| #define TIME_WITH_SYS_TIME 1
| #define STDC_HEADERS 1
| #define HAVE_SYS_TYPES_H 1
| #define HAVE_SYS_STAT_H 1
| #define HAVE_STDLIB_H 1
| #define HAVE_STRING_H 1
| #define HAVE_MEMORY_H 1
| #define HAVE_STRINGS_H 1
| #define HAVE_INTTYPES_H 1
| #define HAVE_STDINT_H 1
| #define HAVE_UNISTD_H 1
| #define HAVE_DLFCN_H 1
| #define LT_OBJDIR ".libs/"
| #define LT_MODULE_EXT ".so"
| #define LT_MODULE_PATH_VAR "LD_LIBRARY_PATH"
| #define LT_DLSEARCH_PATH "/lib64:/usr/lib64:/lib:/usr/lib:/usr/lib64/atlas:/usr/lib64/mysql"
| #define HAVE_LIBDL 1
| #define HAVE_DLERROR 1
| #define HAVE_LIBDLLOADER 1
| #define HAVE_ARGZ_H 1
| #define HAVE_ERROR_T 1
| #define HAVE_ARGZ_ADD 1
| #define HAVE_ARGZ_APPEND 1
| #define HAVE_ARGZ_COUNT 1
| #define HAVE_ARGZ_CREATE_SEP 1
| #define HAVE_ARGZ_INSERT 1
| #define HAVE_ARGZ_NEXT 1
| #define HAVE_ARGZ_STRINGIFY 1
| #define HAVE_WORKING_ARGZ 1
| #define HAVE_PRELOADED_SYMBOLS 1
| #define HAVE_UNISTD_H 1
| #define HAVE_DIRENT_H 1
| #define HAVE_CLOSEDIR 1
| #define HAVE_OPENDIR 1
| #define HAVE_READDIR 1
| #define LT_LIBEXT "a"
| #define LT_LIBPREFIX "lib"
| #define TIME_WITH_SYS_TIME 1
| #define PINTOOL_EXECUTABLE ""
| #define HAVE_SHM 1
| #define SST_SYSTEMC_LIBDIR ""
| #define RAMULATOR_LIBDIR ""
| #define DRAMSIM_LIBDIR ""
| #define HYBRIDSIM_LIBDIR ""
| #define GOBLIN_HMCSIM_LIBDIR ""
| #define NVDIMMSIM_LIBDIR ""
| #define FDSIM_LIBDIR ""
| #define PINTOOL_EXECUTABLE ""
| #define HAVE_SHM 1
| /* end confdefs.h.  */
| #include <metis.h>
configure:19712: result: no
configure:19712: checking for metis.h
configure:19712: result: no
configure:19724: checking for METIS_NodeNDP in -lmetis
configure:19749: gcc -std=gnu99 -o conftest -g -O2    -I/usr/include/python2.7 -I/usr/include/python2.7  -I/home/karamati/local/sstcore-7.1.0/include/sst/core -I/home/karamati/local/sstcore-7.1.0/include    -lpthread -ldl -lutil -lm -lpython2.7 -Xlinker -export-dynamic conftest.c -lmetis -lmetis -lm -ldl   -ldl  >&5
/usr/bin/ld: cannot find -lmetis
/usr/bin/ld: cannot find -lmetis
collect2: error: ld returned 1 exit status
configure:19749: $? = 1
configure: failed program was:
| /* confdefs.h */
| #define PACKAGE_NAME "SST Elements Library"
| #define PACKAGE_TARNAME "sst-elements-library"
| #define PACKAGE_VERSION "7.1.0"
| #define PACKAGE_STRING "SST Elements Library 7.1.0"
| #define PACKAGE_BUGREPORT "sst@sandia.gov"
| #define PACKAGE_URL ""
| #define TIME_WITH_SYS_TIME 1
| #define STDC_HEADERS 1
| #define HAVE_SYS_TYPES_H 1
| #define HAVE_SYS_STAT_H 1
| #define HAVE_STDLIB_H 1
| #define HAVE_STRING_H 1
| #define HAVE_MEMORY_H 1
| #define HAVE_STRINGS_H 1
| #define HAVE_INTTYPES_H 1
| #define HAVE_STDINT_H 1
| #define HAVE_UNISTD_H 1
| #define HAVE_DLFCN_H 1
| #define LT_OBJDIR ".libs/"
| #define LT_MODULE_EXT ".so"
| #define LT_MODULE_PATH_VAR "LD_LIBRARY_PATH"
| #define LT_DLSEARCH_PATH "/lib64:/usr/lib64:/lib:/usr/lib:/usr/lib64/atlas:/usr/lib64/mysql"
| #define HAVE_LIBDL 1
| #define HAVE_DLERROR 1
| #define HAVE_LIBDLLOADER 1
| #define HAVE_ARGZ_H 1
| #define HAVE_ERROR_T 1
| #define HAVE_ARGZ_ADD 1
| #define HAVE_ARGZ_APPEND 1
| #define HAVE_ARGZ_COUNT 1
| #define HAVE_ARGZ_CREATE_SEP 1
| #define HAVE_ARGZ_INSERT 1
| #define HAVE_ARGZ_NEXT 1
| #define HAVE_ARGZ_STRINGIFY 1
| #define HAVE_WORKING_ARGZ 1
| #define HAVE_PRELOADED_SYMBOLS 1
| #define HAVE_UNISTD_H 1
| #define HAVE_DIRENT_H 1
| #define HAVE_CLOSEDIR 1
| #define HAVE_OPENDIR 1
| #define HAVE_READDIR 1
| #define LT_LIBEXT "a"
| #define LT_LIBPREFIX "lib"
| #define TIME_WITH_SYS_TIME 1
| #define PINTOOL_EXECUTABLE ""
| #define HAVE_SHM 1
| #define SST_SYSTEMC_LIBDIR ""
| #define RAMULATOR_LIBDIR ""
| #define DRAMSIM_LIBDIR ""
| #define HYBRIDSIM_LIBDIR ""
| #define GOBLIN_HMCSIM_LIBDIR ""
| #define NVDIMMSIM_LIBDIR ""
| #define FDSIM_LIBDIR ""
| #define PINTOOL_EXECUTABLE ""
| #define HAVE_SHM 1
| /* end confdefs.h.  */
| 
| /* Override any GCC internal prototype to avoid an error.
|    Use char because int might match the return type of a GCC
|    builtin and then its argument prototype would still apply.  */
| #ifdef __cplusplus
| extern "C"
| #endif
| char METIS_NodeNDP ();
| int
| main ()
| {
| return METIS_NodeNDP ();
|   ;
|   return 0;
| }
configure:19758: result: no
configure:19793: checking for METIS package
configure:19795: result: no
configure:19840: checking glpk.h usability
configure:19840: g++ -c -g -O2  -std=c++1y -D__STDC_FORMAT_MACROS   -I/usr/include/python2.7 -I/usr/include/python2.7  -I/home/karamati/local/sstcore-7.1.0/include/sst/core -I/home/karamati/local/sstcore-7.1.0/include conftest.cpp >&5
conftest.cpp:92:18: fatal error: glpk.h: No such file or directory
 #include <glpk.h>
                  ^
compilation terminated.
configure:19840: $? = 1
configure: failed program was:
| /* confdefs.h */
| #define PACKAGE_NAME "SST Elements Library"
| #define PACKAGE_TARNAME "sst-elements-library"
| #define PACKAGE_VERSION "7.1.0"
| #define PACKAGE_STRING "SST Elements Library 7.1.0"
| #define PACKAGE_BUGREPORT "sst@sandia.gov"
| #define PACKAGE_URL ""
| #define TIME_WITH_SYS_TIME 1
| #define STDC_HEADERS 1
| #define HAVE_SYS_TYPES_H 1
| #define HAVE_SYS_STAT_H 1
| #define HAVE_STDLIB_H 1
| #define HAVE_STRING_H 1
| #define HAVE_MEMORY_H 1
| #define HAVE_STRINGS_H 1
| #define HAVE_INTTYPES_H 1
| #define HAVE_STDINT_H 1
| #define HAVE_UNISTD_H 1
| #define HAVE_DLFCN_H 1
| #define LT_OBJDIR ".libs/"
| #define LT_MODULE_EXT ".so"
| #define LT_MODULE_PATH_VAR "LD_LIBRARY_PATH"
| #define LT_DLSEARCH_PATH "/lib64:/usr/lib64:/lib:/usr/lib:/usr/lib64/atlas:/usr/lib64/mysql"
| #define HAVE_LIBDL 1
| #define HAVE_DLERROR 1
| #define HAVE_LIBDLLOADER 1
| #define HAVE_ARGZ_H 1
| #define HAVE_ERROR_T 1
| #define HAVE_ARGZ_ADD 1
| #define HAVE_ARGZ_APPEND 1
| #define HAVE_ARGZ_COUNT 1
| #define HAVE_ARGZ_CREATE_SEP 1
| #define HAVE_ARGZ_INSERT 1
| #define HAVE_ARGZ_NEXT 1
| #define HAVE_ARGZ_STRINGIFY 1
| #define HAVE_WORKING_ARGZ 1
| #define HAVE_PRELOADED_SYMBOLS 1
| #define HAVE_UNISTD_H 1
| #define HAVE_DIRENT_H 1
| #define HAVE_CLOSEDIR 1
| #define HAVE_OPENDIR 1
| #define HAVE_READDIR 1
| #define LT_LIBEXT "a"
| #define LT_LIBPREFIX "lib"
| #define TIME_WITH_SYS_TIME 1
| #define PINTOOL_EXECUTABLE ""
| #define HAVE_SHM 1
| #define SST_SYSTEMC_LIBDIR ""
| #define RAMULATOR_LIBDIR ""
| #define DRAMSIM_LIBDIR ""
| #define HYBRIDSIM_LIBDIR ""
| #define GOBLIN_HMCSIM_LIBDIR ""
| #define NVDIMMSIM_LIBDIR ""
| #define FDSIM_LIBDIR ""
| #define PINTOOL_EXECUTABLE ""
| #define HAVE_SHM 1
| #define METIS_LIBDIR ""
| /* end confdefs.h.  */
| #include <stdio.h>
| #ifdef HAVE_SYS_TYPES_H
| # include <sys/types.h>
| #endif
| #ifdef HAVE_SYS_STAT_H
| # include <sys/stat.h>
| #endif
| #ifdef STDC_HEADERS
| # include <stdlib.h>
| # include <stddef.h>
| #else
| # ifdef HAVE_STDLIB_H
| #  include <stdlib.h>
| # endif
| #endif
| #ifdef HAVE_STRING_H
| # if !defined STDC_HEADERS && defined HAVE_MEMORY_H
| #  include <memory.h>
| # endif
| # include <string.h>
| #endif
| #ifdef HAVE_STRINGS_H
| # include <strings.h>
| #endif
| #ifdef HAVE_INTTYPES_H
| # include <inttypes.h>
| #endif
| #ifdef HAVE_STDINT_H
| # include <stdint.h>
| #endif
| #ifdef HAVE_UNISTD_H
| # include <unistd.h>
| #endif
| #include <glpk.h>
configure:19840: result: no
configure:19840: checking glpk.h presence
configure:19840: g++ -E   -I/usr/include/python2.7 -I/usr/include/python2.7  -I/home/karamati/local/sstcore-7.1.0/include/sst/core -I/home/karamati/local/sstcore-7.1.0/include conftest.cpp
conftest.cpp:59:18: fatal error: glpk.h: No such file or directory
 #include <glpk.h>
                  ^
compilation terminated.
configure:19840: $? = 1
configure: failed program was:
| /* confdefs.h */
| #define PACKAGE_NAME "SST Elements Library"
| #define PACKAGE_TARNAME "sst-elements-library"
| #define PACKAGE_VERSION "7.1.0"
| #define PACKAGE_STRING "SST Elements Library 7.1.0"
| #define PACKAGE_BUGREPORT "sst@sandia.gov"
| #define PACKAGE_URL ""
| #define TIME_WITH_SYS_TIME 1
| #define STDC_HEADERS 1
| #define HAVE_SYS_TYPES_H 1
| #define HAVE_SYS_STAT_H 1
| #define HAVE_STDLIB_H 1
| #define HAVE_STRING_H 1
| #define HAVE_MEMORY_H 1
| #define HAVE_STRINGS_H 1
| #define HAVE_INTTYPES_H 1
| #define HAVE_STDINT_H 1
| #define HAVE_UNISTD_H 1
| #define HAVE_DLFCN_H 1
| #define LT_OBJDIR ".libs/"
| #define LT_MODULE_EXT ".so"
| #define LT_MODULE_PATH_VAR "LD_LIBRARY_PATH"
| #define LT_DLSEARCH_PATH "/lib64:/usr/lib64:/lib:/usr/lib:/usr/lib64/atlas:/usr/lib64/mysql"
| #define HAVE_LIBDL 1
| #define HAVE_DLERROR 1
| #define HAVE_LIBDLLOADER 1
| #define HAVE_ARGZ_H 1
| #define HAVE_ERROR_T 1
| #define HAVE_ARGZ_ADD 1
| #define HAVE_ARGZ_APPEND 1
| #define HAVE_ARGZ_COUNT 1
| #define HAVE_ARGZ_CREATE_SEP 1
| #define HAVE_ARGZ_INSERT 1
| #define HAVE_ARGZ_NEXT 1
| #define HAVE_ARGZ_STRINGIFY 1
| #define HAVE_WORKING_ARGZ 1
| #define HAVE_PRELOADED_SYMBOLS 1
| #define HAVE_UNISTD_H 1
| #define HAVE_DIRENT_H 1
| #define HAVE_CLOSEDIR 1
| #define HAVE_OPENDIR 1
| #define HAVE_READDIR 1
| #define LT_LIBEXT "a"
| #define LT_LIBPREFIX "lib"
| #define TIME_WITH_SYS_TIME 1
| #define PINTOOL_EXECUTABLE ""
| #define HAVE_SHM 1
| #define SST_SYSTEMC_LIBDIR ""
| #define RAMULATOR_LIBDIR ""
| #define DRAMSIM_LIBDIR ""
| #define HYBRIDSIM_LIBDIR ""
| #define GOBLIN_HMCSIM_LIBDIR ""
| #define NVDIMMSIM_LIBDIR ""
| #define FDSIM_LIBDIR ""
| #define PINTOOL_EXECUTABLE ""
| #define HAVE_SHM 1
| #define METIS_LIBDIR ""
| /* end confdefs.h.  */
| #include <glpk.h>
configure:19840: result: no
configure:19840: checking for glpk.h
configure:19840: result: no
configure:19852: checking for glp_create_prob in -lglpk
configure:19877: g++ -o conftest -g -O2  -std=c++1y -D__STDC_FORMAT_MACROS   -I/usr/include/python2.7 -I/usr/include/python2.7  -I/home/karamati/local/sstcore-7.1.0/include/sst/core -I/home/karamati/local/sstcore-7.1.0/include    -lpthread -ldl -lutil -lm -lpython2.7 -Xlinker -export-dynamic conftest.cpp -lglpk  -ldl   -ldl  >&5
/usr/bin/ld: cannot find -lglpk
collect2: error: ld returned 1 exit status
configure:19877: $? = 1
configure: failed program was:
| /* confdefs.h */
| #define PACKAGE_NAME "SST Elements Library"
| #define PACKAGE_TARNAME "sst-elements-library"
| #define PACKAGE_VERSION "7.1.0"
| #define PACKAGE_STRING "SST Elements Library 7.1.0"
| #define PACKAGE_BUGREPORT "sst@sandia.gov"
| #define PACKAGE_URL ""
| #define TIME_WITH_SYS_TIME 1
| #define STDC_HEADERS 1
| #define HAVE_SYS_TYPES_H 1
| #define HAVE_SYS_STAT_H 1
| #define HAVE_STDLIB_H 1
| #define HAVE_STRING_H 1
| #define HAVE_MEMORY_H 1
| #define HAVE_STRINGS_H 1
| #define HAVE_INTTYPES_H 1
| #define HAVE_STDINT_H 1
| #define HAVE_UNISTD_H 1
| #define HAVE_DLFCN_H 1
| #define LT_OBJDIR ".libs/"
| #define LT_MODULE_EXT ".so"
| #define LT_MODULE_PATH_VAR "LD_LIBRARY_PATH"
| #define LT_DLSEARCH_PATH "/lib64:/usr/lib64:/lib:/usr/lib:/usr/lib64/atlas:/usr/lib64/mysql"
| #define HAVE_LIBDL 1
| #define HAVE_DLERROR 1
| #define HAVE_LIBDLLOADER 1
| #define HAVE_ARGZ_H 1
| #define HAVE_ERROR_T 1
| #define HAVE_ARGZ_ADD 1
| #define HAVE_ARGZ_APPEND 1
| #define HAVE_ARGZ_COUNT 1
| #define HAVE_ARGZ_CREATE_SEP 1
| #define HAVE_ARGZ_INSERT 1
| #define HAVE_ARGZ_NEXT 1
| #define HAVE_ARGZ_STRINGIFY 1
| #define HAVE_WORKING_ARGZ 1
| #define HAVE_PRELOADED_SYMBOLS 1
| #define HAVE_UNISTD_H 1
| #define HAVE_DIRENT_H 1
| #define HAVE_CLOSEDIR 1
| #define HAVE_OPENDIR 1
| #define HAVE_READDIR 1
| #define LT_LIBEXT "a"
| #define LT_LIBPREFIX "lib"
| #define TIME_WITH_SYS_TIME 1
| #define PINTOOL_EXECUTABLE ""
| #define HAVE_SHM 1
| #define SST_SYSTEMC_LIBDIR ""
| #define RAMULATOR_LIBDIR ""
| #define DRAMSIM_LIBDIR ""
| #define HYBRIDSIM_LIBDIR ""
| #define GOBLIN_HMCSIM_LIBDIR ""
| #define NVDIMMSIM_LIBDIR ""
| #define FDSIM_LIBDIR ""
| #define PINTOOL_EXECUTABLE ""
| #define HAVE_SHM 1
| #define METIS_LIBDIR ""
| /* end confdefs.h.  */
| 
| /* Override any GCC internal prototype to avoid an error.
|    Use char because int might match the return type of a GCC
|    builtin and then its argument prototype would still apply.  */
| #ifdef __cplusplus
| extern "C"
| #endif
| char glp_create_prob ();
| int
| main ()
| {
| return glp_create_prob ();
|   ;
|   return 0;
| }
configure:19886: result: no
configure:19997: checking for systemc.h
configure:19997: result: no
configure:20026: g++ -o conftest -g -O2  -std=c++1y -D__STDC_FORMAT_MACROS   -I/usr/include/python2.7 -I/usr/include/python2.7  -I/home/karamati/local/sstcore-7.1.0/include/sst/core -I/home/karamati/local/sstcore-7.1.0/include -lsystemc    -lpthread -ldl -lutil -lm -lpython2.7 -Xlinker -export-dynamic conftest.cpp -lsystemc -ldl   -ldl  >&5
conftest.cpp:61:38: fatal error: systemc.h: No such file or directory
                  #include <systemc.h>
                                      ^
compilation terminated.
configure:20026: $? = 1
configure: failed program was:
| /* confdefs.h */
| #define PACKAGE_NAME "SST Elements Library"
| #define PACKAGE_TARNAME "sst-elements-library"
| #define PACKAGE_VERSION "7.1.0"
| #define PACKAGE_STRING "SST Elements Library 7.1.0"
| #define PACKAGE_BUGREPORT "sst@sandia.gov"
| #define PACKAGE_URL ""
| #define TIME_WITH_SYS_TIME 1
| #define STDC_HEADERS 1
| #define HAVE_SYS_TYPES_H 1
| #define HAVE_SYS_STAT_H 1
| #define HAVE_STDLIB_H 1
| #define HAVE_STRING_H 1
| #define HAVE_MEMORY_H 1
| #define HAVE_STRINGS_H 1
| #define HAVE_INTTYPES_H 1
| #define HAVE_STDINT_H 1
| #define HAVE_UNISTD_H 1
| #define HAVE_DLFCN_H 1
| #define LT_OBJDIR ".libs/"
| #define LT_MODULE_EXT ".so"
| #define LT_MODULE_PATH_VAR "LD_LIBRARY_PATH"
| #define LT_DLSEARCH_PATH "/lib64:/usr/lib64:/lib:/usr/lib:/usr/lib64/atlas:/usr/lib64/mysql"
| #define HAVE_LIBDL 1
| #define HAVE_DLERROR 1
| #define HAVE_LIBDLLOADER 1
| #define HAVE_ARGZ_H 1
| #define HAVE_ERROR_T 1
| #define HAVE_ARGZ_ADD 1
| #define HAVE_ARGZ_APPEND 1
| #define HAVE_ARGZ_COUNT 1
| #define HAVE_ARGZ_CREATE_SEP 1
| #define HAVE_ARGZ_INSERT 1
| #define HAVE_ARGZ_NEXT 1
| #define HAVE_ARGZ_STRINGIFY 1
| #define HAVE_WORKING_ARGZ 1
| #define HAVE_PRELOADED_SYMBOLS 1
| #define HAVE_UNISTD_H 1
| #define HAVE_DIRENT_H 1
| #define HAVE_CLOSEDIR 1
| #define HAVE_OPENDIR 1
| #define HAVE_READDIR 1
| #define LT_LIBEXT "a"
| #define LT_LIBPREFIX "lib"
| #define TIME_WITH_SYS_TIME 1
| #define PINTOOL_EXECUTABLE ""
| #define HAVE_SHM 1
| #define SST_SYSTEMC_LIBDIR ""
| #define RAMULATOR_LIBDIR ""
| #define DRAMSIM_LIBDIR ""
| #define HYBRIDSIM_LIBDIR ""
| #define GOBLIN_HMCSIM_LIBDIR ""
| #define NVDIMMSIM_LIBDIR ""
| #define FDSIM_LIBDIR ""
| #define PINTOOL_EXECUTABLE ""
| #define HAVE_SHM 1
| #define METIS_LIBDIR ""
| #define GLPK_LIBDIR ""
| /* end confdefs.h.  */
| 
|                  #include <systemc.h>
|                      int sc_main(int argc, char* argv[]){
|                      return 0;
|                      }
|                      int main(int argc,char* argv[]){
|                      return sc_main(argc,argv);
|                      }
| 
| 
configure:20136: checking Vault.h usability
configure:20136: g++ -c -g -O2  -std=c++1y -D__STDC_FORMAT_MACROS   -I/usr/include/python2.7 -I/usr/include/python2.7  -I/home/karamati/local/sstcore-7.1.0/include/sst/core -I/home/karamati/local/sstcore-7.1.0/include conftest.cpp >&5
conftest.cpp:94:19: fatal error: Vault.h: No such file or directory
 #include <Vault.h>
                   ^
compilation terminated.
configure:20136: $? = 1
configure: failed program was:
| /* confdefs.h */
| #define PACKAGE_NAME "SST Elements Library"
| #define PACKAGE_TARNAME "sst-elements-library"
| #define PACKAGE_VERSION "7.1.0"
| #define PACKAGE_STRING "SST Elements Library 7.1.0"
| #define PACKAGE_BUGREPORT "sst@sandia.gov"
| #define PACKAGE_URL ""
| #define TIME_WITH_SYS_TIME 1
| #define STDC_HEADERS 1
| #define HAVE_SYS_TYPES_H 1
| #define HAVE_SYS_STAT_H 1
| #define HAVE_STDLIB_H 1
| #define HAVE_STRING_H 1
| #define HAVE_MEMORY_H 1
| #define HAVE_STRINGS_H 1
| #define HAVE_INTTYPES_H 1
| #define HAVE_STDINT_H 1
| #define HAVE_UNISTD_H 1
| #define HAVE_DLFCN_H 1
| #define LT_OBJDIR ".libs/"
| #define LT_MODULE_EXT ".so"
| #define LT_MODULE_PATH_VAR "LD_LIBRARY_PATH"
| #define LT_DLSEARCH_PATH "/lib64:/usr/lib64:/lib:/usr/lib:/usr/lib64/atlas:/usr/lib64/mysql"
| #define HAVE_LIBDL 1
| #define HAVE_DLERROR 1
| #define HAVE_LIBDLLOADER 1
| #define HAVE_ARGZ_H 1
| #define HAVE_ERROR_T 1
| #define HAVE_ARGZ_ADD 1
| #define HAVE_ARGZ_APPEND 1
| #define HAVE_ARGZ_COUNT 1
| #define HAVE_ARGZ_CREATE_SEP 1
| #define HAVE_ARGZ_INSERT 1
| #define HAVE_ARGZ_NEXT 1
| #define HAVE_ARGZ_STRINGIFY 1
| #define HAVE_WORKING_ARGZ 1
| #define HAVE_PRELOADED_SYMBOLS 1
| #define HAVE_UNISTD_H 1
| #define HAVE_DIRENT_H 1
| #define HAVE_CLOSEDIR 1
| #define HAVE_OPENDIR 1
| #define HAVE_READDIR 1
| #define LT_LIBEXT "a"
| #define LT_LIBPREFIX "lib"
| #define TIME_WITH_SYS_TIME 1
| #define PINTOOL_EXECUTABLE ""
| #define HAVE_SHM 1
| #define SST_SYSTEMC_LIBDIR ""
| #define RAMULATOR_LIBDIR ""
| #define DRAMSIM_LIBDIR ""
| #define HYBRIDSIM_LIBDIR ""
| #define GOBLIN_HMCSIM_LIBDIR ""
| #define NVDIMMSIM_LIBDIR ""
| #define FDSIM_LIBDIR ""
| #define PINTOOL_EXECUTABLE ""
| #define HAVE_SHM 1
| #define METIS_LIBDIR ""
| #define GLPK_LIBDIR ""
| #define SST_SYSTEMC_LIBDIR ""
| /* end confdefs.h.  */
| #include <stdio.h>
| #ifdef HAVE_SYS_TYPES_H
| # include <sys/types.h>
| #endif
| #ifdef HAVE_SYS_STAT_H
| # include <sys/stat.h>
| #endif
| #ifdef STDC_HEADERS
| # include <stdlib.h>
| # include <stddef.h>
| #else
| # ifdef HAVE_STDLIB_H
| #  include <stdlib.h>
| # endif
| #endif
| #ifdef HAVE_STRING_H
| # if !defined STDC_HEADERS && defined HAVE_MEMORY_H
| #  include <memory.h>
| # endif
| # include <string.h>
| #endif
| #ifdef HAVE_STRINGS_H
| # include <strings.h>
| #endif
| #ifdef HAVE_INTTYPES_H
| # include <inttypes.h>
| #endif
| #ifdef HAVE_STDINT_H
| # include <stdint.h>
| #endif
| #ifdef HAVE_UNISTD_H
| # include <unistd.h>
| #endif
| #include <Vault.h>
configure:20136: result: no
configure:20136: checking Vault.h presence
configure:20136: g++ -E   -I/usr/include/python2.7 -I/usr/include/python2.7  -I/home/karamati/local/sstcore-7.1.0/include/sst/core -I/home/karamati/local/sstcore-7.1.0/include conftest.cpp
conftest.cpp:61:19: fatal error: Vault.h: No such file or directory
 #include <Vault.h>
                   ^
compilation terminated.
configure:20136: $? = 1
configure: failed program was:
| /* confdefs.h */
| #define PACKAGE_NAME "SST Elements Library"
| #define PACKAGE_TARNAME "sst-elements-library"
| #define PACKAGE_VERSION "7.1.0"
| #define PACKAGE_STRING "SST Elements Library 7.1.0"
| #define PACKAGE_BUGREPORT "sst@sandia.gov"
| #define PACKAGE_URL ""
| #define TIME_WITH_SYS_TIME 1
| #define STDC_HEADERS 1
| #define HAVE_SYS_TYPES_H 1
| #define HAVE_SYS_STAT_H 1
| #define HAVE_STDLIB_H 1
| #define HAVE_STRING_H 1
| #define HAVE_MEMORY_H 1
| #define HAVE_STRINGS_H 1
| #define HAVE_INTTYPES_H 1
| #define HAVE_STDINT_H 1
| #define HAVE_UNISTD_H 1
| #define HAVE_DLFCN_H 1
| #define LT_OBJDIR ".libs/"
| #define LT_MODULE_EXT ".so"
| #define LT_MODULE_PATH_VAR "LD_LIBRARY_PATH"
| #define LT_DLSEARCH_PATH "/lib64:/usr/lib64:/lib:/usr/lib:/usr/lib64/atlas:/usr/lib64/mysql"
| #define HAVE_LIBDL 1
| #define HAVE_DLERROR 1
| #define HAVE_LIBDLLOADER 1
| #define HAVE_ARGZ_H 1
| #define HAVE_ERROR_T 1
| #define HAVE_ARGZ_ADD 1
| #define HAVE_ARGZ_APPEND 1
| #define HAVE_ARGZ_COUNT 1
| #define HAVE_ARGZ_CREATE_SEP 1
| #define HAVE_ARGZ_INSERT 1
| #define HAVE_ARGZ_NEXT 1
| #define HAVE_ARGZ_STRINGIFY 1
| #define HAVE_WORKING_ARGZ 1
| #define HAVE_PRELOADED_SYMBOLS 1
| #define HAVE_UNISTD_H 1
| #define HAVE_DIRENT_H 1
| #define HAVE_CLOSEDIR 1
| #define HAVE_OPENDIR 1
| #define HAVE_READDIR 1
| #define LT_LIBEXT "a"
| #define LT_LIBPREFIX "lib"
| #define TIME_WITH_SYS_TIME 1
| #define PINTOOL_EXECUTABLE ""
| #define HAVE_SHM 1
| #define SST_SYSTEMC_LIBDIR ""
| #define RAMULATOR_LIBDIR ""
| #define DRAMSIM_LIBDIR ""
| #define HYBRIDSIM_LIBDIR ""
| #define GOBLIN_HMCSIM_LIBDIR ""
| #define NVDIMMSIM_LIBDIR ""
| #define FDSIM_LIBDIR ""
| #define PINTOOL_EXECUTABLE ""
| #define HAVE_SHM 1
| #define METIS_LIBDIR ""
| #define GLPK_LIBDIR ""
| #define SST_SYSTEMC_LIBDIR ""
| /* end confdefs.h.  */
| #include <Vault.h>
configure:20136: result: no
configure:20136: checking for Vault.h
configure:20136: result: no
configure:20148: checking for vault_is_present in -lphx
configure:20173: g++ -o conftest -g -O2  -std=c++1y -D__STDC_FORMAT_MACROS   -I/usr/include/python2.7 -I/usr/include/python2.7  -I/home/karamati/local/sstcore-7.1.0/include/sst/core -I/home/karamati/local/sstcore-7.1.0/include    -lpthread -ldl -lutil -lm -lpython2.7 -Xlinker -export-dynamic conftest.cpp -lphx  -ldl   -ldl  >&5
/usr/bin/ld: cannot find -lphx
collect2: error: ld returned 1 exit status
configure:20173: $? = 1
configure: failed program was:
| /* confdefs.h */
| #define PACKAGE_NAME "SST Elements Library"
| #define PACKAGE_TARNAME "sst-elements-library"
| #define PACKAGE_VERSION "7.1.0"
| #define PACKAGE_STRING "SST Elements Library 7.1.0"
| #define PACKAGE_BUGREPORT "sst@sandia.gov"
| #define PACKAGE_URL ""
| #define TIME_WITH_SYS_TIME 1
| #define STDC_HEADERS 1
| #define HAVE_SYS_TYPES_H 1
| #define HAVE_SYS_STAT_H 1
| #define HAVE_STDLIB_H 1
| #define HAVE_STRING_H 1
| #define HAVE_MEMORY_H 1
| #define HAVE_STRINGS_H 1
| #define HAVE_INTTYPES_H 1
| #define HAVE_STDINT_H 1
| #define HAVE_UNISTD_H 1
| #define HAVE_DLFCN_H 1
| #define LT_OBJDIR ".libs/"
| #define LT_MODULE_EXT ".so"
| #define LT_MODULE_PATH_VAR "LD_LIBRARY_PATH"
| #define LT_DLSEARCH_PATH "/lib64:/usr/lib64:/lib:/usr/lib:/usr/lib64/atlas:/usr/lib64/mysql"
| #define HAVE_LIBDL 1
| #define HAVE_DLERROR 1
| #define HAVE_LIBDLLOADER 1
| #define HAVE_ARGZ_H 1
| #define HAVE_ERROR_T 1
| #define HAVE_ARGZ_ADD 1
| #define HAVE_ARGZ_APPEND 1
| #define HAVE_ARGZ_COUNT 1
| #define HAVE_ARGZ_CREATE_SEP 1
| #define HAVE_ARGZ_INSERT 1
| #define HAVE_ARGZ_NEXT 1
| #define HAVE_ARGZ_STRINGIFY 1
| #define HAVE_WORKING_ARGZ 1
| #define HAVE_PRELOADED_SYMBOLS 1
| #define HAVE_UNISTD_H 1
| #define HAVE_DIRENT_H 1
| #define HAVE_CLOSEDIR 1
| #define HAVE_OPENDIR 1
| #define HAVE_READDIR 1
| #define LT_LIBEXT "a"
| #define LT_LIBPREFIX "lib"
| #define TIME_WITH_SYS_TIME 1
| #define PINTOOL_EXECUTABLE ""
| #define HAVE_SHM 1
| #define SST_SYSTEMC_LIBDIR ""
| #define RAMULATOR_LIBDIR ""
| #define DRAMSIM_LIBDIR ""
| #define HYBRIDSIM_LIBDIR ""
| #define GOBLIN_HMCSIM_LIBDIR ""
| #define NVDIMMSIM_LIBDIR ""
| #define FDSIM_LIBDIR ""
| #define PINTOOL_EXECUTABLE ""
| #define HAVE_SHM 1
| #define METIS_LIBDIR ""
| #define GLPK_LIBDIR ""
| #define SST_SYSTEMC_LIBDIR ""
| /* end confdefs.h.  */
| 
| /* Override any GCC internal prototype to avoid an error.
|    Use char because int might match the return type of a GCC
|    builtin and then its argument prototype would still apply.  */
| #ifdef __cplusplus
| extern "C"
| #endif
| char vault_is_present ();
| int
| main ()
| {
| return vault_is_present ();
|   ;
|   return 0;
| }
configure:20182: result: no
configure:20235: No usable PHX Library building with internal timings
configure:20289: checking for otfconfig
configure:20322: result: no
configure:20354: checking for OTF library
configure:20356: result: no
configure:20405: checking dumpi/libundumpi/libundumpi.h usability
configure:20405: g++ -c -g -O2  -std=c++1y -D__STDC_FORMAT_MACROS   -I/usr/include/python2.7 -I/usr/include/python2.7  -I/home/karamati/local/sstcore-7.1.0/include/sst/core -I/home/karamati/local/sstcore-7.1.0/include conftest.cpp >&5
conftest.cpp:95:41: fatal error: dumpi/libundumpi/libundumpi.h: No such file or directory
 #include <dumpi/libundumpi/libundumpi.h>
                                         ^
compilation terminated.
configure:20405: $? = 1
configure: failed program was:
| /* confdefs.h */
| #define PACKAGE_NAME "SST Elements Library"
| #define PACKAGE_TARNAME "sst-elements-library"
| #define PACKAGE_VERSION "7.1.0"
| #define PACKAGE_STRING "SST Elements Library 7.1.0"
| #define PACKAGE_BUGREPORT "sst@sandia.gov"
| #define PACKAGE_URL ""
| #define TIME_WITH_SYS_TIME 1
| #define STDC_HEADERS 1
| #define HAVE_SYS_TYPES_H 1
| #define HAVE_SYS_STAT_H 1
| #define HAVE_STDLIB_H 1
| #define HAVE_STRING_H 1
| #define HAVE_MEMORY_H 1
| #define HAVE_STRINGS_H 1
| #define HAVE_INTTYPES_H 1
| #define HAVE_STDINT_H 1
| #define HAVE_UNISTD_H 1
| #define HAVE_DLFCN_H 1
| #define LT_OBJDIR ".libs/"
| #define LT_MODULE_EXT ".so"
| #define LT_MODULE_PATH_VAR "LD_LIBRARY_PATH"
| #define LT_DLSEARCH_PATH "/lib64:/usr/lib64:/lib:/usr/lib:/usr/lib64/atlas:/usr/lib64/mysql"
| #define HAVE_LIBDL 1
| #define HAVE_DLERROR 1
| #define HAVE_LIBDLLOADER 1
| #define HAVE_ARGZ_H 1
| #define HAVE_ERROR_T 1
| #define HAVE_ARGZ_ADD 1
| #define HAVE_ARGZ_APPEND 1
| #define HAVE_ARGZ_COUNT 1
| #define HAVE_ARGZ_CREATE_SEP 1
| #define HAVE_ARGZ_INSERT 1
| #define HAVE_ARGZ_NEXT 1
| #define HAVE_ARGZ_STRINGIFY 1
| #define HAVE_WORKING_ARGZ 1
| #define HAVE_PRELOADED_SYMBOLS 1
| #define HAVE_UNISTD_H 1
| #define HAVE_DIRENT_H 1
| #define HAVE_CLOSEDIR 1
| #define HAVE_OPENDIR 1
| #define HAVE_READDIR 1
| #define LT_LIBEXT "a"
| #define LT_LIBPREFIX "lib"
| #define TIME_WITH_SYS_TIME 1
| #define PINTOOL_EXECUTABLE ""
| #define HAVE_SHM 1
| #define SST_SYSTEMC_LIBDIR ""
| #define RAMULATOR_LIBDIR ""
| #define DRAMSIM_LIBDIR ""
| #define HYBRIDSIM_LIBDIR ""
| #define GOBLIN_HMCSIM_LIBDIR ""
| #define NVDIMMSIM_LIBDIR ""
| #define FDSIM_LIBDIR ""
| #define PINTOOL_EXECUTABLE ""
| #define HAVE_SHM 1
| #define METIS_LIBDIR ""
| #define GLPK_LIBDIR ""
| #define SST_SYSTEMC_LIBDIR ""
| #define LIBPHX_LIBDIR ""
| /* end confdefs.h.  */
| #include <stdio.h>
| #ifdef HAVE_SYS_TYPES_H
| # include <sys/types.h>
| #endif
| #ifdef HAVE_SYS_STAT_H
| # include <sys/stat.h>
| #endif
| #ifdef STDC_HEADERS
| # include <stdlib.h>
| # include <stddef.h>
| #else
| # ifdef HAVE_STDLIB_H
| #  include <stdlib.h>
| # endif
| #endif
| #ifdef HAVE_STRING_H
| # if !defined STDC_HEADERS && defined HAVE_MEMORY_H
| #  include <memory.h>
| # endif
| # include <string.h>
| #endif
| #ifdef HAVE_STRINGS_H
| # include <strings.h>
| #endif
| #ifdef HAVE_INTTYPES_H
| # include <inttypes.h>
| #endif
| #ifdef HAVE_STDINT_H
| # include <stdint.h>
| #endif
| #ifdef HAVE_UNISTD_H
| # include <unistd.h>
| #endif
| #include <dumpi/libundumpi/libundumpi.h>
configure:20405: result: no
configure:20405: checking dumpi/libundumpi/libundumpi.h presence
configure:20405: g++ -E   -I/usr/include/python2.7 -I/usr/include/python2.7  -I/home/karamati/local/sstcore-7.1.0/include/sst/core -I/home/karamati/local/sstcore-7.1.0/include conftest.cpp
conftest.cpp:62:41: fatal error: dumpi/libundumpi/libundumpi.h: No such file or directory
 #include <dumpi/libundumpi/libundumpi.h>
                                         ^
compilation terminated.
configure:20405: $? = 1
configure: failed program was:
| /* confdefs.h */
| #define PACKAGE_NAME "SST Elements Library"
| #define PACKAGE_TARNAME "sst-elements-library"
| #define PACKAGE_VERSION "7.1.0"
| #define PACKAGE_STRING "SST Elements Library 7.1.0"
| #define PACKAGE_BUGREPORT "sst@sandia.gov"
| #define PACKAGE_URL ""
| #define TIME_WITH_SYS_TIME 1
| #define STDC_HEADERS 1
| #define HAVE_SYS_TYPES_H 1
| #define HAVE_SYS_STAT_H 1
| #define HAVE_STDLIB_H 1
| #define HAVE_STRING_H 1
| #define HAVE_MEMORY_H 1
| #define HAVE_STRINGS_H 1
| #define HAVE_INTTYPES_H 1
| #define HAVE_STDINT_H 1
| #define HAVE_UNISTD_H 1
| #define HAVE_DLFCN_H 1
| #define LT_OBJDIR ".libs/"
| #define LT_MODULE_EXT ".so"
| #define LT_MODULE_PATH_VAR "LD_LIBRARY_PATH"
| #define LT_DLSEARCH_PATH "/lib64:/usr/lib64:/lib:/usr/lib:/usr/lib64/atlas:/usr/lib64/mysql"
| #define HAVE_LIBDL 1
| #define HAVE_DLERROR 1
| #define HAVE_LIBDLLOADER 1
| #define HAVE_ARGZ_H 1
| #define HAVE_ERROR_T 1
| #define HAVE_ARGZ_ADD 1
| #define HAVE_ARGZ_APPEND 1
| #define HAVE_ARGZ_COUNT 1
| #define HAVE_ARGZ_CREATE_SEP 1
| #define HAVE_ARGZ_INSERT 1
| #define HAVE_ARGZ_NEXT 1
| #define HAVE_ARGZ_STRINGIFY 1
| #define HAVE_WORKING_ARGZ 1
| #define HAVE_PRELOADED_SYMBOLS 1
| #define HAVE_UNISTD_H 1
| #define HAVE_DIRENT_H 1
| #define HAVE_CLOSEDIR 1
| #define HAVE_OPENDIR 1
| #define HAVE_READDIR 1
| #define LT_LIBEXT "a"
| #define LT_LIBPREFIX "lib"
| #define TIME_WITH_SYS_TIME 1
| #define PINTOOL_EXECUTABLE ""
| #define HAVE_SHM 1
| #define SST_SYSTEMC_LIBDIR ""
| #define RAMULATOR_LIBDIR ""
| #define DRAMSIM_LIBDIR ""
| #define HYBRIDSIM_LIBDIR ""
| #define GOBLIN_HMCSIM_LIBDIR ""
| #define NVDIMMSIM_LIBDIR ""
| #define FDSIM_LIBDIR ""
| #define PINTOOL_EXECUTABLE ""
| #define HAVE_SHM 1
| #define METIS_LIBDIR ""
| #define GLPK_LIBDIR ""
| #define SST_SYSTEMC_LIBDIR ""
| #define LIBPHX_LIBDIR ""
| /* end confdefs.h.  */
| #include <dumpi/libundumpi/libundumpi.h>
configure:20405: result: no
configure:20405: checking for dumpi/libundumpi/libundumpi.h
configure:20405: result: no
configure:20420: checking for undumpi_open in -lundumpi
configure:20445: gcc -std=gnu99 -o conftest -g -O2    -I/usr/include/python2.7 -I/usr/include/python2.7  -I/home/karamati/local/sstcore-7.1.0/include/sst/core -I/home/karamati/local/sstcore-7.1.0/include    -lpthread -ldl -lutil -lm -lpython2.7 -Xlinker -export-dynamic conftest.c -lundumpi  -ldl   -ldl  >&5
/usr/bin/ld: cannot find -lundumpi
collect2: error: ld returned 1 exit status
configure:20445: $? = 1
configure: failed program was:
| /* confdefs.h */
| #define PACKAGE_NAME "SST Elements Library"
| #define PACKAGE_TARNAME "sst-elements-library"
| #define PACKAGE_VERSION "7.1.0"
| #define PACKAGE_STRING "SST Elements Library 7.1.0"
| #define PACKAGE_BUGREPORT "sst@sandia.gov"
| #define PACKAGE_URL ""
| #define TIME_WITH_SYS_TIME 1
| #define STDC_HEADERS 1
| #define HAVE_SYS_TYPES_H 1
| #define HAVE_SYS_STAT_H 1
| #define HAVE_STDLIB_H 1
| #define HAVE_STRING_H 1
| #define HAVE_MEMORY_H 1
| #define HAVE_STRINGS_H 1
| #define HAVE_INTTYPES_H 1
| #define HAVE_STDINT_H 1
| #define HAVE_UNISTD_H 1
| #define HAVE_DLFCN_H 1
| #define LT_OBJDIR ".libs/"
| #define LT_MODULE_EXT ".so"
| #define LT_MODULE_PATH_VAR "LD_LIBRARY_PATH"
| #define LT_DLSEARCH_PATH "/lib64:/usr/lib64:/lib:/usr/lib:/usr/lib64/atlas:/usr/lib64/mysql"
| #define HAVE_LIBDL 1
| #define HAVE_DLERROR 1
| #define HAVE_LIBDLLOADER 1
| #define HAVE_ARGZ_H 1
| #define HAVE_ERROR_T 1
| #define HAVE_ARGZ_ADD 1
| #define HAVE_ARGZ_APPEND 1
| #define HAVE_ARGZ_COUNT 1
| #define HAVE_ARGZ_CREATE_SEP 1
| #define HAVE_ARGZ_INSERT 1
| #define HAVE_ARGZ_NEXT 1
| #define HAVE_ARGZ_STRINGIFY 1
| #define HAVE_WORKING_ARGZ 1
| #define HAVE_PRELOADED_SYMBOLS 1
| #define HAVE_UNISTD_H 1
| #define HAVE_DIRENT_H 1
| #define HAVE_CLOSEDIR 1
| #define HAVE_OPENDIR 1
| #define HAVE_READDIR 1
| #define LT_LIBEXT "a"
| #define LT_LIBPREFIX "lib"
| #define TIME_WITH_SYS_TIME 1
| #define PINTOOL_EXECUTABLE ""
| #define HAVE_SHM 1
| #define SST_SYSTEMC_LIBDIR ""
| #define RAMULATOR_LIBDIR ""
| #define DRAMSIM_LIBDIR ""
| #define HYBRIDSIM_LIBDIR ""
| #define GOBLIN_HMCSIM_LIBDIR ""
| #define NVDIMMSIM_LIBDIR ""
| #define FDSIM_LIBDIR ""
| #define PINTOOL_EXECUTABLE ""
| #define HAVE_SHM 1
| #define METIS_LIBDIR ""
| #define GLPK_LIBDIR ""
| #define SST_SYSTEMC_LIBDIR ""
| #define LIBPHX_LIBDIR ""
| /* end confdefs.h.  */
| 
| /* Override any GCC internal prototype to avoid an error.
|    Use char because int might match the return type of a GCC
|    builtin and then its argument prototype would still apply.  */
| #ifdef __cplusplus
| extern "C"
| #endif
| char undumpi_open ();
| int
| main ()
| {
| return undumpi_open ();
|   ;
|   return 0;
| }
configure:20454: result: no
configure:20483: checking for DUMPI tracing library
configure:20485: result: no
configure:20552: checking for SST-Elements Git Branch, Head SHA and Commit Count
configure:20566: result: N/A
configure:20569: result: 7.1.0
configure:20572: result: 0
configure:20627: g++ -c -g -O2  -std=c++1y -D__STDC_FORMAT_MACROS    -I/usr/include/python2.7 -I/usr/include/python2.7  -I/home/karamati/local/sstcore-7.1.0/include/sst/core -I/home/karamati/local/sstcore-7.1.0/include conftest.cpp >&5
configure:20627: $? = 0
configure:20660: checking for for PR_SET_PTRACER
configure:20662: result: yes
configure:20778: checking that generated files are newer than configure
configure:20784: result: done
configure:20928: creating ./config.status

## ---------------------- ##
## Running config.status. ##
## ---------------------- ##

This file was extended by SST Elements Library config.status 7.1.0, which was
generated by GNU Autoconf 2.69.  Invocation command line was

  CONFIG_FILES    = 
  CONFIG_HEADERS  = 
  CONFIG_LINKS    = 
  CONFIG_COMMANDS = 
  $ ./config.status 

on simpl-rhel70-580-1.u.labs.hpecorp.net

config.status:1343: creating src/sst/elements/ariel/Makefile
config.status:1343: creating src/sst/elements/cacheTracer/Makefile
config.status:1343: creating src/sst/elements/cassini/Makefile
config.status:1343: creating src/sst/elements/CramSim/Makefile
config.status:1343: creating src/sst/elements/ember/Makefile
config.status:1343: creating src/sst/elements/firefly/Makefile
config.status:1343: creating src/sst/elements/hermes/Makefile
config.status:1343: creating src/sst/elements/HMC/Makefile
config.status:1343: creating src/sst/elements/memHierarchy/Makefile
config.status:1343: creating src/sst/elements/merlin/Makefile
config.status:1343: creating src/sst/elements/Messier/Makefile
config.status:1343: creating src/sst/elements/miranda/Makefile
config.status:1343: creating src/sst/elements/prospero/Makefile
config.status:1343: creating src/sst/elements/Samba/Makefile
config.status:1343: creating src/sst/elements/scheduler/Makefile
config.status:1343: creating src/sst/elements/simpleElementExample/Makefile
config.status:1343: creating src/sst/elements/simpleSimulation/Makefile
config.status:1343: creating src/sst/elements/SysC/Makefile
config.status:1343: creating src/sst/elements/thornhill/Makefile
config.status:1343: creating src/sst/elements/VaultSimC/Makefile
config.status:1343: creating src/sst/elements/zodiac/Makefile
config.status:1343: creating Makefile
config.status:1343: creating src/Makefile
config.status:1343: creating src/sst/Makefile
config.status:1343: creating src/sst/elements/Makefile
config.status:1343: creating src/sst_element_config.h
config.status:1524: src/sst_element_config.h is unchanged
config.status:1572: executing depfiles commands
config.status:1572: executing libtool commands

## ---------------- ##
## Cache variables. ##
## ---------------- ##

ac_cv_build=x86_64-unknown-linux-gnu
ac_cv_c_compiler_gnu=yes
ac_cv_c_inline=inline
ac_cv_cxx_compiler_gnu=yes
ac_cv_env_CCC_set=
ac_cv_env_CCC_value=
ac_cv_env_CC_set=
ac_cv_env_CC_value=
ac_cv_env_CFLAGS_set=
ac_cv_env_CFLAGS_value=
ac_cv_env_CPPFLAGS_set=
ac_cv_env_CPPFLAGS_value=
ac_cv_env_CPP_set=
ac_cv_env_CPP_value=
ac_cv_env_CXXCPP_set=
ac_cv_env_CXXCPP_value=
ac_cv_env_CXXFLAGS_set=
ac_cv_env_CXXFLAGS_value=
ac_cv_env_CXX_set=
ac_cv_env_CXX_value=
ac_cv_env_LDFLAGS_set=
ac_cv_env_LDFLAGS_value=
ac_cv_env_LIBS_set=
ac_cv_env_LIBS_value=
ac_cv_env_build_alias_set=
ac_cv_env_build_alias_value=
ac_cv_env_host_alias_set=
ac_cv_env_host_alias_value=
ac_cv_env_target_alias_set=
ac_cv_env_target_alias_value=
ac_cv_func_argz_add=yes
ac_cv_func_argz_append=yes
ac_cv_func_argz_count=yes
ac_cv_func_argz_create_sep=yes
ac_cv_func_argz_insert=yes
ac_cv_func_argz_next=yes
ac_cv_func_argz_stringify=yes
ac_cv_func_closedir=yes
ac_cv_func_dlerror=yes
ac_cv_func_dlopen=no
ac_cv_func_opendir=yes
ac_cv_func_readdir=yes
ac_cv_func_shl_load=no
ac_cv_func_strlcat=no
ac_cv_func_strlcpy=no
ac_cv_header_DRAMSim_h=no
ac_cv_header_FlashDIMM_h=no
ac_cv_header_Gem5Wrapper_h=no
ac_cv_header_HMCSim_h=no
ac_cv_header_HybridSim_h=no
ac_cv_header_NVDIMM_h=no
ac_cv_header_Vault_h=no
ac_cv_header_argz_h=yes
ac_cv_header_dirent_h=yes
ac_cv_header_dl_h=no
ac_cv_header_dld_h=no
ac_cv_header_dlfcn_h=yes
ac_cv_header_dumpi_libundumpi_libundumpi_h=no
ac_cv_header_glpk_h=no
ac_cv_header_hmc_sim_h=no
ac_cv_header_inttypes_h=yes
ac_cv_header_ltdl_h=no
ac_cv_header_mach_o_dyld_h=no
ac_cv_header_memory_h=yes
ac_cv_header_metis_h=no
ac_cv_header_stdc=yes
ac_cv_header_stdint_h=yes
ac_cv_header_stdlib_h=yes
ac_cv_header_string_h=yes
ac_cv_header_strings_h=yes
ac_cv_header_sys_dl_h=no
ac_cv_header_sys_stat_h=yes
ac_cv_header_sys_types_h=yes
ac_cv_header_systemc_h=no
ac_cv_header_time=yes
ac_cv_header_unistd_h=yes
ac_cv_header_zlib_h=no
ac_cv_host=x86_64-unknown-linux-gnu
ac_cv_lib_dl_dlopen=yes
ac_cv_lib_dld_dld_link=no
ac_cv_lib_dld_shl_load=no
ac_cv_lib_dramsim_libdramsim_is_present=no
ac_cv_lib_fdsim_main=no
ac_cv_lib_glpk_glp_create_prob=no
ac_cv_lib_hmcsim_hmcsim_clock=no
ac_cv_lib_hybridsim_libhybridsim_is_present=no
ac_cv_lib_metis_METIS_NodeNDP=no
ac_cv_lib_nvdsim_main=no
ac_cv_lib_phx_vault_is_present=no
ac_cv_lib_ramulator_libramulator_is_present=no
ac_cv_lib_undumpi_undumpi_open=no
ac_cv_lib_z_gzopen=no
ac_cv_objext=o
ac_cv_path_EGREP='/usr/bin/grep -E'
ac_cv_path_FGREP='/usr/bin/grep -F'
ac_cv_path_GREP=/usr/bin/grep
ac_cv_path_SED=/usr/bin/sed
ac_cv_path_SST_CONFIG_TOOL=/home/karamati/local/sstcore-7.1.0/bin/sst-config
ac_cv_path_SST_REGISTER_TOOL=/home/karamati/local/sstcore-7.1.0/bin/sst-register
ac_cv_path_install='/usr/bin/install -c'
ac_cv_path_mkdir=/usr/bin/mkdir
ac_cv_prog_AWK=gawk
ac_cv_prog_CPP='gcc -std=gnu99 -E'
ac_cv_prog_CXXCPP='g++ -E'
ac_cv_prog_ac_ct_AR=ar
ac_cv_prog_ac_ct_CC=gcc
ac_cv_prog_ac_ct_CXX=g++
ac_cv_prog_ac_ct_OBJDUMP=objdump
ac_cv_prog_ac_ct_RANLIB=ranlib
ac_cv_prog_ac_ct_STRIP=strip
ac_cv_prog_cc_c89=
ac_cv_prog_cc_c99=-std=gnu99
ac_cv_prog_cc_g=yes
ac_cv_prog_cc_gcc_c_o=yes
ac_cv_prog_cxx_g=yes
ac_cv_prog_make_make_set=yes
ac_cv_search_dlopen=-ldl
ac_cv_search_shm_open=-lrt
ac_cv_type_error_t=yes
am_cv_CC_dependencies_compiler_type=gcc3
am_cv_CXX_dependencies_compiler_type=gcc3
am_cv_make_support_nested_variables=yes
am_cv_prog_tar_pax=gnutar
libltdl_cv_lib_dl_dlopen=yes
libltdl_cv_preloaded_symbols=yes
libltdl_cv_shlibext=.so
libltdl_cv_shrext=.so
lt_cv_ar_at_file=@
lt_cv_archive_cmds_need_lc=no
lt_cv_deplibs_check_method=pass_all
lt_cv_dlopen=dlopen
lt_cv_dlopen_libs=-ldl
lt_cv_dlopen_self=yes
lt_cv_dlopen_self_static=yes
lt_cv_file_magic_cmd='$MAGIC_CMD'
lt_cv_file_magic_test_file=
lt_cv_ld_reload_flag=-r
lt_cv_module_path_var=LD_LIBRARY_PATH
lt_cv_nm_interface='BSD nm'
lt_cv_objdir=.libs
lt_cv_path_LD=/usr/bin/ld
lt_cv_path_LDCXX='/usr/bin/ld -m elf_x86_64'
lt_cv_path_NM='/usr/bin/nm -B'
lt_cv_path_mainfest_tool=no
lt_cv_prog_compiler_c_o=yes
lt_cv_prog_compiler_c_o_CXX=yes
lt_cv_prog_compiler_pic='-fPIC -DPIC'
lt_cv_prog_compiler_pic_CXX='-fPIC -DPIC'
lt_cv_prog_compiler_pic_works=yes
lt_cv_prog_compiler_pic_works_CXX=yes
lt_cv_prog_compiler_rtti_exceptions=no
lt_cv_prog_compiler_static_works=no
lt_cv_prog_compiler_static_works_CXX=no
lt_cv_prog_gnu_ld=yes
lt_cv_prog_gnu_ldcxx=yes
lt_cv_sharedlib_from_linklib_cmd='printf %s\n'
lt_cv_shlibpath_overrides_runpath=no
lt_cv_sys_argz_works=yes
lt_cv_sys_dlopen_deplibs=yes
lt_cv_sys_dlsearch_path='/lib64 /usr/lib64 /lib /usr/lib /usr/lib64/atlas /usr/lib64/mysql '
lt_cv_sys_global_symbol_pipe='sed -n -e '\''s/^.*[	 ]\([ABCDGIRSTW][ABCDGIRSTW]*\)[	 ][	 ]*\([_A-Za-z][_A-Za-z0-9]*\)$/\1 \2 \2/p'\'' | sed '\''/ __gnu_lto/d'\'''
lt_cv_sys_global_symbol_to_c_name_address='sed -n -e '\''s/^: \([^ ]*\)[ ]*$/  {\"\1\", (void *) 0},/p'\'' -e '\''s/^[ABCDGIRSTW]* \([^ ]*\) \([^ ]*\)$/  {"\2", (void *) \&\2},/p'\'''
lt_cv_sys_global_symbol_to_c_name_address_lib_prefix='sed -n -e '\''s/^: \([^ ]*\)[ ]*$/  {\"\1\", (void *) 0},/p'\'' -e '\''s/^[ABCDGIRSTW]* \([^ ]*\) \(lib[^ ]*\)$/  {"\2", (void *) \&\2},/p'\'' -e '\''s/^[ABCDGIRSTW]* \([^ ]*\) \([^ ]*\)$/  {"lib\2", (void *) \&\2},/p'\'''
lt_cv_sys_global_symbol_to_cdecl='sed -n -e '\''s/^T .* \(.*\)$/extern int \1();/p'\'' -e '\''s/^[ABCDGIRSTW]* .* \(.*\)$/extern char \1;/p'\'''
lt_cv_sys_max_cmd_len=1572864
lt_cv_sys_symbol_underscore=no
lt_cv_to_host_file_cmd=func_convert_file_noop
lt_cv_to_tool_file_cmd=func_convert_file_noop

## ----------------- ##
## Output variables. ##
## ----------------- ##

ACLOCAL='${SHELL} /home/karamati/scratch/src/sst-elements-library-7.1.0/config/missing aclocal-1.13'
AMDEPBACKSLASH='\'
AMDEP_FALSE='#'
AMDEP_TRUE=''
AMTAR='$${TAR-tar}'
AM_BACKSLASH='\'
AM_DEFAULT_V='$(AM_DEFAULT_VERBOSITY)'
AM_DEFAULT_VERBOSITY='0'
AM_V='$(V)'
AR='ar'
ARGZ_H=''
AUTOCONF='${SHELL} /home/karamati/scratch/src/sst-elements-library-7.1.0/config/missing autoconf'
AUTOHEADER='${SHELL} /home/karamati/scratch/src/sst-elements-library-7.1.0/config/missing autoheader'
AUTOMAKE='${SHELL} /home/karamati/scratch/src/sst-elements-library-7.1.0/config/missing automake-1.13'
AWK='gawk'
BOOST_LIB_SUFFIX=''
CC='gcc -std=gnu99'
CCDEPMODE='depmode=gcc3'
CC_VERSION='gcc (GCC) 4.8.5 20150623 (Red Hat 4.8.5-11)'
CFLAGS='-g -O2  '
CONVENIENCE_LTDL_FALSE='#'
CONVENIENCE_LTDL_TRUE=''
CPP='gcc -std=gnu99 -E'
CPPFLAGS='  -I/usr/include/python2.7 -I/usr/include/python2.7  -I/home/karamati/local/sstcore-7.1.0/include/sst/core -I/home/karamati/local/sstcore-7.1.0/include'
CXX='g++'
CXXCPP='g++ -E'
CXXDEPMODE='depmode=gcc3'
CXXFLAGS='-g -O2  -std=c++1y -D__STDC_FORMAT_MACROS '
CYGPATH_W='echo'
DEFS='-DHAVE_CONFIG_H'
DEPDIR='.deps'
DLLTOOL='false'
DRAMSIM_CPPFLAGS=''
DRAMSIM_LDFLAGS=''
DRAMSIM_LIB=''
DRAMSIM_LIBDIR=''
DSYMUTIL=''
DUMPBIN=''
DUMPI_CPPFLAGS=''
DUMPI_LDFLAGS=''
DUMPI_LIB=''
ECHO_C=''
ECHO_N='-n'
ECHO_T=''
EGREP='/usr/bin/grep -E'
EXEEXT=''
FDSIM_CPPFLAGS=''
FDSIM_CXXFLAGS=''
FDSIM_LDFLAGS=''
FDSIM_LIB=''
FDSIM_LIBDIR=''
FGREP='/usr/bin/grep -F'
GLPK_CPPFLAGS=''
GLPK_LDFLAGS=''
GLPK_LIB=''
GLPK_LIBDIR=''
GOBLIN_HMCSIM_CPPFLAGS=''
GOBLIN_HMCSIM_LDFLAGS=''
GOBLIN_HMCSIM_LIB=''
GOBLIN_HMCSIM_LIBDIR=''
GREP='/usr/bin/grep'
HAVE_DRAMSIM_FALSE=''
HAVE_DRAMSIM_TRUE='#'
HAVE_FDSIM_FALSE=''
HAVE_FDSIM_TRUE='#'
HAVE_GLPK_FALSE=''
HAVE_GLPK_TRUE='#'
HAVE_HYBRIDSIM_FALSE=''
HAVE_HYBRIDSIM_TRUE='#'
HAVE_LIBPHX_FALSE=''
HAVE_LIBPHX_TRUE='#'
HAVE_METIS_FALSE=''
HAVE_METIS_TRUE='#'
HAVE_NVDIMMSIM_FALSE=''
HAVE_NVDIMMSIM_TRUE='#'
HAVE_PINTOOL_FALSE=''
HAVE_PINTOOL_TRUE='#'
HAVE_RAMULATOR_FALSE=''
HAVE_RAMULATOR_TRUE='#'
HAVE_SET_PTRACER='1'
HAVE_SET_PTRACER_FALSE='#'
HAVE_SET_PTRACER_TRUE=''
HAVE_SHM_FALSE='#'
HAVE_SHM_TRUE=''
HAVE_SST_SYSTEMC_FALSE=''
HAVE_SST_SYSTEMC_TRUE='#'
HYBRIDSIM_CPPFLAGS=''
HYBRIDSIM_LDFLAGS=''
HYBRIDSIM_LIB=''
HYBRIDSIM_LIBDIR=''
INCLTDL='-I${top_srcdir}/src/libltdl'
INSTALL_DATA='${INSTALL} -m 644'
INSTALL_LTDL_FALSE=''
INSTALL_LTDL_TRUE='#'
INSTALL_PROGRAM='${INSTALL}'
INSTALL_SCRIPT='${INSTALL}'
INSTALL_STRIP_PROGRAM='$(install_sh) -c -s'
LD='/usr/bin/ld -m elf_x86_64'
LDFLAGS='   -lpthread -ldl -lutil -lm -lpython2.7 -Xlinker -export-dynamic'
LIBADD_DL='-ldl '
LIBADD_DLD_LINK=''
LIBADD_DLOPEN='-ldl'
LIBADD_SHL_LOAD=''
LIBLTDL='${top_build_prefix}src/libltdl/libltdlc.la'
LIBOBJS=''
LIBPHX_CPPFLAGS=''
LIBPHX_LDFLAGS=''
LIBPHX_LIB=''
LIBPHX_LIBDIR=''
LIBS='-ldl   -ldl '
LIBTOOL='$(SHELL) $(top_builddir)/libtool'
LIBZ_CPPFLAGS=''
LIBZ_LDFLAGS=''
LIBZ_LIB=''
LIPO=''
LN_S='ln -s'
LTDLDEPS='${top_build_prefix}src/libltdl/libltdlc.la'
LTDLINCL='-I${top_srcdir}/src/libltdl'
LTDLOPEN='libltdl'
LTLIBOBJS=''
LT_CONFIG_H='src/sst_element_config.h'
LT_DLLOADERS=' dlopen.la'
LT_DLPREOPEN='-dlpreopen dlopen.la '
MAKEINFO='${SHELL} /home/karamati/scratch/src/sst-elements-library-7.1.0/config/missing makeinfo'
MANIFEST_TOOL=':'
METIS_CPPFLAGS=''
METIS_LDFLAGS=''
METIS_LIB=''
METIS_LIBDIR=''
MICRON_HMCSIM_CPPFLAGS='  -I/usr/include/python2.7 -I/usr/include/python2.7  -I/home/karamati/local/sstcore-7.1.0/include/sst/core -I/home/karamati/local/sstcore-7.1.0/include '
MICRON_HMCSIM_LDFLAGS='   -lpthread -ldl -lutil -lm -lpython2.7 -Xlinker -export-dynamic  -L'
MICRON_HMCSIM_LIBDIR=''
MICRON_HMCSIM_LIBS='-lhmcsim '
MKDIR_P='/usr/bin/mkdir -p'
NM='/usr/bin/nm -B'
NMEDIT=''
NVDIMMSIM_CPPFLAGS=''
NVDIMMSIM_CXXFLAGS=''
NVDIMMSIM_LDFLAGS=''
NVDIMMSIM_LIB=''
NVDIMMSIM_LIBDIR=''
OBJDUMP='objdump'
OBJEXT='o'
OTF_CONFIG_TOOL=''
OTF_CPPFLAGS=''
OTF_LDFLAGS=''
OTF_PATH=''
OTOOL64=''
OTOOL=''
PACKAGE='sst-elements-library'
PACKAGE_BUGREPORT='sst@sandia.gov'
PACKAGE_NAME='SST Elements Library'
PACKAGE_STRING='SST Elements Library 7.1.0'
PACKAGE_TARNAME='sst-elements-library'
PACKAGE_URL=''
PACKAGE_VERSION='7.1.0'
PATH_SEPARATOR=':'
PINTOOL_CPPFLAGS=' -DPINTOOL_EXECUTABLE=""""'
PINTOOL_DIR=''
PINTOOL_LDFLAGS=''
PINTOOL_PATH='/home/karamati/local/sstcore-7.1.0/bin:/home/karamati/local/packages/OpenMPI-1.8.8/bin:/home/karamati/local/sstelements-7.1.0/bin:/home/karamati/local/sstcore-7.1.0/bin:/usr/local/bin:/usr/bin:/usr/local/sbin:/usr/sbin:/home/karamati/.local/bin:/home/karamati/bin'
PINTOOL_RUNTIME=''
RAMULATOR_CPPFLAGS=''
RAMULATOR_LDFLAGS=''
RAMULATOR_LIB=''
RAMULATOR_LIBDIR=''
RANLIB='ranlib'
SED='/usr/bin/sed'
SET_MAKE=''
SHELL='/bin/sh'
SHM_LIB='-lrt -ldl   -ldl '
SSTELEMENTS_GIT_BRANCH='N/A'
SSTELEMENTS_GIT_COMMITCOUNT='0'
SSTELEMENTS_GIT_HEADSHA='7.1.0'
SST_ACTIVE_ELEMENT_LIBRARIES=' cacheTracer cassini CramSim ember firefly hermes memHierarchy merlin Messier miranda prospero Samba scheduler simpleElementExample simpleSimulation thornhill VaultSimC zodiac'
SST_COMPILE_OSX_FALSE=''
SST_COMPILE_OSX_TRUE='#'
SST_CONFIG_TOOL='/home/karamati/local/sstcore-7.1.0/bin/sst-config'
SST_DIST_ELEMENT_LIBRARIES=' ariel cacheTracer cassini CramSim ember firefly hermes HMC memHierarchy merlin Messier miranda prospero Samba scheduler simpleElementExample simpleSimulation SysC thornhill VaultSimC zodiac'
SST_PREFIX='/home/karamati/local/sstcore-7.1.0'
SST_REGISTER_TOOL='/home/karamati/local/sstcore-7.1.0/bin/sst-register'
SST_SYSTEMC_CPPFLAGS=''
SST_SYSTEMC_LDFLAGS=''
SST_SYSTEMC_LIB=''
SST_SYSTEMC_LIBDIR=''
STRIP='strip'
USE_DUMPI_FALSE=''
USE_DUMPI_TRUE='#'
USE_EMBER_CONTEXTS_FALSE=''
USE_EMBER_CONTEXTS_TRUE='#'
USE_GOBLIN_HMCSIM_FALSE=''
USE_GOBLIN_HMCSIM_TRUE='#'
USE_LIBZ_FALSE=''
USE_LIBZ_TRUE='#'
USE_OTF_FALSE=''
USE_OTF_TRUE='#'
VERSION='7.1.0'
ac_ct_AR='ar'
ac_ct_CC='gcc'
ac_ct_CXX='g++'
ac_ct_DUMPBIN=''
am__EXEEXT_FALSE=''
am__EXEEXT_TRUE='#'
am__fastdepCC_FALSE='#'
am__fastdepCC_TRUE=''
am__fastdepCXX_FALSE='#'
am__fastdepCXX_TRUE=''
am__include='include'
am__isrc=''
am__leading_dot='.'
am__nodep='_no'
am__quote=''
am__tar='tar --format=posix -chf - "$$tardir"'
am__untar='tar -xf -'
bindir='${exec_prefix}/bin'
build='x86_64-unknown-linux-gnu'
build_alias=''
build_cpu='x86_64'
build_os='linux-gnu'
build_vendor='unknown'
datadir='${datarootdir}'
datarootdir='${prefix}/share'
docdir='${datarootdir}/doc/${PACKAGE_TARNAME}'
dvidir='${docdir}'
exec_prefix='${prefix}'
host='x86_64-unknown-linux-gnu'
host_alias=''
host_cpu='x86_64'
host_os='linux-gnu'
host_vendor='unknown'
htmldir='${docdir}'
includedir='${prefix}/include'
infodir='${datarootdir}/info'
install_sh='${SHELL} /home/karamati/scratch/src/sst-elements-library-7.1.0/config/install-sh'
libdir='${exec_prefix}/lib'
libexecdir='${exec_prefix}/libexec'
localedir='${datarootdir}/locale'
localstatedir='${prefix}/var'
ltdl_LIBOBJS=' lt__strl.o'
ltdl_LTLIBOBJS=' lt__strl.lo'
mandir='${datarootdir}/man'
mkdir_p='$(MKDIR_P)'
oldincludedir='/usr/include'
pdfdir='${docdir}'
prefix='sst_check_'
program_transform_name='s,x,x,'
psdir='${docdir}'
sbindir='${exec_prefix}/sbin'
sharedstatedir='${prefix}/com'
sys_symbol_underscore='no'
sysconfdir='${prefix}/etc'
target_alias=''

## ----------- ##
## confdefs.h. ##
## ----------- ##

/* confdefs.h */
#define PACKAGE_NAME "SST Elements Library"
#define PACKAGE_TARNAME "sst-elements-library"
#define PACKAGE_VERSION "7.1.0"
#define PACKAGE_STRING "SST Elements Library 7.1.0"
#define PACKAGE_BUGREPORT "sst@sandia.gov"
#define PACKAGE_URL ""
#define TIME_WITH_SYS_TIME 1
#define STDC_HEADERS 1
#define HAVE_SYS_TYPES_H 1
#define HAVE_SYS_STAT_H 1
#define HAVE_STDLIB_H 1
#define HAVE_STRING_H 1
#define HAVE_MEMORY_H 1
#define HAVE_STRINGS_H 1
#define HAVE_INTTYPES_H 1
#define HAVE_STDINT_H 1
#define HAVE_UNISTD_H 1
#define HAVE_DLFCN_H 1
#define LT_OBJDIR ".libs/"
#define LT_MODULE_EXT ".so"
#define LT_MODULE_PATH_VAR "LD_LIBRARY_PATH"
#define LT_DLSEARCH_PATH "/lib64:/usr/lib64:/lib:/usr/lib:/usr/lib64/atlas:/usr/lib64/mysql"
#define HAVE_LIBDL 1
#define HAVE_DLERROR 1
#define HAVE_LIBDLLOADER 1
#define HAVE_ARGZ_H 1
#define HAVE_ERROR_T 1
#define HAVE_ARGZ_ADD 1
#define HAVE_ARGZ_APPEND 1
#define HAVE_ARGZ_COUNT 1
#define HAVE_ARGZ_CREATE_SEP 1
#define HAVE_ARGZ_INSERT 1
#define HAVE_ARGZ_NEXT 1
#define HAVE_ARGZ_STRINGIFY 1
#define HAVE_WORKING_ARGZ 1
#define HAVE_PRELOADED_SYMBOLS 1
#define HAVE_UNISTD_H 1
#define HAVE_DIRENT_H 1
#define HAVE_CLOSEDIR 1
#define HAVE_OPENDIR 1
#define HAVE_READDIR 1
#define LT_LIBEXT "a"
#define LT_LIBPREFIX "lib"
#define TIME_WITH_SYS_TIME 1
#define PINTOOL_EXECUTABLE ""
#define HAVE_SHM 1
#define SST_SYSTEMC_LIBDIR ""
#define RAMULATOR_LIBDIR ""
#define DRAMSIM_LIBDIR ""
#define HYBRIDSIM_LIBDIR ""
#define GOBLIN_HMCSIM_LIBDIR ""
#define NVDIMMSIM_LIBDIR ""
#define FDSIM_LIBDIR ""
#define PINTOOL_EXECUTABLE ""
#define HAVE_SHM 1
#define METIS_LIBDIR ""
#define GLPK_LIBDIR ""
#define SST_SYSTEMC_LIBDIR ""
#define LIBPHX_LIBDIR ""
#define SSTELEMENTS_GIT_BRANCH "N/A"
#define SSTELEMENTS_GIT_HEADSHA "7.1.0"
#define SSTELEMENTS_GIT_COMMITCOUNT "0"

configure: exit 0
